{"numFailedTestSuites":6,"numFailedTests":19,"numPassedTestSuites":37,"numPassedTests":330,"numPendingTestSuites":0,"numPendingTests":0,"numRuntimeErrorTestSuites":0,"numTodoTests":0,"numTotalTestSuites":43,"numTotalTests":349,"openHandles":[],"snapshot":{"added":0,"didUpdate":false,"failure":false,"filesAdded":0,"filesRemoved":0,"filesRemovedList":[],"filesUnmatched":0,"filesUpdated":0,"matched":0,"total":0,"unchecked":0,"uncheckedKeysByFile":[],"unmatched":0,"updated":0},"startTime":1752748015381,"success":false,"testResults":[{"assertionResults":[{"ancestorTitles":["ThemeContext"],"failureMessages":[],"fullName":"ThemeContext should provide initial theme state as light","location":null,"status":"passed","title":"should provide initial theme state as light"},{"ancestorTitles":["ThemeContext"],"failureMessages":[],"fullName":"ThemeContext should load theme from localStorage","location":null,"status":"passed","title":"should load theme from localStorage"},{"ancestorTitles":["ThemeContext"],"failureMessages":["Error: \u001b[2mexpect(\u001b[22m\u001b[31mreceived\u001b[39m\u001b[2m).\u001b[22mtoBe\u001b[2m(\u001b[22m\u001b[32mexpected\u001b[39m\u001b[2m) // Object.is equality\u001b[22m\n\nExpected: \u001b[32m\"dark\"\u001b[39m\nReceived: \u001b[31m\"light\"\u001b[39m\n    at Object.<anonymous> (/Users/sarperhorata/buzz2remote/frontend/src/__tests__/unit/ThemeContext.test.tsx:71:34)\n    at Promise.then.completed (/Users/sarperhorata/buzz2remote/frontend/node_modules/jest-circus/build/utils.js:391:28)\n    at new Promise (<anonymous>)\n    at callAsyncCircusFn (/Users/sarperhorata/buzz2remote/frontend/node_modules/jest-circus/build/utils.js:316:10)\n    at _callCircusTest (/Users/sarperhorata/buzz2remote/frontend/node_modules/jest-circus/build/run.js:218:40)\n    at processTicksAndRejections (node:internal/process/task_queues:95:5)\n    at _runTest (/Users/sarperhorata/buzz2remote/frontend/node_modules/jest-circus/build/run.js:155:3)\n    at _runTestsForDescribeBlock (/Users/sarperhorata/buzz2remote/frontend/node_modules/jest-circus/build/run.js:66:9)\n    at _runTestsForDescribeBlock (/Users/sarperhorata/buzz2remote/frontend/node_modules/jest-circus/build/run.js:60:9)\n    at run (/Users/sarperhorata/buzz2remote/frontend/node_modules/jest-circus/build/run.js:25:3)\n    at runAndTransformResultsToJestFormat (/Users/sarperhorata/buzz2remote/frontend/node_modules/jest-circus/build/legacy-code-todo-rewrite/jestAdapterInit.js:170:21)\n    at jestAdapter (/Users/sarperhorata/buzz2remote/frontend/node_modules/jest-circus/build/legacy-code-todo-rewrite/jestAdapter.js:82:19)\n    at runTestInternal (/Users/sarperhorata/buzz2remote/frontend/node_modules/jest-runner/build/runTest.js:389:16)\n    at runTest (/Users/sarperhorata/buzz2remote/frontend/node_modules/jest-runner/build/runTest.js:475:34)\n    at Object.worker (/Users/sarperhorata/buzz2remote/frontend/node_modules/jest-runner/build/testWorker.js:133:12)"],"fullName":"ThemeContext should toggle theme from light to dark","location":null,"status":"failed","title":"should toggle theme from light to dark"},{"ancestorTitles":["ThemeContext"],"failureMessages":[],"fullName":"ThemeContext should toggle theme from dark to light","location":null,"status":"passed","title":"should toggle theme from dark to light"},{"ancestorTitles":["ThemeContext"],"failureMessages":[],"fullName":"ThemeContext should apply theme to document","location":null,"status":"passed","title":"should apply theme to document"},{"ancestorTitles":["ThemeContext"],"failureMessages":[],"fullName":"ThemeContext should apply dark theme to document","location":null,"status":"passed","title":"should apply dark theme to document"},{"ancestorTitles":["ThemeContext"],"failureMessages":["Error: \u001b[2mexpect(\u001b[22m\u001b[31mjest.fn()\u001b[39m\u001b[2m).\u001b[22mtoHaveBeenCalledWith\u001b[2m(\u001b[22m\u001b[32m...expected\u001b[39m\u001b[2m)\u001b[22m\n\nExpected: \u001b[32m\"theme\"\u001b[39m, \u001b[32m\"light\"\u001b[39m\nReceived\n       1: \u001b[2m\"theme\"\u001b[22m, \u001b[31m\"dark\"\u001b[39m\n       2: \u001b[2m\"theme\"\u001b[22m, \u001b[31m\"dark\"\u001b[39m\n\nNumber of calls: \u001b[31m2\u001b[39m\n    at Object.<anonymous> (/Users/sarperhorata/buzz2remote/frontend/src/__tests__/unit/ThemeContext.test.tsx:127:38)\n    at Promise.then.completed (/Users/sarperhorata/buzz2remote/frontend/node_modules/jest-circus/build/utils.js:391:28)\n    at new Promise (<anonymous>)\n    at callAsyncCircusFn (/Users/sarperhorata/buzz2remote/frontend/node_modules/jest-circus/build/utils.js:316:10)\n    at _callCircusTest (/Users/sarperhorata/buzz2remote/frontend/node_modules/jest-circus/build/run.js:218:40)\n    at processTicksAndRejections (node:internal/process/task_queues:95:5)\n    at _runTest (/Users/sarperhorata/buzz2remote/frontend/node_modules/jest-circus/build/run.js:155:3)\n    at _runTestsForDescribeBlock (/Users/sarperhorata/buzz2remote/frontend/node_modules/jest-circus/build/run.js:66:9)\n    at _runTestsForDescribeBlock (/Users/sarperhorata/buzz2remote/frontend/node_modules/jest-circus/build/run.js:60:9)\n    at run (/Users/sarperhorata/buzz2remote/frontend/node_modules/jest-circus/build/run.js:25:3)\n    at runAndTransformResultsToJestFormat (/Users/sarperhorata/buzz2remote/frontend/node_modules/jest-circus/build/legacy-code-todo-rewrite/jestAdapterInit.js:170:21)\n    at jestAdapter (/Users/sarperhorata/buzz2remote/frontend/node_modules/jest-circus/build/legacy-code-todo-rewrite/jestAdapter.js:82:19)\n    at runTestInternal (/Users/sarperhorata/buzz2remote/frontend/node_modules/jest-runner/build/runTest.js:389:16)\n    at runTest (/Users/sarperhorata/buzz2remote/frontend/node_modules/jest-runner/build/runTest.js:475:34)\n    at Object.worker (/Users/sarperhorata/buzz2remote/frontend/node_modules/jest-runner/build/testWorker.js:133:12)"],"fullName":"ThemeContext should persist theme changes to localStorage","location":null,"status":"failed","title":"should persist theme changes to localStorage"},{"ancestorTitles":["ThemeContext"],"failureMessages":[],"fullName":"ThemeContext should handle invalid localStorage values","location":null,"status":"passed","title":"should handle invalid localStorage values"},{"ancestorTitles":["ThemeContext"],"failureMessages":[],"fullName":"ThemeContext should handle localStorage errors gracefully","location":null,"status":"passed","title":"should handle localStorage errors gracefully"},{"ancestorTitles":["ThemeContext"],"failureMessages":[],"fullName":"ThemeContext should apply theme on initialization","location":null,"status":"passed","title":"should apply theme on initialization"}],"endTime":1752748017235,"message":"\u001b[1m\u001b[31m  \u001b[1m● \u001b[22m\u001b[1mThemeContext › should toggle theme from light to dark\u001b[39m\u001b[22m\n\n    \u001b[2mexpect(\u001b[22m\u001b[31mreceived\u001b[39m\u001b[2m).\u001b[22mtoBe\u001b[2m(\u001b[22m\u001b[32mexpected\u001b[39m\u001b[2m) // Object.is equality\u001b[22m\n\n    Expected: \u001b[32m\"dark\"\u001b[39m\n    Received: \u001b[31m\"light\"\u001b[39m\n\u001b[2m\u001b[22m\n\u001b[2m    \u001b[0m \u001b[90m 69 |\u001b[39m     act(() \u001b[33m=>\u001b[39m {\u001b[22m\n\u001b[2m     \u001b[90m 70 |\u001b[39m       result\u001b[33m.\u001b[39mcurrent\u001b[33m.\u001b[39mtoggleTheme()\u001b[33m;\u001b[39m\u001b[22m\n\u001b[2m    \u001b[31m\u001b[1m>\u001b[22m\u001b[2m\u001b[39m\u001b[90m 71 |\u001b[39m     })\u001b[33m;\u001b[39m\u001b[22m\n\u001b[2m     \u001b[90m    |\u001b[39m                  \u001b[31m\u001b[1m^\u001b[22m\u001b[2m\u001b[39m\u001b[22m\n\u001b[2m     \u001b[90m 72 |\u001b[39m\u001b[22m\n\u001b[2m     \u001b[90m 73 |\u001b[39m     expect(result\u001b[33m.\u001b[39mcurrent\u001b[33m.\u001b[39mtheme)\u001b[33m.\u001b[39mtoBe(\u001b[32m'light'\u001b[39m)\u001b[33m;\u001b[39m\u001b[22m\n\u001b[2m     \u001b[90m 74 |\u001b[39m     expect(localStorageMock\u001b[33m.\u001b[39msetItem)\u001b[33m.\u001b[39mtoHaveBeenCalledWith(\u001b[32m'theme'\u001b[39m\u001b[33m,\u001b[39m \u001b[32m'light'\u001b[39m)\u001b[33m;\u001b[39m\u001b[0m\u001b[22m\n\u001b[2m\u001b[22m\n\u001b[2m      \u001b[2mat Object.<anonymous> (\u001b[22m\u001b[2m\u001b[0m\u001b[36msrc/__tests__/unit/ThemeContext.test.tsx\u001b[39m\u001b[0m\u001b[2m:71:34)\u001b[22m\u001b[2m\u001b[22m\n\n\u001b[1m\u001b[31m  \u001b[1m● \u001b[22m\u001b[1mThemeContext › should persist theme changes to localStorage\u001b[39m\u001b[22m\n\n    \u001b[2mexpect(\u001b[22m\u001b[31mjest.fn()\u001b[39m\u001b[2m).\u001b[22mtoHaveBeenCalledWith\u001b[2m(\u001b[22m\u001b[32m...expected\u001b[39m\u001b[2m)\u001b[22m\n\n    Expected: \u001b[32m\"theme\"\u001b[39m, \u001b[32m\"light\"\u001b[39m\n    Received\n           1: \u001b[2m\"theme\"\u001b[22m, \u001b[31m\"dark\"\u001b[39m\n           2: \u001b[2m\"theme\"\u001b[22m, \u001b[31m\"dark\"\u001b[39m\n\n    Number of calls: \u001b[31m2\u001b[39m\n\u001b[2m\u001b[22m\n\u001b[2m    \u001b[0m \u001b[90m 125 |\u001b[39m   })\u001b[33m;\u001b[39m\u001b[22m\n\u001b[2m     \u001b[90m 126 |\u001b[39m\u001b[22m\n\u001b[2m    \u001b[31m\u001b[1m>\u001b[22m\u001b[2m\u001b[39m\u001b[90m 127 |\u001b[39m   it(\u001b[32m'should handle localStorage errors gracefully'\u001b[39m\u001b[33m,\u001b[39m () \u001b[33m=>\u001b[39m {\u001b[22m\n\u001b[2m     \u001b[90m     |\u001b[39m                                      \u001b[31m\u001b[1m^\u001b[22m\u001b[2m\u001b[39m\u001b[22m\n\u001b[2m     \u001b[90m 128 |\u001b[39m     localStorageMock\u001b[33m.\u001b[39mgetItem\u001b[33m.\u001b[39mmockImplementation(() \u001b[33m=>\u001b[39m {\u001b[22m\n\u001b[2m     \u001b[90m 129 |\u001b[39m       \u001b[36mthrow\u001b[39m \u001b[36mnew\u001b[39m \u001b[33mError\u001b[39m(\u001b[32m'Storage error'\u001b[39m)\u001b[33m;\u001b[39m\u001b[22m\n\u001b[2m     \u001b[90m 130 |\u001b[39m     })\u001b[33m;\u001b[39m\u001b[0m\u001b[22m\n\u001b[2m\u001b[22m\n\u001b[2m      \u001b[2mat Object.<anonymous> (\u001b[22m\u001b[2m\u001b[0m\u001b[36msrc/__tests__/unit/ThemeContext.test.tsx\u001b[39m\u001b[0m\u001b[2m:127:38)\u001b[22m\u001b[2m\u001b[22m\n","name":"/Users/sarperhorata/buzz2remote/frontend/src/__tests__/unit/ThemeContext.test.tsx","startTime":1752748016111,"status":"failed","summary":""},{"assertionResults":[{"ancestorTitles":["ForgotPassword"],"failureMessages":["TestingLibraryElementError: Unable to find an element with the text: Şifremi Unuttum. This could be because the text is broken up by multiple elements. In this case, you can provide a function for your text matcher to make your matcher more flexible.\n\nIgnored nodes: comments, script, style\n\u001b[36m<body>\u001b[39m\n  \u001b[36m<div>\u001b[39m\n    \u001b[36m<div\u001b[39m\n      \u001b[33mclass\u001b[39m=\u001b[32m\"min-h-screen bg-gradient-to-br from-orange-50 to-yellow-50 dark:from-gray-900 dark:to-gray-800 flex items-center justify-center py-12 px-4 sm:px-6 lg:px-8\"\u001b[39m\n    \u001b[36m>\u001b[39m\n      \u001b[36m<div\u001b[39m\n        \u001b[33mclass\u001b[39m=\u001b[32m\"max-w-md w-full space-y-8\"\u001b[39m\n      \u001b[36m>\u001b[39m\n        \u001b[36m<div\u001b[39m\n          \u001b[33mclass\u001b[39m=\u001b[32m\"text-center\"\u001b[39m\n        \u001b[36m>\u001b[39m\n          \u001b[36m<a\u001b[39m\n            \u001b[33mclass\u001b[39m=\u001b[32m\"inline-flex items-center text-orange-600 hover:text-orange-500 mb-6 transition-colors\"\u001b[39m\n            \u001b[33mhref\u001b[39m=\u001b[32m\"/login\"\u001b[39m\n          \u001b[36m>\u001b[39m\n            \u001b[36m<span\u001b[39m\n              \u001b[33mclass\u001b[39m=\u001b[32m\"inline-block w-4 h-4 mr-2\"\u001b[39m\n              \u001b[33mstyle\u001b[39m=\u001b[32m\"font-size: 16px;\"\u001b[39m\n            \u001b[36m>\u001b[39m\n              \u001b[0m⬅️\u001b[0m\n            \u001b[36m</span>\u001b[39m\n            \u001b[0mBack to Sign In\u001b[0m\n          \u001b[36m</a>\u001b[39m\n          \u001b[36m<div\u001b[39m\n            \u001b[33mclass\u001b[39m=\u001b[32m\"w-20 h-20 bg-gradient-to-r from-orange-500 to-yellow-500 rounded-full flex items-center justify-center mx-auto mb-6\"\u001b[39m\n          \u001b[36m>\u001b[39m\n            \u001b[36m<span\u001b[39m\n              \u001b[33mclass\u001b[39m=\u001b[32m\"inline-block w-10 h-10 text-white\"\u001b[39m\n              \u001b[33mstyle\u001b[39m=\u001b[32m\"font-size: 16px;\"\u001b[39m\n            \u001b[36m>\u001b[39m\n              \u001b[0m📧\u001b[0m\n            \u001b[36m</span>\u001b[39m\n          \u001b[36m</div>\u001b[39m\n          \u001b[36m<h2\u001b[39m\n            \u001b[33mclass\u001b[39m=\u001b[32m\"text-3xl font-bold text-gray-900 dark:text-white mb-2\"\u001b[39m\n          \u001b[36m>\u001b[39m\n            \u001b[0mForgot your password?\u001b[0m\n          \u001b[36m</h2>\u001b[39m\n          \u001b[36m<p\u001b[39m\n            \u001b[33mclass\u001b[39m=\u001b[32m\"text-gray-600 dark:text-gray-400\"\u001b[39m\n          \u001b[36m>\u001b[39m\n            \u001b[0mNo worries! Enter your email and we'll send you a reset link.\u001b[0m\n          \u001b[36m</p>\u001b[39m\n        \u001b[36m</div>\u001b[39m\n        \u001b[36m<form\u001b[39m\n          \u001b[33mclass\u001b[39m=\u001b[32m\"mt-8 space-y-6\"\u001b[39m\n        \u001b[36m>\u001b[39m\n          \u001b[36m<div>\u001b[39m\n            \u001b[36m<label\u001b[39m\n              \u001b[33mclass\u001b[39m=\u001b[32m\"block text-sm font-medium text-gray-700 dark:text-gray-300 mb-2\"\u001b[39m\n              \u001b[33mfor\u001b[39m=\u001b[32m\"email\"\u001b[39m\n            \u001b[36m>\u001b[39m\n              \u001b[0mEmail Address\u001b[0m\n            \u001b[36m</label>\u001b[39m\n            \u001b[36m<div\u001b[39m\n              \u001b[33mclass\u001b[39m=\u001b[32m\"relative\"\u001b[39m\n            \u001b[36m>\u001b[39m\n              \u001b[36m<div\u001b[39m\n                \u001b[33mclass\u001b[39m=\u001b[32m\"absolute inset-y-0 left-0 pl-3 flex items-center pointer-events-none\"\u001b[39m\n              \u001b[36m>\u001b[39m\n                \u001b[36m<span\u001b[39m\n                  \u001b[33mclass\u001b[39m=\u001b[32m\"inline-block h-5 w-5 text-gray-400\"\u001b[39m\n                  \u001b[33mstyle\u001b[39m=\u001b[32m\"font-size: 16px;\"\u001b[39m\n                \u001b[36m>\u001b[39m\n                  \u001b[0m📧\u001b[0m\n                \u001b[36m</span>\u001b[39m\n              \u001b[36m</div>\u001b[39m\n              \u001b[36m<input\u001b[39m\n                \u001b[33mautocomplete\u001b[39m=\u001b[32m\"email\"\u001b[39m\n                \u001b[33mclass\u001b[39m=\u001b[32m\"block w-full pl-10 pr-3 py-3 border border-gray-300 dark:border-gray-600 rounded-lg placeholder-gray-500 text-gray-900 dark:text-white dark:bg-gray-700 focus:outline-none focus:ring-2 focus:ring-orange-500 focus:border-transparent\"\u001b[39m\n                \u001b[33mid\u001b[39m=\u001b[32m\"email\"\u001b[39m\n                \u001b[33mname\u001b[39m=\u001b[32m\"email\"\u001b[39m\n                \u001b[33mplaceholder\u001b[39m=\u001b[32m\"Enter your email address\"\u001b[39m\n                \u001b[33mrequired\u001b[39m=\u001b[32m\"\"\u001b[39m\n                \u001b[33mtype\u001b[39m=\u001b[32m\"email\"\u001b[39m\n                \u001b[33mvalue\u001b[39m=\u001b[32m\"\"\u001b[39m\n              \u001b[36m/>\u001b[39m\n            \u001b[36m</div>\u001b[39m\n          \u001b[36m</div>\u001b[39m\n          \u001b[36m<button\u001b[39m\n            \u001b[33mclass\u001b[39m=\u001b[32m\"group relative w-full flex justify-center py-3 px-4 border border-transparent text-sm font-medium rounded-lg text-white bg-gradient-to-r from-orange-500 to-yellow-500 hover:from-orange-600 hover:to-yellow-600 focus:outline-none focus:ring-2 focus:ring-offset-2 focus:ring-orange-500 disabled:opacity-50 disabled:cursor-not-allowed transition-colors\"\u001b[39m\n            \u001b[33mtype\u001b[39m=\u001b[32m\"submit\"\u001b[39m\n          \u001b[36m>\u001b[39m\n            \u001b[0mSend Reset Link\u001b[0m\n          \u001b[36m</button>\u001b[39m\n          \u001b[36m<div\u001b[39m\n            \u001b[33mclass\u001b[39m=\u001b[32m\"text-center\"\u001b[39m\n          \u001b[36m>\u001b[39m\n            \u001b[36m<p\u001b[39m\n              \u001b[33mclass\u001b[39m=\u001b[32m\"text-sm text-gray-600 dark:text-gray-400\"\u001b[39m\n            \u001b[36m>\u001b[39m\n              \u001b[0mRemember your password?\u001b[0m\n              \u001b[0m \u001b[0m\n              \u001b[36m<a\u001b[39m\n                \u001b[33mclass\u001b[39m=\u001b[32m\"font-medium text-orange-600 hover:text-orange-500 transition-colors\"\u001b[39m\n                \u001b[33mhref\u001b[39m=\u001b[32m\"/login\"\u001b[39m\n              \u001b[36m>\u001b[39m\n                \u001b[0mSign in here\u001b[0m\n              \u001b[36m</a>\u001b[39m\n            \u001b[36m</p>\u001b[39m\n          \u001b[36m</div>\u001b[39m\n        \u001b[36m</form>\u001b[39m\n      \u001b[36m</div>\u001b[39m\n    \u001b[36m</div>\u001b[39m\n  \u001b[36m</div>\u001b[39m\n\u001b[36m</body>\u001b[39m\n    at Object.getElementError (/Users/sarperhorata/buzz2remote/frontend/node_modules/@testing-library/dom/dist/config.js:37:19)\n    at /Users/sarperhorata/buzz2remote/frontend/node_modules/@testing-library/dom/dist/query-helpers.js:76:38\n    at /Users/sarperhorata/buzz2remote/frontend/node_modules/@testing-library/dom/dist/query-helpers.js:52:17\n    at /Users/sarperhorata/buzz2remote/frontend/node_modules/@testing-library/dom/dist/query-helpers.js:95:19\n    at Object.<anonymous> (/Users/sarperhorata/buzz2remote/frontend/src/__tests__/pages/ForgotPassword.test.tsx:51:27)\n    at Promise.then.completed (/Users/sarperhorata/buzz2remote/frontend/node_modules/jest-circus/build/utils.js:391:28)\n    at new Promise (<anonymous>)\n    at callAsyncCircusFn (/Users/sarperhorata/buzz2remote/frontend/node_modules/jest-circus/build/utils.js:316:10)\n    at _callCircusTest (/Users/sarperhorata/buzz2remote/frontend/node_modules/jest-circus/build/run.js:218:40)\n    at processTicksAndRejections (node:internal/process/task_queues:95:5)\n    at _runTest (/Users/sarperhorata/buzz2remote/frontend/node_modules/jest-circus/build/run.js:155:3)\n    at _runTestsForDescribeBlock (/Users/sarperhorata/buzz2remote/frontend/node_modules/jest-circus/build/run.js:66:9)\n    at _runTestsForDescribeBlock (/Users/sarperhorata/buzz2remote/frontend/node_modules/jest-circus/build/run.js:60:9)\n    at run (/Users/sarperhorata/buzz2remote/frontend/node_modules/jest-circus/build/run.js:25:3)\n    at runAndTransformResultsToJestFormat (/Users/sarperhorata/buzz2remote/frontend/node_modules/jest-circus/build/legacy-code-todo-rewrite/jestAdapterInit.js:170:21)\n    at jestAdapter (/Users/sarperhorata/buzz2remote/frontend/node_modules/jest-circus/build/legacy-code-todo-rewrite/jestAdapter.js:82:19)\n    at runTestInternal (/Users/sarperhorata/buzz2remote/frontend/node_modules/jest-runner/build/runTest.js:389:16)\n    at runTest (/Users/sarperhorata/buzz2remote/frontend/node_modules/jest-runner/build/runTest.js:475:34)\n    at Object.worker (/Users/sarperhorata/buzz2remote/frontend/node_modules/jest-runner/build/testWorker.js:133:12)"],"fullName":"ForgotPassword should render forgot password form correctly","location":null,"status":"failed","title":"should render forgot password form correctly"},{"ancestorTitles":["ForgotPassword"],"failureMessages":["TestingLibraryElementError: Unable to find an element with the placeholder text of: your@email.com\n\nIgnored nodes: comments, script, style\n\u001b[36m<body>\u001b[39m\n  \u001b[36m<div>\u001b[39m\n    \u001b[36m<div\u001b[39m\n      \u001b[33mclass\u001b[39m=\u001b[32m\"min-h-screen bg-gradient-to-br from-orange-50 to-yellow-50 dark:from-gray-900 dark:to-gray-800 flex items-center justify-center py-12 px-4 sm:px-6 lg:px-8\"\u001b[39m\n    \u001b[36m>\u001b[39m\n      \u001b[36m<div\u001b[39m\n        \u001b[33mclass\u001b[39m=\u001b[32m\"max-w-md w-full space-y-8\"\u001b[39m\n      \u001b[36m>\u001b[39m\n        \u001b[36m<div\u001b[39m\n          \u001b[33mclass\u001b[39m=\u001b[32m\"text-center\"\u001b[39m\n        \u001b[36m>\u001b[39m\n          \u001b[36m<a\u001b[39m\n            \u001b[33mclass\u001b[39m=\u001b[32m\"inline-flex items-center text-orange-600 hover:text-orange-500 mb-6 transition-colors\"\u001b[39m\n            \u001b[33mhref\u001b[39m=\u001b[32m\"/login\"\u001b[39m\n          \u001b[36m>\u001b[39m\n            \u001b[36m<span\u001b[39m\n              \u001b[33mclass\u001b[39m=\u001b[32m\"inline-block w-4 h-4 mr-2\"\u001b[39m\n              \u001b[33mstyle\u001b[39m=\u001b[32m\"font-size: 16px;\"\u001b[39m\n            \u001b[36m>\u001b[39m\n              \u001b[0m⬅️\u001b[0m\n            \u001b[36m</span>\u001b[39m\n            \u001b[0mBack to Sign In\u001b[0m\n          \u001b[36m</a>\u001b[39m\n          \u001b[36m<div\u001b[39m\n            \u001b[33mclass\u001b[39m=\u001b[32m\"w-20 h-20 bg-gradient-to-r from-orange-500 to-yellow-500 rounded-full flex items-center justify-center mx-auto mb-6\"\u001b[39m\n          \u001b[36m>\u001b[39m\n            \u001b[36m<span\u001b[39m\n              \u001b[33mclass\u001b[39m=\u001b[32m\"inline-block w-10 h-10 text-white\"\u001b[39m\n              \u001b[33mstyle\u001b[39m=\u001b[32m\"font-size: 16px;\"\u001b[39m\n            \u001b[36m>\u001b[39m\n              \u001b[0m📧\u001b[0m\n            \u001b[36m</span>\u001b[39m\n          \u001b[36m</div>\u001b[39m\n          \u001b[36m<h2\u001b[39m\n            \u001b[33mclass\u001b[39m=\u001b[32m\"text-3xl font-bold text-gray-900 dark:text-white mb-2\"\u001b[39m\n          \u001b[36m>\u001b[39m\n            \u001b[0mForgot your password?\u001b[0m\n          \u001b[36m</h2>\u001b[39m\n          \u001b[36m<p\u001b[39m\n            \u001b[33mclass\u001b[39m=\u001b[32m\"text-gray-600 dark:text-gray-400\"\u001b[39m\n          \u001b[36m>\u001b[39m\n            \u001b[0mNo worries! Enter your email and we'll send you a reset link.\u001b[0m\n          \u001b[36m</p>\u001b[39m\n        \u001b[36m</div>\u001b[39m\n        \u001b[36m<form\u001b[39m\n          \u001b[33mclass\u001b[39m=\u001b[32m\"mt-8 space-y-6\"\u001b[39m\n        \u001b[36m>\u001b[39m\n          \u001b[36m<div>\u001b[39m\n            \u001b[36m<label\u001b[39m\n              \u001b[33mclass\u001b[39m=\u001b[32m\"block text-sm font-medium text-gray-700 dark:text-gray-300 mb-2\"\u001b[39m\n              \u001b[33mfor\u001b[39m=\u001b[32m\"email\"\u001b[39m\n            \u001b[36m>\u001b[39m\n              \u001b[0mEmail Address\u001b[0m\n            \u001b[36m</label>\u001b[39m\n            \u001b[36m<div\u001b[39m\n              \u001b[33mclass\u001b[39m=\u001b[32m\"relative\"\u001b[39m\n            \u001b[36m>\u001b[39m\n              \u001b[36m<div\u001b[39m\n                \u001b[33mclass\u001b[39m=\u001b[32m\"absolute inset-y-0 left-0 pl-3 flex items-center pointer-events-none\"\u001b[39m\n              \u001b[36m>\u001b[39m\n                \u001b[36m<span\u001b[39m\n                  \u001b[33mclass\u001b[39m=\u001b[32m\"inline-block h-5 w-5 text-gray-400\"\u001b[39m\n                  \u001b[33mstyle\u001b[39m=\u001b[32m\"font-size: 16px;\"\u001b[39m\n                \u001b[36m>\u001b[39m\n                  \u001b[0m📧\u001b[0m\n                \u001b[36m</span>\u001b[39m\n              \u001b[36m</div>\u001b[39m\n              \u001b[36m<input\u001b[39m\n                \u001b[33mautocomplete\u001b[39m=\u001b[32m\"email\"\u001b[39m\n                \u001b[33mclass\u001b[39m=\u001b[32m\"block w-full pl-10 pr-3 py-3 border border-gray-300 dark:border-gray-600 rounded-lg placeholder-gray-500 text-gray-900 dark:text-white dark:bg-gray-700 focus:outline-none focus:ring-2 focus:ring-orange-500 focus:border-transparent\"\u001b[39m\n                \u001b[33mid\u001b[39m=\u001b[32m\"email\"\u001b[39m\n                \u001b[33mname\u001b[39m=\u001b[32m\"email\"\u001b[39m\n                \u001b[33mplaceholder\u001b[39m=\u001b[32m\"Enter your email address\"\u001b[39m\n                \u001b[33mrequired\u001b[39m=\u001b[32m\"\"\u001b[39m\n                \u001b[33mtype\u001b[39m=\u001b[32m\"email\"\u001b[39m\n                \u001b[33mvalue\u001b[39m=\u001b[32m\"\"\u001b[39m\n              \u001b[36m/>\u001b[39m\n            \u001b[36m</div>\u001b[39m\n          \u001b[36m</div>\u001b[39m\n          \u001b[36m<button\u001b[39m\n            \u001b[33mclass\u001b[39m=\u001b[32m\"group relative w-full flex justify-center py-3 px-4 border border-transparent text-sm font-medium rounded-lg text-white bg-gradient-to-r from-orange-500 to-yellow-500 hover:from-orange-600 hover:to-yellow-600 focus:outline-none focus:ring-2 focus:ring-offset-2 focus:ring-orange-500 disabled:opacity-50 disabled:cursor-not-allowed transition-colors\"\u001b[39m\n            \u001b[33mtype\u001b[39m=\u001b[32m\"submit\"\u001b[39m\n          \u001b[36m>\u001b[39m\n            \u001b[0mSend Reset Link\u001b[0m\n          \u001b[36m</button>\u001b[39m\n          \u001b[36m<div\u001b[39m\n            \u001b[33mclass\u001b[39m=\u001b[32m\"text-center\"\u001b[39m\n          \u001b[36m>\u001b[39m\n            \u001b[36m<p\u001b[39m\n              \u001b[33mclass\u001b[39m=\u001b[32m\"text-sm text-gray-600 dark:text-gray-400\"\u001b[39m\n            \u001b[36m>\u001b[39m\n              \u001b[0mRemember your password?\u001b[0m\n              \u001b[0m \u001b[0m\n              \u001b[36m<a\u001b[39m\n                \u001b[33mclass\u001b[39m=\u001b[32m\"font-medium text-orange-600 hover:text-orange-500 transition-colors\"\u001b[39m\n                \u001b[33mhref\u001b[39m=\u001b[32m\"/login\"\u001b[39m\n              \u001b[36m>\u001b[39m\n                \u001b[0mSign in here\u001b[0m\n              \u001b[36m</a>\u001b[39m\n            \u001b[36m</p>\u001b[39m\n          \u001b[36m</div>\u001b[39m\n        \u001b[36m</form>\u001b[39m\n      \u001b[36m</div>\u001b[39m\n    \u001b[36m</div>\u001b[39m\n  \u001b[36m</div>\u001b[39m\n\u001b[36m</body>\u001b[39m\n    at Object.getElementError (/Users/sarperhorata/buzz2remote/frontend/node_modules/@testing-library/dom/dist/config.js:37:19)\n    at /Users/sarperhorata/buzz2remote/frontend/node_modules/@testing-library/dom/dist/query-helpers.js:76:38\n    at /Users/sarperhorata/buzz2remote/frontend/node_modules/@testing-library/dom/dist/query-helpers.js:52:17\n    at /Users/sarperhorata/buzz2remote/frontend/node_modules/@testing-library/dom/dist/query-helpers.js:95:19\n    at Object.<anonymous> (/Users/sarperhorata/buzz2remote/frontend/src/__tests__/pages/ForgotPassword.test.tsx:70:39)\n    at Promise.then.completed (/Users/sarperhorata/buzz2remote/frontend/node_modules/jest-circus/build/utils.js:391:28)\n    at new Promise (<anonymous>)\n    at callAsyncCircusFn (/Users/sarperhorata/buzz2remote/frontend/node_modules/jest-circus/build/utils.js:316:10)\n    at _callCircusTest (/Users/sarperhorata/buzz2remote/frontend/node_modules/jest-circus/build/run.js:218:40)\n    at processTicksAndRejections (node:internal/process/task_queues:95:5)\n    at _runTest (/Users/sarperhorata/buzz2remote/frontend/node_modules/jest-circus/build/run.js:155:3)\n    at _runTestsForDescribeBlock (/Users/sarperhorata/buzz2remote/frontend/node_modules/jest-circus/build/run.js:66:9)\n    at _runTestsForDescribeBlock (/Users/sarperhorata/buzz2remote/frontend/node_modules/jest-circus/build/run.js:60:9)\n    at run (/Users/sarperhorata/buzz2remote/frontend/node_modules/jest-circus/build/run.js:25:3)\n    at runAndTransformResultsToJestFormat (/Users/sarperhorata/buzz2remote/frontend/node_modules/jest-circus/build/legacy-code-todo-rewrite/jestAdapterInit.js:170:21)\n    at jestAdapter (/Users/sarperhorata/buzz2remote/frontend/node_modules/jest-circus/build/legacy-code-todo-rewrite/jestAdapter.js:82:19)\n    at runTestInternal (/Users/sarperhorata/buzz2remote/frontend/node_modules/jest-runner/build/runTest.js:389:16)\n    at runTest (/Users/sarperhorata/buzz2remote/frontend/node_modules/jest-runner/build/runTest.js:475:34)\n    at Object.worker (/Users/sarperhorata/buzz2remote/frontend/node_modules/jest-runner/build/testWorker.js:133:12)"],"fullName":"ForgotPassword should handle successful password reset request","location":null,"status":"failed","title":"should handle successful password reset request"},{"ancestorTitles":["ForgotPassword"],"failureMessages":["TestingLibraryElementError: Unable to find an element with the placeholder text of: your@email.com\n\nIgnored nodes: comments, script, style\n\u001b[36m<body>\u001b[39m\n  \u001b[36m<div>\u001b[39m\n    \u001b[36m<div\u001b[39m\n      \u001b[33mclass\u001b[39m=\u001b[32m\"min-h-screen bg-gradient-to-br from-orange-50 to-yellow-50 dark:from-gray-900 dark:to-gray-800 flex items-center justify-center py-12 px-4 sm:px-6 lg:px-8\"\u001b[39m\n    \u001b[36m>\u001b[39m\n      \u001b[36m<div\u001b[39m\n        \u001b[33mclass\u001b[39m=\u001b[32m\"max-w-md w-full space-y-8\"\u001b[39m\n      \u001b[36m>\u001b[39m\n        \u001b[36m<div\u001b[39m\n          \u001b[33mclass\u001b[39m=\u001b[32m\"text-center\"\u001b[39m\n        \u001b[36m>\u001b[39m\n          \u001b[36m<a\u001b[39m\n            \u001b[33mclass\u001b[39m=\u001b[32m\"inline-flex items-center text-orange-600 hover:text-orange-500 mb-6 transition-colors\"\u001b[39m\n            \u001b[33mhref\u001b[39m=\u001b[32m\"/login\"\u001b[39m\n          \u001b[36m>\u001b[39m\n            \u001b[36m<span\u001b[39m\n              \u001b[33mclass\u001b[39m=\u001b[32m\"inline-block w-4 h-4 mr-2\"\u001b[39m\n              \u001b[33mstyle\u001b[39m=\u001b[32m\"font-size: 16px;\"\u001b[39m\n            \u001b[36m>\u001b[39m\n              \u001b[0m⬅️\u001b[0m\n            \u001b[36m</span>\u001b[39m\n            \u001b[0mBack to Sign In\u001b[0m\n          \u001b[36m</a>\u001b[39m\n          \u001b[36m<div\u001b[39m\n            \u001b[33mclass\u001b[39m=\u001b[32m\"w-20 h-20 bg-gradient-to-r from-orange-500 to-yellow-500 rounded-full flex items-center justify-center mx-auto mb-6\"\u001b[39m\n          \u001b[36m>\u001b[39m\n            \u001b[36m<span\u001b[39m\n              \u001b[33mclass\u001b[39m=\u001b[32m\"inline-block w-10 h-10 text-white\"\u001b[39m\n              \u001b[33mstyle\u001b[39m=\u001b[32m\"font-size: 16px;\"\u001b[39m\n            \u001b[36m>\u001b[39m\n              \u001b[0m📧\u001b[0m\n            \u001b[36m</span>\u001b[39m\n          \u001b[36m</div>\u001b[39m\n          \u001b[36m<h2\u001b[39m\n            \u001b[33mclass\u001b[39m=\u001b[32m\"text-3xl font-bold text-gray-900 dark:text-white mb-2\"\u001b[39m\n          \u001b[36m>\u001b[39m\n            \u001b[0mForgot your password?\u001b[0m\n          \u001b[36m</h2>\u001b[39m\n          \u001b[36m<p\u001b[39m\n            \u001b[33mclass\u001b[39m=\u001b[32m\"text-gray-600 dark:text-gray-400\"\u001b[39m\n          \u001b[36m>\u001b[39m\n            \u001b[0mNo worries! Enter your email and we'll send you a reset link.\u001b[0m\n          \u001b[36m</p>\u001b[39m\n        \u001b[36m</div>\u001b[39m\n        \u001b[36m<form\u001b[39m\n          \u001b[33mclass\u001b[39m=\u001b[32m\"mt-8 space-y-6\"\u001b[39m\n        \u001b[36m>\u001b[39m\n          \u001b[36m<div>\u001b[39m\n            \u001b[36m<label\u001b[39m\n              \u001b[33mclass\u001b[39m=\u001b[32m\"block text-sm font-medium text-gray-700 dark:text-gray-300 mb-2\"\u001b[39m\n              \u001b[33mfor\u001b[39m=\u001b[32m\"email\"\u001b[39m\n            \u001b[36m>\u001b[39m\n              \u001b[0mEmail Address\u001b[0m\n            \u001b[36m</label>\u001b[39m\n            \u001b[36m<div\u001b[39m\n              \u001b[33mclass\u001b[39m=\u001b[32m\"relative\"\u001b[39m\n            \u001b[36m>\u001b[39m\n              \u001b[36m<div\u001b[39m\n                \u001b[33mclass\u001b[39m=\u001b[32m\"absolute inset-y-0 left-0 pl-3 flex items-center pointer-events-none\"\u001b[39m\n              \u001b[36m>\u001b[39m\n                \u001b[36m<span\u001b[39m\n                  \u001b[33mclass\u001b[39m=\u001b[32m\"inline-block h-5 w-5 text-gray-400\"\u001b[39m\n                  \u001b[33mstyle\u001b[39m=\u001b[32m\"font-size: 16px;\"\u001b[39m\n                \u001b[36m>\u001b[39m\n                  \u001b[0m📧\u001b[0m\n                \u001b[36m</span>\u001b[39m\n              \u001b[36m</div>\u001b[39m\n              \u001b[36m<input\u001b[39m\n                \u001b[33mautocomplete\u001b[39m=\u001b[32m\"email\"\u001b[39m\n                \u001b[33mclass\u001b[39m=\u001b[32m\"block w-full pl-10 pr-3 py-3 border border-gray-300 dark:border-gray-600 rounded-lg placeholder-gray-500 text-gray-900 dark:text-white dark:bg-gray-700 focus:outline-none focus:ring-2 focus:ring-orange-500 focus:border-transparent\"\u001b[39m\n                \u001b[33mid\u001b[39m=\u001b[32m\"email\"\u001b[39m\n                \u001b[33mname\u001b[39m=\u001b[32m\"email\"\u001b[39m\n                \u001b[33mplaceholder\u001b[39m=\u001b[32m\"Enter your email address\"\u001b[39m\n                \u001b[33mrequired\u001b[39m=\u001b[32m\"\"\u001b[39m\n                \u001b[33mtype\u001b[39m=\u001b[32m\"email\"\u001b[39m\n                \u001b[33mvalue\u001b[39m=\u001b[32m\"\"\u001b[39m\n              \u001b[36m/>\u001b[39m\n            \u001b[36m</div>\u001b[39m\n          \u001b[36m</div>\u001b[39m\n          \u001b[36m<button\u001b[39m\n            \u001b[33mclass\u001b[39m=\u001b[32m\"group relative w-full flex justify-center py-3 px-4 border border-transparent text-sm font-medium rounded-lg text-white bg-gradient-to-r from-orange-500 to-yellow-500 hover:from-orange-600 hover:to-yellow-600 focus:outline-none focus:ring-2 focus:ring-offset-2 focus:ring-orange-500 disabled:opacity-50 disabled:cursor-not-allowed transition-colors\"\u001b[39m\n            \u001b[33mtype\u001b[39m=\u001b[32m\"submit\"\u001b[39m\n          \u001b[36m>\u001b[39m\n            \u001b[0mSend Reset Link\u001b[0m\n          \u001b[36m</button>\u001b[39m\n          \u001b[36m<div\u001b[39m\n            \u001b[33mclass\u001b[39m=\u001b[32m\"text-center\"\u001b[39m\n          \u001b[36m>\u001b[39m\n            \u001b[36m<p\u001b[39m\n              \u001b[33mclass\u001b[39m=\u001b[32m\"text-sm text-gray-600 dark:text-gray-400\"\u001b[39m\n            \u001b[36m>\u001b[39m\n              \u001b[0mRemember your password?\u001b[0m\n              \u001b[0m \u001b[0m\n              \u001b[36m<a\u001b[39m\n                \u001b[33mclass\u001b[39m=\u001b[32m\"font-medium text-orange-600 hover:text-orange-500 transition-colors\"\u001b[39m\n                \u001b[33mhref\u001b[39m=\u001b[32m\"/login\"\u001b[39m\n              \u001b[36m>\u001b[39m\n                \u001b[0mSign in here\u001b[0m\n              \u001b[36m</a>\u001b[39m\n            \u001b[36m</p>\u001b[39m\n          \u001b[36m</div>\u001b[39m\n        \u001b[36m</form>\u001b[39m\n      \u001b[36m</div>\u001b[39m\n    \u001b[36m</div>\u001b[39m\n  \u001b[36m</div>\u001b[39m\n\u001b[36m</body>\u001b[39m\n    at Object.getElementError (/Users/sarperhorata/buzz2remote/frontend/node_modules/@testing-library/dom/dist/config.js:37:19)\n    at /Users/sarperhorata/buzz2remote/frontend/node_modules/@testing-library/dom/dist/query-helpers.js:76:38\n    at /Users/sarperhorata/buzz2remote/frontend/node_modules/@testing-library/dom/dist/query-helpers.js:52:17\n    at /Users/sarperhorata/buzz2remote/frontend/node_modules/@testing-library/dom/dist/query-helpers.js:95:19\n    at Object.<anonymous> (/Users/sarperhorata/buzz2remote/frontend/src/__tests__/pages/ForgotPassword.test.tsx:97:39)\n    at Promise.then.completed (/Users/sarperhorata/buzz2remote/frontend/node_modules/jest-circus/build/utils.js:391:28)\n    at new Promise (<anonymous>)\n    at callAsyncCircusFn (/Users/sarperhorata/buzz2remote/frontend/node_modules/jest-circus/build/utils.js:316:10)\n    at _callCircusTest (/Users/sarperhorata/buzz2remote/frontend/node_modules/jest-circus/build/run.js:218:40)\n    at processTicksAndRejections (node:internal/process/task_queues:95:5)\n    at _runTest (/Users/sarperhorata/buzz2remote/frontend/node_modules/jest-circus/build/run.js:155:3)\n    at _runTestsForDescribeBlock (/Users/sarperhorata/buzz2remote/frontend/node_modules/jest-circus/build/run.js:66:9)\n    at _runTestsForDescribeBlock (/Users/sarperhorata/buzz2remote/frontend/node_modules/jest-circus/build/run.js:60:9)\n    at run (/Users/sarperhorata/buzz2remote/frontend/node_modules/jest-circus/build/run.js:25:3)\n    at runAndTransformResultsToJestFormat (/Users/sarperhorata/buzz2remote/frontend/node_modules/jest-circus/build/legacy-code-todo-rewrite/jestAdapterInit.js:170:21)\n    at jestAdapter (/Users/sarperhorata/buzz2remote/frontend/node_modules/jest-circus/build/legacy-code-todo-rewrite/jestAdapter.js:82:19)\n    at runTestInternal (/Users/sarperhorata/buzz2remote/frontend/node_modules/jest-runner/build/runTest.js:389:16)\n    at runTest (/Users/sarperhorata/buzz2remote/frontend/node_modules/jest-runner/build/runTest.js:475:34)\n    at Object.worker (/Users/sarperhorata/buzz2remote/frontend/node_modules/jest-runner/build/testWorker.js:133:12)"],"fullName":"ForgotPassword should handle error during password reset","location":null,"status":"failed","title":"should handle error during password reset"},{"ancestorTitles":["ForgotPassword"],"failureMessages":["TestingLibraryElementError: Unable to find an element with the text: Giriş Sayfasına Dön. This could be because the text is broken up by multiple elements. In this case, you can provide a function for your text matcher to make your matcher more flexible.\n\nIgnored nodes: comments, script, style\n\u001b[36m<body>\u001b[39m\n  \u001b[36m<div>\u001b[39m\n    \u001b[36m<div\u001b[39m\n      \u001b[33mclass\u001b[39m=\u001b[32m\"min-h-screen bg-gradient-to-br from-orange-50 to-yellow-50 dark:from-gray-900 dark:to-gray-800 flex items-center justify-center py-12 px-4 sm:px-6 lg:px-8\"\u001b[39m\n    \u001b[36m>\u001b[39m\n      \u001b[36m<div\u001b[39m\n        \u001b[33mclass\u001b[39m=\u001b[32m\"max-w-md w-full space-y-8\"\u001b[39m\n      \u001b[36m>\u001b[39m\n        \u001b[36m<div\u001b[39m\n          \u001b[33mclass\u001b[39m=\u001b[32m\"text-center\"\u001b[39m\n        \u001b[36m>\u001b[39m\n          \u001b[36m<a\u001b[39m\n            \u001b[33mclass\u001b[39m=\u001b[32m\"inline-flex items-center text-orange-600 hover:text-orange-500 mb-6 transition-colors\"\u001b[39m\n            \u001b[33mhref\u001b[39m=\u001b[32m\"/login\"\u001b[39m\n          \u001b[36m>\u001b[39m\n            \u001b[36m<span\u001b[39m\n              \u001b[33mclass\u001b[39m=\u001b[32m\"inline-block w-4 h-4 mr-2\"\u001b[39m\n              \u001b[33mstyle\u001b[39m=\u001b[32m\"font-size: 16px;\"\u001b[39m\n            \u001b[36m>\u001b[39m\n              \u001b[0m⬅️\u001b[0m\n            \u001b[36m</span>\u001b[39m\n            \u001b[0mBack to Sign In\u001b[0m\n          \u001b[36m</a>\u001b[39m\n          \u001b[36m<div\u001b[39m\n            \u001b[33mclass\u001b[39m=\u001b[32m\"w-20 h-20 bg-gradient-to-r from-orange-500 to-yellow-500 rounded-full flex items-center justify-center mx-auto mb-6\"\u001b[39m\n          \u001b[36m>\u001b[39m\n            \u001b[36m<span\u001b[39m\n              \u001b[33mclass\u001b[39m=\u001b[32m\"inline-block w-10 h-10 text-white\"\u001b[39m\n              \u001b[33mstyle\u001b[39m=\u001b[32m\"font-size: 16px;\"\u001b[39m\n            \u001b[36m>\u001b[39m\n              \u001b[0m📧\u001b[0m\n            \u001b[36m</span>\u001b[39m\n          \u001b[36m</div>\u001b[39m\n          \u001b[36m<h2\u001b[39m\n            \u001b[33mclass\u001b[39m=\u001b[32m\"text-3xl font-bold text-gray-900 dark:text-white mb-2\"\u001b[39m\n          \u001b[36m>\u001b[39m\n            \u001b[0mForgot your password?\u001b[0m\n          \u001b[36m</h2>\u001b[39m\n          \u001b[36m<p\u001b[39m\n            \u001b[33mclass\u001b[39m=\u001b[32m\"text-gray-600 dark:text-gray-400\"\u001b[39m\n          \u001b[36m>\u001b[39m\n            \u001b[0mNo worries! Enter your email and we'll send you a reset link.\u001b[0m\n          \u001b[36m</p>\u001b[39m\n        \u001b[36m</div>\u001b[39m\n        \u001b[36m<form\u001b[39m\n          \u001b[33mclass\u001b[39m=\u001b[32m\"mt-8 space-y-6\"\u001b[39m\n        \u001b[36m>\u001b[39m\n          \u001b[36m<div>\u001b[39m\n            \u001b[36m<label\u001b[39m\n              \u001b[33mclass\u001b[39m=\u001b[32m\"block text-sm font-medium text-gray-700 dark:text-gray-300 mb-2\"\u001b[39m\n              \u001b[33mfor\u001b[39m=\u001b[32m\"email\"\u001b[39m\n            \u001b[36m>\u001b[39m\n              \u001b[0mEmail Address\u001b[0m\n            \u001b[36m</label>\u001b[39m\n            \u001b[36m<div\u001b[39m\n              \u001b[33mclass\u001b[39m=\u001b[32m\"relative\"\u001b[39m\n            \u001b[36m>\u001b[39m\n              \u001b[36m<div\u001b[39m\n                \u001b[33mclass\u001b[39m=\u001b[32m\"absolute inset-y-0 left-0 pl-3 flex items-center pointer-events-none\"\u001b[39m\n              \u001b[36m>\u001b[39m\n                \u001b[36m<span\u001b[39m\n                  \u001b[33mclass\u001b[39m=\u001b[32m\"inline-block h-5 w-5 text-gray-400\"\u001b[39m\n                  \u001b[33mstyle\u001b[39m=\u001b[32m\"font-size: 16px;\"\u001b[39m\n                \u001b[36m>\u001b[39m\n                  \u001b[0m📧\u001b[0m\n                \u001b[36m</span>\u001b[39m\n              \u001b[36m</div>\u001b[39m\n              \u001b[36m<input\u001b[39m\n                \u001b[33mautocomplete\u001b[39m=\u001b[32m\"email\"\u001b[39m\n                \u001b[33mclass\u001b[39m=\u001b[32m\"block w-full pl-10 pr-3 py-3 border border-gray-300 dark:border-gray-600 rounded-lg placeholder-gray-500 text-gray-900 dark:text-white dark:bg-gray-700 focus:outline-none focus:ring-2 focus:ring-orange-500 focus:border-transparent\"\u001b[39m\n                \u001b[33mid\u001b[39m=\u001b[32m\"email\"\u001b[39m\n                \u001b[33mname\u001b[39m=\u001b[32m\"email\"\u001b[39m\n                \u001b[33mplaceholder\u001b[39m=\u001b[32m\"Enter your email address\"\u001b[39m\n                \u001b[33mrequired\u001b[39m=\u001b[32m\"\"\u001b[39m\n                \u001b[33mtype\u001b[39m=\u001b[32m\"email\"\u001b[39m\n                \u001b[33mvalue\u001b[39m=\u001b[32m\"\"\u001b[39m\n              \u001b[36m/>\u001b[39m\n            \u001b[36m</div>\u001b[39m\n          \u001b[36m</div>\u001b[39m\n          \u001b[36m<button\u001b[39m\n            \u001b[33mclass\u001b[39m=\u001b[32m\"group relative w-full flex justify-center py-3 px-4 border border-transparent text-sm font-medium rounded-lg text-white bg-gradient-to-r from-orange-500 to-yellow-500 hover:from-orange-600 hover:to-yellow-600 focus:outline-none focus:ring-2 focus:ring-offset-2 focus:ring-orange-500 disabled:opacity-50 disabled:cursor-not-allowed transition-colors\"\u001b[39m\n            \u001b[33mtype\u001b[39m=\u001b[32m\"submit\"\u001b[39m\n          \u001b[36m>\u001b[39m\n            \u001b[0mSend Reset Link\u001b[0m\n          \u001b[36m</button>\u001b[39m\n          \u001b[36m<div\u001b[39m\n            \u001b[33mclass\u001b[39m=\u001b[32m\"text-center\"\u001b[39m\n          \u001b[36m>\u001b[39m\n            \u001b[36m<p\u001b[39m\n              \u001b[33mclass\u001b[39m=\u001b[32m\"text-sm text-gray-600 dark:text-gray-400\"\u001b[39m\n            \u001b[36m>\u001b[39m\n              \u001b[0mRemember your password?\u001b[0m\n              \u001b[0m \u001b[0m\n              \u001b[36m<a\u001b[39m\n                \u001b[33mclass\u001b[39m=\u001b[32m\"font-medium text-orange-600 hover:text-orange-500 transition-colors\"\u001b[39m\n                \u001b[33mhref\u001b[39m=\u001b[32m\"/login\"\u001b[39m\n              \u001b[36m>\u001b[39m\n                \u001b[0mSign in here\u001b[0m\n              \u001b[36m</a>\u001b[39m\n            \u001b[36m</p>\u001b[39m\n          \u001b[36m</div>\u001b[39m\n        \u001b[36m</form>\u001b[39m\n      \u001b[36m</div>\u001b[39m\n    \u001b[36m</div>\u001b[39m\n  \u001b[36m</div>\u001b[39m\n\u001b[36m</body>\u001b[39m\n    at Object.getElementError (/Users/sarperhorata/buzz2remote/frontend/node_modules/@testing-library/dom/dist/config.js:37:19)\n    at /Users/sarperhorata/buzz2remote/frontend/node_modules/@testing-library/dom/dist/query-helpers.js:76:38\n    at /Users/sarperhorata/buzz2remote/frontend/node_modules/@testing-library/dom/dist/query-helpers.js:52:17\n    at /Users/sarperhorata/buzz2remote/frontend/node_modules/@testing-library/dom/dist/query-helpers.js:95:19\n    at Object.<anonymous> (/Users/sarperhorata/buzz2remote/frontend/src/__tests__/pages/ForgotPassword.test.tsx:117:39)\n    at Promise.then.completed (/Users/sarperhorata/buzz2remote/frontend/node_modules/jest-circus/build/utils.js:391:28)\n    at new Promise (<anonymous>)\n    at callAsyncCircusFn (/Users/sarperhorata/buzz2remote/frontend/node_modules/jest-circus/build/utils.js:316:10)\n    at _callCircusTest (/Users/sarperhorata/buzz2remote/frontend/node_modules/jest-circus/build/run.js:218:40)\n    at processTicksAndRejections (node:internal/process/task_queues:95:5)\n    at _runTest (/Users/sarperhorata/buzz2remote/frontend/node_modules/jest-circus/build/run.js:155:3)\n    at _runTestsForDescribeBlock (/Users/sarperhorata/buzz2remote/frontend/node_modules/jest-circus/build/run.js:66:9)\n    at _runTestsForDescribeBlock (/Users/sarperhorata/buzz2remote/frontend/node_modules/jest-circus/build/run.js:60:9)\n    at run (/Users/sarperhorata/buzz2remote/frontend/node_modules/jest-circus/build/run.js:25:3)\n    at runAndTransformResultsToJestFormat (/Users/sarperhorata/buzz2remote/frontend/node_modules/jest-circus/build/legacy-code-todo-rewrite/jestAdapterInit.js:170:21)\n    at jestAdapter (/Users/sarperhorata/buzz2remote/frontend/node_modules/jest-circus/build/legacy-code-todo-rewrite/jestAdapter.js:82:19)\n    at runTestInternal (/Users/sarperhorata/buzz2remote/frontend/node_modules/jest-runner/build/runTest.js:389:16)\n    at runTest (/Users/sarperhorata/buzz2remote/frontend/node_modules/jest-runner/build/runTest.js:475:34)\n    at Object.worker (/Users/sarperhorata/buzz2remote/frontend/node_modules/jest-runner/build/testWorker.js:133:12)"],"fullName":"ForgotPassword should navigate back to login","location":null,"status":"failed","title":"should navigate back to login"},{"ancestorTitles":["ForgotPassword"],"failureMessages":["TestingLibraryElementError: Unable to find an element with the placeholder text of: your@email.com\n\nIgnored nodes: comments, script, style\n\u001b[36m<body>\u001b[39m\n  \u001b[36m<div>\u001b[39m\n    \u001b[36m<div\u001b[39m\n      \u001b[33mclass\u001b[39m=\u001b[32m\"min-h-screen bg-gradient-to-br from-orange-50 to-yellow-50 dark:from-gray-900 dark:to-gray-800 flex items-center justify-center py-12 px-4 sm:px-6 lg:px-8\"\u001b[39m\n    \u001b[36m>\u001b[39m\n      \u001b[36m<div\u001b[39m\n        \u001b[33mclass\u001b[39m=\u001b[32m\"max-w-md w-full space-y-8\"\u001b[39m\n      \u001b[36m>\u001b[39m\n        \u001b[36m<div\u001b[39m\n          \u001b[33mclass\u001b[39m=\u001b[32m\"text-center\"\u001b[39m\n        \u001b[36m>\u001b[39m\n          \u001b[36m<a\u001b[39m\n            \u001b[33mclass\u001b[39m=\u001b[32m\"inline-flex items-center text-orange-600 hover:text-orange-500 mb-6 transition-colors\"\u001b[39m\n            \u001b[33mhref\u001b[39m=\u001b[32m\"/login\"\u001b[39m\n          \u001b[36m>\u001b[39m\n            \u001b[36m<span\u001b[39m\n              \u001b[33mclass\u001b[39m=\u001b[32m\"inline-block w-4 h-4 mr-2\"\u001b[39m\n              \u001b[33mstyle\u001b[39m=\u001b[32m\"font-size: 16px;\"\u001b[39m\n            \u001b[36m>\u001b[39m\n              \u001b[0m⬅️\u001b[0m\n            \u001b[36m</span>\u001b[39m\n            \u001b[0mBack to Sign In\u001b[0m\n          \u001b[36m</a>\u001b[39m\n          \u001b[36m<div\u001b[39m\n            \u001b[33mclass\u001b[39m=\u001b[32m\"w-20 h-20 bg-gradient-to-r from-orange-500 to-yellow-500 rounded-full flex items-center justify-center mx-auto mb-6\"\u001b[39m\n          \u001b[36m>\u001b[39m\n            \u001b[36m<span\u001b[39m\n              \u001b[33mclass\u001b[39m=\u001b[32m\"inline-block w-10 h-10 text-white\"\u001b[39m\n              \u001b[33mstyle\u001b[39m=\u001b[32m\"font-size: 16px;\"\u001b[39m\n            \u001b[36m>\u001b[39m\n              \u001b[0m📧\u001b[0m\n            \u001b[36m</span>\u001b[39m\n          \u001b[36m</div>\u001b[39m\n          \u001b[36m<h2\u001b[39m\n            \u001b[33mclass\u001b[39m=\u001b[32m\"text-3xl font-bold text-gray-900 dark:text-white mb-2\"\u001b[39m\n          \u001b[36m>\u001b[39m\n            \u001b[0mForgot your password?\u001b[0m\n          \u001b[36m</h2>\u001b[39m\n          \u001b[36m<p\u001b[39m\n            \u001b[33mclass\u001b[39m=\u001b[32m\"text-gray-600 dark:text-gray-400\"\u001b[39m\n          \u001b[36m>\u001b[39m\n            \u001b[0mNo worries! Enter your email and we'll send you a reset link.\u001b[0m\n          \u001b[36m</p>\u001b[39m\n        \u001b[36m</div>\u001b[39m\n        \u001b[36m<form\u001b[39m\n          \u001b[33mclass\u001b[39m=\u001b[32m\"mt-8 space-y-6\"\u001b[39m\n        \u001b[36m>\u001b[39m\n          \u001b[36m<div>\u001b[39m\n            \u001b[36m<label\u001b[39m\n              \u001b[33mclass\u001b[39m=\u001b[32m\"block text-sm font-medium text-gray-700 dark:text-gray-300 mb-2\"\u001b[39m\n              \u001b[33mfor\u001b[39m=\u001b[32m\"email\"\u001b[39m\n            \u001b[36m>\u001b[39m\n              \u001b[0mEmail Address\u001b[0m\n            \u001b[36m</label>\u001b[39m\n            \u001b[36m<div\u001b[39m\n              \u001b[33mclass\u001b[39m=\u001b[32m\"relative\"\u001b[39m\n            \u001b[36m>\u001b[39m\n              \u001b[36m<div\u001b[39m\n                \u001b[33mclass\u001b[39m=\u001b[32m\"absolute inset-y-0 left-0 pl-3 flex items-center pointer-events-none\"\u001b[39m\n              \u001b[36m>\u001b[39m\n                \u001b[36m<span\u001b[39m\n                  \u001b[33mclass\u001b[39m=\u001b[32m\"inline-block h-5 w-5 text-gray-400\"\u001b[39m\n                  \u001b[33mstyle\u001b[39m=\u001b[32m\"font-size: 16px;\"\u001b[39m\n                \u001b[36m>\u001b[39m\n                  \u001b[0m📧\u001b[0m\n                \u001b[36m</span>\u001b[39m\n              \u001b[36m</div>\u001b[39m\n              \u001b[36m<input\u001b[39m\n                \u001b[33mautocomplete\u001b[39m=\u001b[32m\"email\"\u001b[39m\n                \u001b[33mclass\u001b[39m=\u001b[32m\"block w-full pl-10 pr-3 py-3 border border-gray-300 dark:border-gray-600 rounded-lg placeholder-gray-500 text-gray-900 dark:text-white dark:bg-gray-700 focus:outline-none focus:ring-2 focus:ring-orange-500 focus:border-transparent\"\u001b[39m\n                \u001b[33mid\u001b[39m=\u001b[32m\"email\"\u001b[39m\n                \u001b[33mname\u001b[39m=\u001b[32m\"email\"\u001b[39m\n                \u001b[33mplaceholder\u001b[39m=\u001b[32m\"Enter your email address\"\u001b[39m\n                \u001b[33mrequired\u001b[39m=\u001b[32m\"\"\u001b[39m\n                \u001b[33mtype\u001b[39m=\u001b[32m\"email\"\u001b[39m\n                \u001b[33mvalue\u001b[39m=\u001b[32m\"\"\u001b[39m\n              \u001b[36m/>\u001b[39m\n            \u001b[36m</div>\u001b[39m\n          \u001b[36m</div>\u001b[39m\n          \u001b[36m<button\u001b[39m\n            \u001b[33mclass\u001b[39m=\u001b[32m\"group relative w-full flex justify-center py-3 px-4 border border-transparent text-sm font-medium rounded-lg text-white bg-gradient-to-r from-orange-500 to-yellow-500 hover:from-orange-600 hover:to-yellow-600 focus:outline-none focus:ring-2 focus:ring-offset-2 focus:ring-orange-500 disabled:opacity-50 disabled:cursor-not-allowed transition-colors\"\u001b[39m\n            \u001b[33mtype\u001b[39m=\u001b[32m\"submit\"\u001b[39m\n          \u001b[36m>\u001b[39m\n            \u001b[0mSend Reset Link\u001b[0m\n          \u001b[36m</button>\u001b[39m\n          \u001b[36m<div\u001b[39m\n            \u001b[33mclass\u001b[39m=\u001b[32m\"text-center\"\u001b[39m\n          \u001b[36m>\u001b[39m\n            \u001b[36m<p\u001b[39m\n              \u001b[33mclass\u001b[39m=\u001b[32m\"text-sm text-gray-600 dark:text-gray-400\"\u001b[39m\n            \u001b[36m>\u001b[39m\n              \u001b[0mRemember your password?\u001b[0m\n              \u001b[0m \u001b[0m\n              \u001b[36m<a\u001b[39m\n                \u001b[33mclass\u001b[39m=\u001b[32m\"font-medium text-orange-600 hover:text-orange-500 transition-colors\"\u001b[39m\n                \u001b[33mhref\u001b[39m=\u001b[32m\"/login\"\u001b[39m\n              \u001b[36m>\u001b[39m\n                \u001b[0mSign in here\u001b[0m\n              \u001b[36m</a>\u001b[39m\n            \u001b[36m</p>\u001b[39m\n          \u001b[36m</div>\u001b[39m\n        \u001b[36m</form>\u001b[39m\n      \u001b[36m</div>\u001b[39m\n    \u001b[36m</div>\u001b[39m\n  \u001b[36m</div>\u001b[39m\n\u001b[36m</body>\u001b[39m\n    at Object.getElementError (/Users/sarperhorata/buzz2remote/frontend/node_modules/@testing-library/dom/dist/config.js:37:19)\n    at /Users/sarperhorata/buzz2remote/frontend/node_modules/@testing-library/dom/dist/query-helpers.js:76:38\n    at /Users/sarperhorata/buzz2remote/frontend/node_modules/@testing-library/dom/dist/query-helpers.js:52:17\n    at /Users/sarperhorata/buzz2remote/frontend/node_modules/@testing-library/dom/dist/query-helpers.js:95:19\n    at Object.<anonymous> (/Users/sarperhorata/buzz2remote/frontend/src/__tests__/pages/ForgotPassword.test.tsx:131:39)\n    at Promise.then.completed (/Users/sarperhorata/buzz2remote/frontend/node_modules/jest-circus/build/utils.js:391:28)\n    at new Promise (<anonymous>)\n    at callAsyncCircusFn (/Users/sarperhorata/buzz2remote/frontend/node_modules/jest-circus/build/utils.js:316:10)\n    at _callCircusTest (/Users/sarperhorata/buzz2remote/frontend/node_modules/jest-circus/build/run.js:218:40)\n    at processTicksAndRejections (node:internal/process/task_queues:95:5)\n    at _runTest (/Users/sarperhorata/buzz2remote/frontend/node_modules/jest-circus/build/run.js:155:3)\n    at _runTestsForDescribeBlock (/Users/sarperhorata/buzz2remote/frontend/node_modules/jest-circus/build/run.js:66:9)\n    at _runTestsForDescribeBlock (/Users/sarperhorata/buzz2remote/frontend/node_modules/jest-circus/build/run.js:60:9)\n    at run (/Users/sarperhorata/buzz2remote/frontend/node_modules/jest-circus/build/run.js:25:3)\n    at runAndTransformResultsToJestFormat (/Users/sarperhorata/buzz2remote/frontend/node_modules/jest-circus/build/legacy-code-todo-rewrite/jestAdapterInit.js:170:21)\n    at jestAdapter (/Users/sarperhorata/buzz2remote/frontend/node_modules/jest-circus/build/legacy-code-todo-rewrite/jestAdapter.js:82:19)\n    at runTestInternal (/Users/sarperhorata/buzz2remote/frontend/node_modules/jest-runner/build/runTest.js:389:16)\n    at runTest (/Users/sarperhorata/buzz2remote/frontend/node_modules/jest-runner/build/runTest.js:475:34)\n    at Object.worker (/Users/sarperhorata/buzz2remote/frontend/node_modules/jest-runner/build/testWorker.js:133:12)"],"fullName":"ForgotPassword should show loading state during submission","location":null,"status":"failed","title":"should show loading state during submission"}],"endTime":1752748017605,"message":"\u001b[1m\u001b[31m  \u001b[1m● \u001b[22m\u001b[1mForgotPassword › should render forgot password form correctly\u001b[39m\u001b[22m\n\n    TestingLibraryElementError: Unable to find an element with the text: Şifremi Unuttum. This could be because the text is broken up by multiple elements. In this case, you can provide a function for your text matcher to make your matcher more flexible.\n\n    Ignored nodes: comments, script, style\n    \u001b[36m<body>\u001b[39m\n      \u001b[36m<div>\u001b[39m\n        \u001b[36m<div\u001b[39m\n          \u001b[33mclass\u001b[39m=\u001b[32m\"min-h-screen bg-gradient-to-br from-orange-50 to-yellow-50 dark:from-gray-900 dark:to-gray-800 flex items-center justify-center py-12 px-4 sm:px-6 lg:px-8\"\u001b[39m\n        \u001b[36m>\u001b[39m\n          \u001b[36m<div\u001b[39m\n            \u001b[33mclass\u001b[39m=\u001b[32m\"max-w-md w-full space-y-8\"\u001b[39m\n          \u001b[36m>\u001b[39m\n            \u001b[36m<div\u001b[39m\n              \u001b[33mclass\u001b[39m=\u001b[32m\"text-center\"\u001b[39m\n            \u001b[36m>\u001b[39m\n              \u001b[36m<a\u001b[39m\n                \u001b[33mclass\u001b[39m=\u001b[32m\"inline-flex items-center text-orange-600 hover:text-orange-500 mb-6 transition-colors\"\u001b[39m\n                \u001b[33mhref\u001b[39m=\u001b[32m\"/login\"\u001b[39m\n              \u001b[36m>\u001b[39m\n                \u001b[36m<span\u001b[39m\n                  \u001b[33mclass\u001b[39m=\u001b[32m\"inline-block w-4 h-4 mr-2\"\u001b[39m\n                  \u001b[33mstyle\u001b[39m=\u001b[32m\"font-size: 16px;\"\u001b[39m\n                \u001b[36m>\u001b[39m\n                  \u001b[0m⬅️\u001b[0m\n                \u001b[36m</span>\u001b[39m\n                \u001b[0mBack to Sign In\u001b[0m\n              \u001b[36m</a>\u001b[39m\n              \u001b[36m<div\u001b[39m\n                \u001b[33mclass\u001b[39m=\u001b[32m\"w-20 h-20 bg-gradient-to-r from-orange-500 to-yellow-500 rounded-full flex items-center justify-center mx-auto mb-6\"\u001b[39m\n              \u001b[36m>\u001b[39m\n                \u001b[36m<span\u001b[39m\n                  \u001b[33mclass\u001b[39m=\u001b[32m\"inline-block w-10 h-10 text-white\"\u001b[39m\n                  \u001b[33mstyle\u001b[39m=\u001b[32m\"font-size: 16px;\"\u001b[39m\n                \u001b[36m>\u001b[39m\n                  \u001b[0m📧\u001b[0m\n                \u001b[36m</span>\u001b[39m\n              \u001b[36m</div>\u001b[39m\n              \u001b[36m<h2\u001b[39m\n                \u001b[33mclass\u001b[39m=\u001b[32m\"text-3xl font-bold text-gray-900 dark:text-white mb-2\"\u001b[39m\n              \u001b[36m>\u001b[39m\n                \u001b[0mForgot your password?\u001b[0m\n              \u001b[36m</h2>\u001b[39m\n              \u001b[36m<p\u001b[39m\n                \u001b[33mclass\u001b[39m=\u001b[32m\"text-gray-600 dark:text-gray-400\"\u001b[39m\n              \u001b[36m>\u001b[39m\n                \u001b[0mNo worries! Enter your email and we'll send you a reset link.\u001b[0m\n              \u001b[36m</p>\u001b[39m\n            \u001b[36m</div>\u001b[39m\n            \u001b[36m<form\u001b[39m\n              \u001b[33mclass\u001b[39m=\u001b[32m\"mt-8 space-y-6\"\u001b[39m\n            \u001b[36m>\u001b[39m\n              \u001b[36m<div>\u001b[39m\n                \u001b[36m<label\u001b[39m\n                  \u001b[33mclass\u001b[39m=\u001b[32m\"block text-sm font-medium text-gray-700 dark:text-gray-300 mb-2\"\u001b[39m\n                  \u001b[33mfor\u001b[39m=\u001b[32m\"email\"\u001b[39m\n                \u001b[36m>\u001b[39m\n                  \u001b[0mEmail Address\u001b[0m\n                \u001b[36m</label>\u001b[39m\n                \u001b[36m<div\u001b[39m\n                  \u001b[33mclass\u001b[39m=\u001b[32m\"relative\"\u001b[39m\n                \u001b[36m>\u001b[39m\n                  \u001b[36m<div\u001b[39m\n                    \u001b[33mclass\u001b[39m=\u001b[32m\"absolute inset-y-0 left-0 pl-3 flex items-center pointer-events-none\"\u001b[39m\n                  \u001b[36m>\u001b[39m\n                    \u001b[36m<span\u001b[39m\n                      \u001b[33mclass\u001b[39m=\u001b[32m\"inline-block h-5 w-5 text-gray-400\"\u001b[39m\n                      \u001b[33mstyle\u001b[39m=\u001b[32m\"font-size: 16px;\"\u001b[39m\n                    \u001b[36m>\u001b[39m\n                      \u001b[0m📧\u001b[0m\n                    \u001b[36m</span>\u001b[39m\n                  \u001b[36m</div>\u001b[39m\n                  \u001b[36m<input\u001b[39m\n                    \u001b[33mautocomplete\u001b[39m=\u001b[32m\"email\"\u001b[39m\n                    \u001b[33mclass\u001b[39m=\u001b[32m\"block w-full pl-10 pr-3 py-3 border border-gray-300 dark:border-gray-600 rounded-lg placeholder-gray-500 text-gray-900 dark:text-white dark:bg-gray-700 focus:outline-none focus:ring-2 focus:ring-orange-500 focus:border-transparent\"\u001b[39m\n                    \u001b[33mid\u001b[39m=\u001b[32m\"email\"\u001b[39m\n                    \u001b[33mname\u001b[39m=\u001b[32m\"email\"\u001b[39m\n                    \u001b[33mplaceholder\u001b[39m=\u001b[32m\"Enter your email address\"\u001b[39m\n                    \u001b[33mrequired\u001b[39m=\u001b[32m\"\"\u001b[39m\n                    \u001b[33mtype\u001b[39m=\u001b[32m\"email\"\u001b[39m\n                    \u001b[33mvalue\u001b[39m=\u001b[32m\"\"\u001b[39m\n                  \u001b[36m/>\u001b[39m\n                \u001b[36m</div>\u001b[39m\n              \u001b[36m</div>\u001b[39m\n              \u001b[36m<button\u001b[39m\n                \u001b[33mclass\u001b[39m=\u001b[32m\"group relative w-full flex justify-center py-3 px-4 border border-transparent text-sm font-medium rounded-lg text-white bg-gradient-to-r from-orange-500 to-yellow-500 hover:from-orange-600 hover:to-yellow-600 focus:outline-none focus:ring-2 focus:ring-offset-2 focus:ring-orange-500 disabled:opacity-50 disabled:cursor-not-allowed transition-colors\"\u001b[39m\n                \u001b[33mtype\u001b[39m=\u001b[32m\"submit\"\u001b[39m\n              \u001b[36m>\u001b[39m\n                \u001b[0mSend Reset Link\u001b[0m\n              \u001b[36m</button>\u001b[39m\n              \u001b[36m<div\u001b[39m\n                \u001b[33mclass\u001b[39m=\u001b[32m\"text-center\"\u001b[39m\n              \u001b[36m>\u001b[39m\n                \u001b[36m<p\u001b[39m\n                  \u001b[33mclass\u001b[39m=\u001b[32m\"text-sm text-gray-600 dark:text-gray-400\"\u001b[39m\n                \u001b[36m>\u001b[39m\n                  \u001b[0mRemember your password?\u001b[0m\n                  \u001b[0m \u001b[0m\n                  \u001b[36m<a\u001b[39m\n                    \u001b[33mclass\u001b[39m=\u001b[32m\"font-medium text-orange-600 hover:text-orange-500 transition-colors\"\u001b[39m\n                    \u001b[33mhref\u001b[39m=\u001b[32m\"/login\"\u001b[39m\n                  \u001b[36m>\u001b[39m\n                    \u001b[0mSign in here\u001b[0m\n                  \u001b[36m</a>\u001b[39m\n                \u001b[36m</p>\u001b[39m\n              \u001b[36m</div>\u001b[39m\n            \u001b[36m</form>\u001b[39m\n          \u001b[36m</div>\u001b[39m\n        \u001b[36m</div>\u001b[39m\n      \u001b[36m</div>\u001b[39m\n    \u001b[36m</body>\u001b[39m\n\u001b[2m\u001b[22m\n\u001b[2m    \u001b[0m \u001b[90m 49 |\u001b[39m     })\u001b[33m;\u001b[39m\u001b[22m\n\u001b[2m     \u001b[90m 50 |\u001b[39m\u001b[22m\n\u001b[2m    \u001b[31m\u001b[1m>\u001b[22m\u001b[2m\u001b[39m\u001b[90m 51 |\u001b[39m     renderWithRouter(\u001b[33m<\u001b[39m\u001b[33mForgotPassword\u001b[39m \u001b[33m/\u001b[39m\u001b[33m>\u001b[39m)\u001b[33m;\u001b[39m\u001b[22m\n\u001b[2m     \u001b[90m    |\u001b[39m                           \u001b[31m\u001b[1m^\u001b[22m\u001b[2m\u001b[39m\u001b[22m\n\u001b[2m     \u001b[90m 52 |\u001b[39m     \u001b[22m\n\u001b[2m     \u001b[90m 53 |\u001b[39m     \u001b[36mconst\u001b[39m emailInput \u001b[33m=\u001b[39m screen\u001b[33m.\u001b[39mgetByPlaceholderText(\u001b[32m'your@email.com'\u001b[39m)\u001b[33m;\u001b[39m\u001b[22m\n\u001b[2m     \u001b[90m 54 |\u001b[39m     \u001b[36mconst\u001b[39m submitButton \u001b[33m=\u001b[39m screen\u001b[33m.\u001b[39mgetByRole(\u001b[32m'button'\u001b[39m\u001b[33m,\u001b[39m { name\u001b[33m:\u001b[39m \u001b[32m'Şifre Sıfırlama Linki Gönder'\u001b[39m })\u001b[33m;\u001b[39m\u001b[0m\u001b[22m\n\u001b[2m\u001b[22m\n\u001b[2m      \u001b[2mat Object.getElementError (\u001b[22m\u001b[2mnode_modules/@testing-library/dom/dist/config.js\u001b[2m:37:19)\u001b[22m\u001b[2m\u001b[22m\n\u001b[2m      \u001b[2mat \u001b[22m\u001b[2mnode_modules/@testing-library/dom/dist/query-helpers.js\u001b[2m:76:38\u001b[22m\u001b[2m\u001b[22m\n\u001b[2m      \u001b[2mat \u001b[22m\u001b[2mnode_modules/@testing-library/dom/dist/query-helpers.js\u001b[2m:52:17\u001b[22m\u001b[2m\u001b[22m\n\u001b[2m      \u001b[2mat \u001b[22m\u001b[2mnode_modules/@testing-library/dom/dist/query-helpers.js\u001b[2m:95:19\u001b[22m\u001b[2m\u001b[22m\n\u001b[2m      \u001b[2mat Object.<anonymous> (\u001b[22m\u001b[2m\u001b[0m\u001b[36msrc/__tests__/pages/ForgotPassword.test.tsx\u001b[39m\u001b[0m\u001b[2m:51:27)\u001b[22m\u001b[2m\u001b[22m\n\n\u001b[1m\u001b[31m  \u001b[1m● \u001b[22m\u001b[1mForgotPassword › should handle successful password reset request\u001b[39m\u001b[22m\n\n    TestingLibraryElementError: Unable to find an element with the placeholder text of: your@email.com\n\n    Ignored nodes: comments, script, style\n    \u001b[36m<body>\u001b[39m\n      \u001b[36m<div>\u001b[39m\n        \u001b[36m<div\u001b[39m\n          \u001b[33mclass\u001b[39m=\u001b[32m\"min-h-screen bg-gradient-to-br from-orange-50 to-yellow-50 dark:from-gray-900 dark:to-gray-800 flex items-center justify-center py-12 px-4 sm:px-6 lg:px-8\"\u001b[39m\n        \u001b[36m>\u001b[39m\n          \u001b[36m<div\u001b[39m\n            \u001b[33mclass\u001b[39m=\u001b[32m\"max-w-md w-full space-y-8\"\u001b[39m\n          \u001b[36m>\u001b[39m\n            \u001b[36m<div\u001b[39m\n              \u001b[33mclass\u001b[39m=\u001b[32m\"text-center\"\u001b[39m\n            \u001b[36m>\u001b[39m\n              \u001b[36m<a\u001b[39m\n                \u001b[33mclass\u001b[39m=\u001b[32m\"inline-flex items-center text-orange-600 hover:text-orange-500 mb-6 transition-colors\"\u001b[39m\n                \u001b[33mhref\u001b[39m=\u001b[32m\"/login\"\u001b[39m\n              \u001b[36m>\u001b[39m\n                \u001b[36m<span\u001b[39m\n                  \u001b[33mclass\u001b[39m=\u001b[32m\"inline-block w-4 h-4 mr-2\"\u001b[39m\n                  \u001b[33mstyle\u001b[39m=\u001b[32m\"font-size: 16px;\"\u001b[39m\n                \u001b[36m>\u001b[39m\n                  \u001b[0m⬅️\u001b[0m\n                \u001b[36m</span>\u001b[39m\n                \u001b[0mBack to Sign In\u001b[0m\n              \u001b[36m</a>\u001b[39m\n              \u001b[36m<div\u001b[39m\n                \u001b[33mclass\u001b[39m=\u001b[32m\"w-20 h-20 bg-gradient-to-r from-orange-500 to-yellow-500 rounded-full flex items-center justify-center mx-auto mb-6\"\u001b[39m\n              \u001b[36m>\u001b[39m\n                \u001b[36m<span\u001b[39m\n                  \u001b[33mclass\u001b[39m=\u001b[32m\"inline-block w-10 h-10 text-white\"\u001b[39m\n                  \u001b[33mstyle\u001b[39m=\u001b[32m\"font-size: 16px;\"\u001b[39m\n                \u001b[36m>\u001b[39m\n                  \u001b[0m📧\u001b[0m\n                \u001b[36m</span>\u001b[39m\n              \u001b[36m</div>\u001b[39m\n              \u001b[36m<h2\u001b[39m\n                \u001b[33mclass\u001b[39m=\u001b[32m\"text-3xl font-bold text-gray-900 dark:text-white mb-2\"\u001b[39m\n              \u001b[36m>\u001b[39m\n                \u001b[0mForgot your password?\u001b[0m\n              \u001b[36m</h2>\u001b[39m\n              \u001b[36m<p\u001b[39m\n                \u001b[33mclass\u001b[39m=\u001b[32m\"text-gray-600 dark:text-gray-400\"\u001b[39m\n              \u001b[36m>\u001b[39m\n                \u001b[0mNo worries! Enter your email and we'll send you a reset link.\u001b[0m\n              \u001b[36m</p>\u001b[39m\n            \u001b[36m</div>\u001b[39m\n            \u001b[36m<form\u001b[39m\n              \u001b[33mclass\u001b[39m=\u001b[32m\"mt-8 space-y-6\"\u001b[39m\n            \u001b[36m>\u001b[39m\n              \u001b[36m<div>\u001b[39m\n                \u001b[36m<label\u001b[39m\n                  \u001b[33mclass\u001b[39m=\u001b[32m\"block text-sm font-medium text-gray-700 dark:text-gray-300 mb-2\"\u001b[39m\n                  \u001b[33mfor\u001b[39m=\u001b[32m\"email\"\u001b[39m\n                \u001b[36m>\u001b[39m\n                  \u001b[0mEmail Address\u001b[0m\n                \u001b[36m</label>\u001b[39m\n                \u001b[36m<div\u001b[39m\n                  \u001b[33mclass\u001b[39m=\u001b[32m\"relative\"\u001b[39m\n                \u001b[36m>\u001b[39m\n                  \u001b[36m<div\u001b[39m\n                    \u001b[33mclass\u001b[39m=\u001b[32m\"absolute inset-y-0 left-0 pl-3 flex items-center pointer-events-none\"\u001b[39m\n                  \u001b[36m>\u001b[39m\n                    \u001b[36m<span\u001b[39m\n                      \u001b[33mclass\u001b[39m=\u001b[32m\"inline-block h-5 w-5 text-gray-400\"\u001b[39m\n                      \u001b[33mstyle\u001b[39m=\u001b[32m\"font-size: 16px;\"\u001b[39m\n                    \u001b[36m>\u001b[39m\n                      \u001b[0m📧\u001b[0m\n                    \u001b[36m</span>\u001b[39m\n                  \u001b[36m</div>\u001b[39m\n                  \u001b[36m<input\u001b[39m\n                    \u001b[33mautocomplete\u001b[39m=\u001b[32m\"email\"\u001b[39m\n                    \u001b[33mclass\u001b[39m=\u001b[32m\"block w-full pl-10 pr-3 py-3 border border-gray-300 dark:border-gray-600 rounded-lg placeholder-gray-500 text-gray-900 dark:text-white dark:bg-gray-700 focus:outline-none focus:ring-2 focus:ring-orange-500 focus:border-transparent\"\u001b[39m\n                    \u001b[33mid\u001b[39m=\u001b[32m\"email\"\u001b[39m\n                    \u001b[33mname\u001b[39m=\u001b[32m\"email\"\u001b[39m\n                    \u001b[33mplaceholder\u001b[39m=\u001b[32m\"Enter your email address\"\u001b[39m\n                    \u001b[33mrequired\u001b[39m=\u001b[32m\"\"\u001b[39m\n                    \u001b[33mtype\u001b[39m=\u001b[32m\"email\"\u001b[39m\n                    \u001b[33mvalue\u001b[39m=\u001b[32m\"\"\u001b[39m\n                  \u001b[36m/>\u001b[39m\n                \u001b[36m</div>\u001b[39m\n              \u001b[36m</div>\u001b[39m\n              \u001b[36m<button\u001b[39m\n                \u001b[33mclass\u001b[39m=\u001b[32m\"group relative w-full flex justify-center py-3 px-4 border border-transparent text-sm font-medium rounded-lg text-white bg-gradient-to-r from-orange-500 to-yellow-500 hover:from-orange-600 hover:to-yellow-600 focus:outline-none focus:ring-2 focus:ring-offset-2 focus:ring-orange-500 disabled:opacity-50 disabled:cursor-not-allowed transition-colors\"\u001b[39m\n                \u001b[33mtype\u001b[39m=\u001b[32m\"submit\"\u001b[39m\n              \u001b[36m>\u001b[39m\n                \u001b[0mSend Reset Link\u001b[0m\n              \u001b[36m</button>\u001b[39m\n              \u001b[36m<div\u001b[39m\n                \u001b[33mclass\u001b[39m=\u001b[32m\"text-center\"\u001b[39m\n              \u001b[36m>\u001b[39m\n                \u001b[36m<p\u001b[39m\n                  \u001b[33mclass\u001b[39m=\u001b[32m\"text-sm text-gray-600 dark:text-gray-400\"\u001b[39m\n                \u001b[36m>\u001b[39m\n                  \u001b[0mRemember your password?\u001b[0m\n                  \u001b[0m \u001b[0m\n                  \u001b[36m<a\u001b[39m\n                    \u001b[33mclass\u001b[39m=\u001b[32m\"font-medium text-orange-600 hover:text-orange-500 transition-colors\"\u001b[39m\n                    \u001b[33mhref\u001b[39m=\u001b[32m\"/login\"\u001b[39m\n                  \u001b[36m>\u001b[39m\n                    \u001b[0mSign in here\u001b[0m\n                  \u001b[36m</a>\u001b[39m\n                \u001b[36m</p>\u001b[39m\n              \u001b[36m</div>\u001b[39m\n            \u001b[36m</form>\u001b[39m\n          \u001b[36m</div>\u001b[39m\n        \u001b[36m</div>\u001b[39m\n      \u001b[36m</div>\u001b[39m\n    \u001b[36m</body>\u001b[39m\n\u001b[2m\u001b[22m\n\u001b[2m    \u001b[0m \u001b[90m 68 |\u001b[39m       json\u001b[33m:\u001b[39m \u001b[36masync\u001b[39m () \u001b[33m=>\u001b[39m ({ detail\u001b[33m:\u001b[39m \u001b[32m'Email not found'\u001b[39m })\u001b[22m\n\u001b[2m     \u001b[90m 69 |\u001b[39m     })\u001b[33m;\u001b[39m\u001b[22m\n\u001b[2m    \u001b[31m\u001b[1m>\u001b[22m\u001b[2m\u001b[39m\u001b[90m 70 |\u001b[39m\u001b[22m\n\u001b[2m     \u001b[90m    |\u001b[39m \u001b[31m\u001b[1m^\u001b[22m\u001b[2m\u001b[39m\u001b[22m\n\u001b[2m     \u001b[90m 71 |\u001b[39m     renderWithRouter(\u001b[33m<\u001b[39m\u001b[33mForgotPassword\u001b[39m \u001b[33m/\u001b[39m\u001b[33m>\u001b[39m)\u001b[33m;\u001b[39m\u001b[22m\n\u001b[2m     \u001b[90m 72 |\u001b[39m     \u001b[22m\n\u001b[2m     \u001b[90m 73 |\u001b[39m     \u001b[36mconst\u001b[39m emailInput \u001b[33m=\u001b[39m screen\u001b[33m.\u001b[39mgetByPlaceholderText(\u001b[32m'your@email.com'\u001b[39m)\u001b[33m;\u001b[39m\u001b[0m\u001b[22m\n\u001b[2m\u001b[22m\n\u001b[2m      \u001b[2mat Object.getElementError (\u001b[22m\u001b[2mnode_modules/@testing-library/dom/dist/config.js\u001b[2m:37:19)\u001b[22m\u001b[2m\u001b[22m\n\u001b[2m      \u001b[2mat \u001b[22m\u001b[2mnode_modules/@testing-library/dom/dist/query-helpers.js\u001b[2m:76:38\u001b[22m\u001b[2m\u001b[22m\n\u001b[2m      \u001b[2mat \u001b[22m\u001b[2mnode_modules/@testing-library/dom/dist/query-helpers.js\u001b[2m:52:17\u001b[22m\u001b[2m\u001b[22m\n\u001b[2m      \u001b[2mat \u001b[22m\u001b[2mnode_modules/@testing-library/dom/dist/query-helpers.js\u001b[2m:95:19\u001b[22m\u001b[2m\u001b[22m\n\u001b[2m      \u001b[2mat Object.<anonymous> (\u001b[22m\u001b[2m\u001b[0m\u001b[36msrc/__tests__/pages/ForgotPassword.test.tsx\u001b[39m\u001b[0m\u001b[2m:70:39)\u001b[22m\u001b[2m\u001b[22m\n\n\u001b[1m\u001b[31m  \u001b[1m● \u001b[22m\u001b[1mForgotPassword › should handle error during password reset\u001b[39m\u001b[22m\n\n    TestingLibraryElementError: Unable to find an element with the placeholder text of: your@email.com\n\n    Ignored nodes: comments, script, style\n    \u001b[36m<body>\u001b[39m\n      \u001b[36m<div>\u001b[39m\n        \u001b[36m<div\u001b[39m\n          \u001b[33mclass\u001b[39m=\u001b[32m\"min-h-screen bg-gradient-to-br from-orange-50 to-yellow-50 dark:from-gray-900 dark:to-gray-800 flex items-center justify-center py-12 px-4 sm:px-6 lg:px-8\"\u001b[39m\n        \u001b[36m>\u001b[39m\n          \u001b[36m<div\u001b[39m\n            \u001b[33mclass\u001b[39m=\u001b[32m\"max-w-md w-full space-y-8\"\u001b[39m\n          \u001b[36m>\u001b[39m\n            \u001b[36m<div\u001b[39m\n              \u001b[33mclass\u001b[39m=\u001b[32m\"text-center\"\u001b[39m\n            \u001b[36m>\u001b[39m\n              \u001b[36m<a\u001b[39m\n                \u001b[33mclass\u001b[39m=\u001b[32m\"inline-flex items-center text-orange-600 hover:text-orange-500 mb-6 transition-colors\"\u001b[39m\n                \u001b[33mhref\u001b[39m=\u001b[32m\"/login\"\u001b[39m\n              \u001b[36m>\u001b[39m\n                \u001b[36m<span\u001b[39m\n                  \u001b[33mclass\u001b[39m=\u001b[32m\"inline-block w-4 h-4 mr-2\"\u001b[39m\n                  \u001b[33mstyle\u001b[39m=\u001b[32m\"font-size: 16px;\"\u001b[39m\n                \u001b[36m>\u001b[39m\n                  \u001b[0m⬅️\u001b[0m\n                \u001b[36m</span>\u001b[39m\n                \u001b[0mBack to Sign In\u001b[0m\n              \u001b[36m</a>\u001b[39m\n              \u001b[36m<div\u001b[39m\n                \u001b[33mclass\u001b[39m=\u001b[32m\"w-20 h-20 bg-gradient-to-r from-orange-500 to-yellow-500 rounded-full flex items-center justify-center mx-auto mb-6\"\u001b[39m\n              \u001b[36m>\u001b[39m\n                \u001b[36m<span\u001b[39m\n                  \u001b[33mclass\u001b[39m=\u001b[32m\"inline-block w-10 h-10 text-white\"\u001b[39m\n                  \u001b[33mstyle\u001b[39m=\u001b[32m\"font-size: 16px;\"\u001b[39m\n                \u001b[36m>\u001b[39m\n                  \u001b[0m📧\u001b[0m\n                \u001b[36m</span>\u001b[39m\n              \u001b[36m</div>\u001b[39m\n              \u001b[36m<h2\u001b[39m\n                \u001b[33mclass\u001b[39m=\u001b[32m\"text-3xl font-bold text-gray-900 dark:text-white mb-2\"\u001b[39m\n              \u001b[36m>\u001b[39m\n                \u001b[0mForgot your password?\u001b[0m\n              \u001b[36m</h2>\u001b[39m\n              \u001b[36m<p\u001b[39m\n                \u001b[33mclass\u001b[39m=\u001b[32m\"text-gray-600 dark:text-gray-400\"\u001b[39m\n              \u001b[36m>\u001b[39m\n                \u001b[0mNo worries! Enter your email and we'll send you a reset link.\u001b[0m\n              \u001b[36m</p>\u001b[39m\n            \u001b[36m</div>\u001b[39m\n            \u001b[36m<form\u001b[39m\n              \u001b[33mclass\u001b[39m=\u001b[32m\"mt-8 space-y-6\"\u001b[39m\n            \u001b[36m>\u001b[39m\n              \u001b[36m<div>\u001b[39m\n                \u001b[36m<label\u001b[39m\n                  \u001b[33mclass\u001b[39m=\u001b[32m\"block text-sm font-medium text-gray-700 dark:text-gray-300 mb-2\"\u001b[39m\n                  \u001b[33mfor\u001b[39m=\u001b[32m\"email\"\u001b[39m\n                \u001b[36m>\u001b[39m\n                  \u001b[0mEmail Address\u001b[0m\n                \u001b[36m</label>\u001b[39m\n                \u001b[36m<div\u001b[39m\n                  \u001b[33mclass\u001b[39m=\u001b[32m\"relative\"\u001b[39m\n                \u001b[36m>\u001b[39m\n                  \u001b[36m<div\u001b[39m\n                    \u001b[33mclass\u001b[39m=\u001b[32m\"absolute inset-y-0 left-0 pl-3 flex items-center pointer-events-none\"\u001b[39m\n                  \u001b[36m>\u001b[39m\n                    \u001b[36m<span\u001b[39m\n                      \u001b[33mclass\u001b[39m=\u001b[32m\"inline-block h-5 w-5 text-gray-400\"\u001b[39m\n                      \u001b[33mstyle\u001b[39m=\u001b[32m\"font-size: 16px;\"\u001b[39m\n                    \u001b[36m>\u001b[39m\n                      \u001b[0m📧\u001b[0m\n                    \u001b[36m</span>\u001b[39m\n                  \u001b[36m</div>\u001b[39m\n                  \u001b[36m<input\u001b[39m\n                    \u001b[33mautocomplete\u001b[39m=\u001b[32m\"email\"\u001b[39m\n                    \u001b[33mclass\u001b[39m=\u001b[32m\"block w-full pl-10 pr-3 py-3 border border-gray-300 dark:border-gray-600 rounded-lg placeholder-gray-500 text-gray-900 dark:text-white dark:bg-gray-700 focus:outline-none focus:ring-2 focus:ring-orange-500 focus:border-transparent\"\u001b[39m\n                    \u001b[33mid\u001b[39m=\u001b[32m\"email\"\u001b[39m\n                    \u001b[33mname\u001b[39m=\u001b[32m\"email\"\u001b[39m\n                    \u001b[33mplaceholder\u001b[39m=\u001b[32m\"Enter your email address\"\u001b[39m\n                    \u001b[33mrequired\u001b[39m=\u001b[32m\"\"\u001b[39m\n                    \u001b[33mtype\u001b[39m=\u001b[32m\"email\"\u001b[39m\n                    \u001b[33mvalue\u001b[39m=\u001b[32m\"\"\u001b[39m\n                  \u001b[36m/>\u001b[39m\n                \u001b[36m</div>\u001b[39m\n              \u001b[36m</div>\u001b[39m\n              \u001b[36m<button\u001b[39m\n                \u001b[33mclass\u001b[39m=\u001b[32m\"group relative w-full flex justify-center py-3 px-4 border border-transparent text-sm font-medium rounded-lg text-white bg-gradient-to-r from-orange-500 to-yellow-500 hover:from-orange-600 hover:to-yellow-600 focus:outline-none focus:ring-2 focus:ring-offset-2 focus:ring-orange-500 disabled:opacity-50 disabled:cursor-not-allowed transition-colors\"\u001b[39m\n                \u001b[33mtype\u001b[39m=\u001b[32m\"submit\"\u001b[39m\n              \u001b[36m>\u001b[39m\n                \u001b[0mSend Reset Link\u001b[0m\n              \u001b[36m</button>\u001b[39m\n              \u001b[36m<div\u001b[39m\n                \u001b[33mclass\u001b[39m=\u001b[32m\"text-center\"\u001b[39m\n              \u001b[36m>\u001b[39m\n                \u001b[36m<p\u001b[39m\n                  \u001b[33mclass\u001b[39m=\u001b[32m\"te
[...]
\u001b[36m</div>\u001b[39m\n          \u001b[36m</div>\u001b[39m\n          \u001b[36m<div\u001b[39m\n            \u001b[33mclass\u001b[39m=\u001b[32m\"relative\"\u001b[39m\n          \u001b[36m>\u001b[39m\n            \u001b[36m<label\u001b[39m\n              \u001b[33mclass\u001b[39m=\u001b[32m\"block text-sm font-medium text-gray-700 dark:text-gray-300 mb-2\"\u001b[39m\n            \u001b[36m>\u001b[39m\n              \u001b[0mJob Type\u001b[0m\n            \u001b[36m</label>\u001b[39m\n            \u001b[36m<div\u001b[39m\n              \u001b[33mclass\u001b[39m=\u001b[32m\"w-full px-3 py-2 border border-gray-300 dark:border-gray-600 dark:bg-gray-700 dark:text-gray-100 rounded text-sm cursor-pointer flex justify-between items-center\"\u001b[39m\n            \u001b[36m>\u001b[39m\n              \u001b[36m<span>\u001b[39m\n                \u001b[0mSelect job type...\u001b[0m\n              \u001b[36m</span>\u001b[39m\n              \u001b[36m<svg\u001b[39m\n                \u001b[33mclass\u001b[39m=\u001b[32m\"w-4 h-4 text-gray-400 transition-transform \"\u001b[39m\n                \u001b[33mfill\u001b[39m=\u001b[32m\"none\"\u001b[39m\n                \u001b[33mstroke\u001b[39m=\u001b[32m\"currentColor\"\u001b[39m\n                \u001b[33mviewBox\u001b[39m=\u001b[32m\"0 0 24 24\"\u001b[39m\n              \u001b[36m>\u001b[39m\n                \u001b[36m<path\u001b[39m\n                  \u001b[33md\u001b[39m=\u001b[32m\"M19 9l-7 7-7-7\"\u001b[39m\n                  \u001b[33mstroke-linecap\u001b[39m=\u001b[32m\"round\"\u001b[39m\n                  \u001b[33mstroke-linejoin\u001b[39m=\u001b[32m\"round\"\u001b[39m\n                  \u001b[33mstroke-width\u001b[39m=\u001b[32m\"2\"\u001b[39m\n                \u001b[36m/>\u001b[39m\n              \u001b[36m</svg>\u001b[39m\n            \u001b[36m</div>\u001b[39m\n          \u001b[36m</div>\u001b[39m\n          \u001b[36m<div\u001b[39m\n            \u001b[33mclass\u001b[39m=\u001b[32m\"relative\"\u001b[39m\n          \u001b[36m>\u001b[39m\n            \u001b[36m<label\u001b[39m\n              \u001b[33mclass\u001b[39m=\u001b[32m\"block text-sm font-medium text-gray-700 dark:text-gray-300 mb-2\"\u001b[39m\n            \u001b[36m>\u001b[39m\n              \u001b[0mExperience Level\u001b[0m\n            \u001b[36m</label>\u001b[39m\n            \u001b[36m<div\u001b[39m\n              \u001b[33mclass\u001b[39m=\u001b[32m\"w-full px-3 py-2 border border-gray-300 dark:border-gray-600 dark:bg-gray-700 dark:text-gray-100 rounded text-sm cursor-pointer flex justify-between items-center\"\u001b[39m\n            \u001b[36m>\u001b[39m\n              \u001b[36m<span>\u001b[39m\n                \u001b[0mSelect experience...\u001b[0m\n              \u001b[36m</span>\u001b[39m\n              \u001b[36m<svg\u001b[39m\n                \u001b[33mclass\u001b[39m=\u001b[32m\"w-4 h-4 text-gray-400 transition-transform rotate-180\"\u001b[39m\n                \u001b[33mfill\u001b[39m=\u001b[32m\"none\"\u001b[39m\n                \u001b[33mstroke\u001b[39m=\u001b[32m\"currentColor\"\u001b[39m\n                \u001b[33mviewBox\u001b[39m=\u001b[32m\"0 0 24 24\"\u001b[39m\n              \u001b[36m>\u001b[39m\n                \u001b[36m<path\u001b[39m\n                  \u001b[33md\u001b[39m=\u001b[32m\"M19 9l-7 7-7-7\"\u001b[39m\n                  \u001b[33mstroke-linecap\u001b[39m=\u001b[32m\"round\"\u001b[39m\n                  \u001b[33mstroke-linejoin\u001b[39m=\u001b[32m\"round\"\u001b[39m\n                  \u001b[33mstroke-width\u001b[39m=\u001b[32m\"2\"\u001b[39m\n                \u001b[36m/>\u001b[39m\n              \u001b[36m</svg>\u001b[39m\n            \u001b[36m</div>\u001b[39m\n            \u001b[36m<div\u001b[39m\n              \u001b[33mclass\u001b[39m=\u001b[32m\"absolute top-full left-0 right-0 mt-1 bg-white dark:bg-gray-700 border border-gray-300 dark:border-gray-600 rounded shadow-lg z-50 max-h-60 overflow-y-auto\"\u001b[39m\n            \u001b[36m>\u001b[39m\n              \u001b[36m<div\u001b[39m\n                \u001b[33mclass\u001b[39m=\u001b[32m\"px-3 py-2 hover:bg-gray-100 dark:hover:bg-gray-600 cursor-pointer flex items-center\"\u001b[39m\n              \u001b[36m>\u001b[39m\n                \u001b[36m<input\u001b[39m\n                  \u001b[33mclass\u001b[39m=\u001b[32m\"h-4 w-4 text-blue-600 focus:ring-blue-500 border-gray-300 dark:border-gray-600 rounded mr-2 pointer-events-none\"\u001b[39m\n                  \u001b[33mreadonly\u001b[39m=\u001b[32m\"\"\u001b[39m\n                  \u001b[33mtype\u001b[39m=\u001b[32m\"checkbox\"\u001b[39m\n                \u001b[36m/>\u001b[39m\n                \u001b[36m<span\u001b[39m\n                  \u001b[33mclass\u001b[39m=\u001b[32m\"text-sm text-gray-700 dark:text-gray-300\"\u001b[39m\n                \u001b[36m>\u001b[39m\n                  \u001b[0mEntry Level\u001b[0m\n                \u001b[36m</span>\u001b[39m\n              \u001b[36m</div>\u001b[39m\n              \u001b[36m<div\u001b[39m\n                \u001b[33mclass\u001b[39m=\u001b[32m\"px-3 py-2 hover:bg-gray-100 dark:hover:bg-gray-600 cursor-pointer flex items-center\"\u001b[39m\n              \u001b[36m>\u001b[39m\n                \u001b[36m<input\u001b[39m\n                  \u001b[33mclass\u001b[39m=\u001b[32m\"h-4 w-4 text-blue-600 focus:ring-blue-500 border-gray-300 dark:border-gray-600 rounded mr-2 pointer-events-none\"\u001b[39m\n                  \u001b[33mreadonly\u001b[39m=\u001b[32m\"\"\u001b[39m\n                  \u001b[33mtype\u001b[39m=\u001b[32m\"checkbox\"\u001b[39m\n                \u001b[36m/>\u001b[39m\n                \u001b[36m<span\u001b[39m\n                  \u001b[33mclass\u001b[39m=\u001b[32m\"text-sm text-gray-700 dark:text-gray-300\"\u001b[39m\n                \u001b[36m>\u001b[39m\n                  \u001b[0mMid Level\u001b[0m\n                \u001b[36m</span>\u001b[39m\n              \u001b[36m</div>\u001b[39m\n              \u001b[36m<div\u001b[39m\n                \u001b[33mclass\u001b[39m=\u001b[32m\"px-3 py-2 hover:bg-gray-100 dark:hover:bg-gray-600 cursor-pointer flex items-center\"\u001b[39m\n              \u001b[36m>\u001b[39m\n                \u001b[36m<input\u001b[39m\n                  \u001b[33mclass\u001b[39m=\u001b[32m\"h-4 w-4 text-blue-600 focus:ring-blue-500 border-gray-300 dark:border-gray-600 rounded mr-2 pointer-events-none\"\u001b[39m\n                  \u001b[33mreadonly\u001b[39m=\u001b[32m\"\"\u001b[39m\n                  \u001b[33mtype\u001b[39m=\u001b[32m\"checkbox\"\u001b[39m\n                \u001b[36m/>\u001b[39m\n                \u001b[36m<span\u001b[39m\n                  \u001b[33mclass\u001b[39m=\u001b[32m\"text-sm text-gray-700 dark:text-gray-300\"\u001b[39m\n                \u001b[36m>\u001b[39m\n                  \u001b[0mSenior\u001b[0m\n                \u001b[36m</span>\u001b[39m\n              \u001b[36m</div>\u001b[39m\n              \u001b[36m<div\u001b[39m\n                \u001b[33mclass\u001b[39m=\u001b[32m\"px-3 py-2 hover:bg-gray-100 dark:hover:bg-gray-600 cursor-pointer flex items-center\"\u001b[39m\n              \u001b[36m>\u001b[39m\n                \u001b[36m<input\u001b[39m\n                  \u001b[33mclass\u001b[39m=\u001b[32m\"h-4 w-4 text-blue-600 focus:ring-blue-500 border-gray-300 dark:border-gray-600 rounded mr-2 pointer-events-none\"\u001b[39m\n                  \u001b[33mreadonly\u001b[39m=\u001b[32m\"\"\u001b[39m\n                  \u001b[33mtype\u001b[39m=\u001b[32m\"checkbox\"\u001b[39m\n                \u001b[36m/>\u001b[39m\n                \u001b[36m<span\u001b[39m\n                  \u001b[33mclass\u001b[39m=\u001b[32m\"text-sm text-gray-700 dark:text-gray-300\"\u001b[39m\n                \u001b[36m>\u001b[39m\n                  \u001b[0mLead/Manager\u001b[0m\n                \u001b[36m</span>\u001b[39m\n              \u001b[36m</div>\u001b[39m\n            \u001b[36m</div>\u001b[39m\n          \u001b[36m</div>\u001b[39m\n          \u001b[36m<div>\u001b[39m\n            \u001b[36m<label\u001b[39m\n              \u001b[33mclass\u001b[39m=\u001b[32m\"block text-sm font-medium text-gray-700 dark:text-gray-300 mb-2\"\u001b[39m\n            \u001b[36m>\u001b[39m\n              \u001b[0mPosted\u001b[0m\n            \u001b[36m</label>\u001b[39m\n            \u001b[36m<select\u001b[39m\n              \u001b[33mclass\u001b[39m=\u001b[32m\"w-full px-3 py-2 border border-gray-300 dark:border-gray-600 dark:bg-gray-700 dark:text-gray-100 rounded text-sm focus:ring-blue-500 focus:border-blue-500\"\u001b[39m\n            \u001b[36m>\u001b[39m\n              \u001b[36m<option\u001b[39m\n                \u001b[33mvalue\u001b[39m=\u001b[32m\"\"\u001b[39m\n              \u001b[36m>\u001b[39m\n                \u001b[0mAny time\u001b[0m\n              \u001b[36m</option>\u001b[39m\n              \u001b[36m<option\u001b[39m\n                \u001b[33mvalue\u001b[39m=\u001b[32m\"1DAY\"\u001b[39m\n              \u001b[36m>\u001b[39m\n                \u001b[0m24h\u001b[0m\n              \u001b[36m</option>\u001b[39m\n              \u001b[36m<option\u001b[39m\n                \u001b[33mvalue\u001b[39m=\u001b[32m\"3DAYS\"\u001b[39m\n              \u001b[36m>\u001b[39m\n                \u001b[0m3 days\u001b[0m\n              \u001b[36m</option>\u001b[39m\n              \u001b[36m<option\u001b[39m\n                \u001b[33mvalue\u001b[39m=\u001b[32m\"7DAYS\"\u001b[39m\n              \u001b[36m>\u001b[39m\n                \u001b[0m1 week\u001b[0m\n              \u001b[36m</option>\u001b[39m\n              \u001b[36m<option\u001b[39m\n                \u001b[33mvalue\u001b[39m=\u001b[32m\"30DAYS\"\u001b[39m\n              \u001b[36m>\u001b[39m\n                \u001b[0m1 month\u001b[0m\n              \u001b[36m</option>\u001b[39m\n            \u001b[36m</select>\u001b[39m\n          \u001b[36m</div>\u001b[39m\n          \u001b[36m<div>\u001b[39m\n            \u001b[36m<label\u001b[39m\n              \u001b[33mclass\u001b[39m=\u001b[32m\"block text-sm font-medium text-gray-700 dark:text-gray-300 mb-2\"\u001b[39m\n            \u001b[36m>\u001b[39m\n              \u001b[0mSalary\u001b[0m\n            \u001b[36m</label>\u001b[39m\n            \u001b[36m<select\u001b[39m\n              \u001b[33mclass\u001b[39m=\u001b[32m\"w-full px-3 py-2 border border-gray-300 dark:border-gray-600 dark:bg-gray-700 dark:text-gray-100 rounded text-sm focus:ring-blue-500 focus:border-blue-500\"\u001b[39m\n            \u001b[36m>\u001b[39m\n              \u001b[36m<option\u001b[39m\n                \u001b[33mvalue\u001b[39m=\u001b[32m\"\"\u001b[39m\n              \u001b[36m>\u001b[39m\n                \u001b[0mAny\u001b[0m\n              \u001b[36m</option>\u001b[39m\n              \u001b[36m<option\u001b[39m\n                \u001b[33mvalue\u001b[39m=\u001b[32m\"36000-72000\"\u001b[39m\n              \u001b[36m>\u001b[39m\n                \u001b[0m$36k - $72k\u001b[0m\n              \u001b[36m</option>\u001b[39m\n              \u001b[36m<option\u001b[39m\n                \u001b[33mvalue\u001b[39m=\u001b[32m\"72000-108000\"\u001b[39m\n              \u001b[36m>\u001b[39m\n                \u001b[0m$72k - $108k\u001b[0m\n              \u001b[36m</option>\u001b[39m\n              \u001b[36m<option\u001b[39m\n                \u001b[33mvalue\u001b[39m=\u001b[32m\"108000-144000\"\u001b[39m\n              \u001b[36m>\u001b[39m\n                \u001b[0m$108k - $144k\u001b[0m\n              \u001b[36m</option>\u001b[39m\n              \u001b[36m<option\u001b[39m\n                \u001b[33mvalue\u001b[39m=\u001b[32m\"144000-180000\"\u001b[39m\n              \u001b[36m>\u001b[39m\n                \u001b[0m$144k - $180k\u001b[0m\n              \u001b[36m</option>\u001b[39m\n              \u001b[36m<option\u001b[39m\n                \u001b[33mvalue\u001b[39m=\u001b[32m\"180000+\"\u001b[39m\n              \u001b[36m>\u001b[39m\n                \u001b[0m$180k+\u001b[0m\n              \u001b[36m</option>\u001b[39m\n            \u001b[36m</select>\u001b[39m\n          \u001b[36m</div>\u001b[39m\n          \u001b[36m<div>\u001b[39m\n            \u001b[36m<label\u001b[39m\n              \u001b[33mclass\u001b[39m=\u001b[32m\"block text-sm font-medium text-gray-700 dark:text-gray-300 mb-2\"\u001b[39m\n            \u001b[36m>\u001b[39m\n              \u001b[0mLocation\u001b[0m\n            \u001b[36m</label>\u001b[39m\n            \u001b[36m<div\u001b[39m\n              \u001b[33mclass\u001b[39m=\u001b[32m\"relative\"\u001b[39m\n            \u001b[36m>\u001b[39m\n              \u001b[36m<svg\u001b[39m\n                \u001b[33maria-hidden\u001b[39m=\u001b[32m\"true\"\u001b[39m\n                \u001b[33mclass\u001b[39m=\u001b[32m\"lucide lucide-map-pin absolute left-3 top-2.5 h-4 w-4 text-gray-400\"\u001b[39m\n                \u001b[33mfill\u001b[39m=\u001b[32m\"none\"\u001b[39m\n                \u001b[33mheight\u001b[39m=\u001b[32m\"24\"\u001b[39m\n                \u001b[33mstroke\u001b[39m=\u001b[32m\"currentColor\"\u001b[39m\n                \u001b[33mstroke-linecap\u001b[39m=\u001b[32m\"round\"\u001b[39m\n                \u001b[33mstroke-linejoin\u001b[39m=\u001b[32m\"round\"\u001b[39m\n                \u001b[33mstroke-width\u001b[39m=\u001b[32m\"2\"\u001b[39m\n                \u001b[33mviewBox\u001b[39m=\u001b[32m\"0 0 24 24\"\u001b[39m\n                \u001b[33mwidth\u001b[39m=\u001b[32m\"24\"\u001b[39m\n                \u001b[33mxmlns\u001b[39m=\u001b[32m\"http://www.w3.org/2000/svg\"\u001b[39m\n              \u001b[36m>\u001b[39m\n                \u001b[36m<path\u001b[39m\n                  \u001b[33md\u001b[39m=\u001b[32m\"M20 10c0 4.993-5.539 10.193-7.399 11.799a1 1 0 0 1-1.202 0C9.539 20.193 4 14.993 4 10a8 8 0 0 1 16 0\"\u001b[39m\n                \u001b[36m/>\u001b[39m\n                \u001b[36m<circle\u001b[39m\n                  \u001b[33mcx\u001b[39m=\u001b[32m\"12\"\u001b[39m\n                  \u001b[33mcy\u001b[39m=\u001b[32m\"10\"\u001b[39m\n                  \u001b[33mr\u001b[39m=\u001b[32m\"3\"\u001b[39m\n                \u001b[36m/>\u001b[39m\n              \u001b[36m</svg>\u001b[39m\n              \u001b[36m<input\u001b[39m\n                \u001b[33mclass\u001b[39m=\u001b[32m\"w-full pl-10 pr-3 py-2 border border-gray-300 dark:border-gray-600 dark:bg-gray-700 dark:text-gray-100 rounded text-sm focus:ring-blue-500 focus:border-blue-500\"\u001b[39m\n                \u001b[33mplaceholder\u001b[39m=\u001b[32m\"City, country...\"\u001b[39m\n                \u001b[33mtype\u001b[39m=\u001b[32m\"text\"\u001b[39m\n                \u001b[33mvalue\u001b[39m=\u001b[32m\"\"\u001b[39m\n              \u001b[36m/>\u001b[39m\n            \u001b[36m</div>\u001b[39m\n          \u001b[36m</div>\u001b[39m\n          \u001b[36m<div>\u001b[39m\n            \u001b[36m<label\u001b[39m\n              \u001b[33mclass\u001b[39m=\u001b[32m\"block text-sm font-medium text-gray-700 dark:text-gray-300 mb-2\"\u001b[39m\n            \u001b[36m>\u001b[39m\n              \u001b[0mCompany\u001b[0m\n            \u001b[36m</label>\u001b[39m\n            \u001b[36m<div\u001b[39m\n              \u001b[33mclass\u001b[39m=\u001b[32m\"relative\"\u001b[39m\n            \u001b[36m>\u001b[39m\n              \u001b[36m<svg\u001b[39m\n                \u001b[33maria-hidden\u001b[39m=\u001b[32m\"true\"\u001b[39m\n                \u001b[33mclass\u001b[39m=\u001b[32m\"lucide lucide-briefcase absolute left-3 top-2.5 h-4 w-4 text-gray-400\"\u001b[39m\n                \u001b[33mfill\u001b[39m=\u001b[32m\"none\"\u001b[39m\n                \u001b[33mheight\u001b[39m=\u001b[32m\"24\"\u001b[39m\n                \u001b[33mstroke\u001b[39m=\u001b[32m\"currentColor\"\u001b[39m\n                \u001b[33mstroke-linecap\u001b[39m=\u001b[32m\"round\"\u001b[39m\n                \u001b[33mstroke-linejoin\u001b[39m=\u001b[32m\"round\"\u001b[39m\n                \u001b[33mstroke-width\u001b[39m=\u001b[32m\"2\"\u001b[39m\n                \u001b[33mviewBox\u001b[39m=\u001b[32m\"0 0 24 24\"\u001b[39m\n                \u001b[33mwidth\u001b[39m=\u001b[32m\"24\"\u001b[39m\n                \u001b[33mxmlns\u001b[39m=\u001b[32m\"http://www.w3.org/2000/svg\"\u001b[39m\n              \u001b[36m>\u001b[39m\n                \u001b[36m<path\u001b[39m\n                  \u001b[33md\u001b[39m=\u001b[32m\"M16 20V4a2 2 0 0 0-2-2h-4a2 2 0 0 0-2 2v16\"\u001b[39m\n                \u001b[36m/>\u001b[39m\n                \u001b[36m<rect\u001b[39m\n                  \u001b[33mheight\u001b[39m=\u001b[32m\"14\"\u001b[39m\n                  \u001b[33mrx\u001b[39m=\u001b[32m\"2\"\u001b[39m\n                  \u001b[33mwidth\u001b[39m=\u001b[32m\"20\"\u001b[39m\n                  \u001b[33mx\u001b[39m=\u001b[32m\"2\"\u001b[39m\n                  \u001b[33my\u001b[39m=\u001b[32m\"6\"\u001b[39m\n                \u001b[36m/>\u001b[39m\n              \u001b[36m</svg>\u001b[39m\n              \u001b[36m<input\u001b[39m\n                \u001b[33mclass\u001b[39m=\u001b[32m\"w-full pl-10 pr-3 py-2 border border-gray-300 dark:border-gray-600 dark:bg-gray-700 dark:text-gray-100 rounded text-sm focus:ring-blue-500 focus:border-blue-500\"\u001b[39m\n                \u001b[33mplaceholder\u001b[39m=\u001b[32m\"Company name...\"\u001b[39m\n                \u001b[33mtype\u001b[39m=\u001b[32m\"text\"\u001b[39m\n                \u001b[33mvalue\u001b[39m=\u001b[32m\"\"\u001b[39m\n              \u001b[36m/>\u001b[39m\n            \u001b[36m</div>\u001b[39m\n          \u001b[36m</div>\u001b[39m\n          \u001b[36m<button\u001b[39m\n            \u001b[33mclass\u001b[39m=\u001b[32m\"w-full px-4 py-2 text-sm text-gray-600 dark:text-gray-400 hover:text-gray-800 dark:hover:text-gray-200 border border-gray-300 dark:border-gray-600 rounded hover:bg-gray-50 dark:hover:bg-gray-700 transition-colors\"\u001b[39m\n          \u001b[36m>\u001b[39m\n            \u001b[0mClear All Filters\u001b[0m\n          \u001b[36m</button>\u001b[39m\n        \u001b[36m</div>\u001b[39m\n      \u001b[36m</div>\u001b[39m\n    \u001b[36m</body>\u001b[39m\n\u001b[2m\u001b[22m\n\u001b[2m    \u001b[0m \u001b[90m 66 |\u001b[39m     \u001b[36mconst\u001b[39m filtersWithValues \u001b[33m=\u001b[39m { \u001b[33m...\u001b[39mdefaultFilters\u001b[33m,\u001b[39m query\u001b[33m:\u001b[39m \u001b[32m'Developer'\u001b[39m\u001b[33m,\u001b[39m experiences\u001b[33m:\u001b[39m [\u001b[32m'senior'\u001b[39m] }\u001b[33m;\u001b[39m\u001b[22m\n\u001b[2m     \u001b[90m 67 |\u001b[39m     render(\u001b[33m<\u001b[39m\u001b[33mSearchFilters\u001b[39m {\u001b[33m...\u001b[39mmockProps} filters\u001b[33m=\u001b[39m{filtersWithValues} \u001b[33m/\u001b[39m\u001b[33m>\u001b[39m)\u001b[33m;\u001b[39m\u001b[22m\n\u001b[2m    \u001b[31m\u001b[1m>\u001b[22m\u001b[2m\u001b[39m\u001b[90m 68 |\u001b[39m\u001b[22m\n\u001b[2m     \u001b[90m    |\u001b[39m \u001b[31m\u001b[1m^\u001b[22m\u001b[2m\u001b[39m\u001b[22m\n\u001b[2m     \u001b[90m 69 |\u001b[39m     \u001b[36mconst\u001b[39m clearButton \u001b[33m=\u001b[39m screen\u001b[33m.\u001b[39mgetByRole(\u001b[32m'button'\u001b[39m\u001b[33m,\u001b[39m { name\u001b[33m:\u001b[39m \u001b[35m/clear all filters/i\u001b[39m })\u001b[33m;\u001b[39m\u001b[22m\n\u001b[2m     \u001b[90m 70 |\u001b[39m     fireEvent\u001b[33m.\u001b[39mclick(clearButton)\u001b[33m;\u001b[39m\u001b[22m\n\u001b[2m     \u001b[90m 71 |\u001b[39m\u001b[0m\u001b[22m\n\u001b[2m\u001b[22m\n\u001b[2m      \u001b[2mat waitForWrapper (\u001b[22m\u001b[2mnode_modules/@testing-library/dom/dist/wait-for.js\u001b[2m:163:27)\u001b[22m\u001b[2m\u001b[22m\n\u001b[2m      \u001b[2mat \u001b[22m\u001b[2mnode_modules/@testing-library/dom/dist/query-helpers.js\u001b[2m:86:33\u001b[22m\u001b[2m\u001b[22m\n\u001b[2m      \u001b[2mat Object.<anonymous> (\u001b[22m\u001b[2m\u001b[0m\u001b[36msrc/__tests__/components/SearchFilters.test.tsx\u001b[39m\u001b[0m\u001b[2m:68:49)\u001b[22m\u001b[2m\u001b[22m\n","name":"/Users/sarperhorata/buzz2remote/frontend/src/__tests__/components/SearchFilters.test.tsx","startTime":1752748017831,"status":"failed","summary":""}],"wasInterrupted":false}