{"numFailedTestSuites":7,"numFailedTests":49,"numPassedTestSuites":36,"numPassedTests":345,"numPendingTestSuites":0,"numPendingTests":0,"numRuntimeErrorTestSuites":1,"numTodoTests":0,"numTotalTestSuites":43,"numTotalTests":394,"openHandles":[],"snapshot":{"added":0,"didUpdate":false,"failure":false,"filesAdded":0,"filesRemoved":0,"filesRemovedList":[],"filesUnmatched":0,"filesUpdated":0,"matched":0,"total":0,"unchecked":0,"uncheckedKeysByFile":[],"unmatched":0,"updated":0},"startTime":1751605328765,"success":false,"testResults":[{"assertionResults":[{"ancestorTitles":["ForgotPassword"],"failureMessages":["TestingLibraryElementError: Unable to find an element with the text: Şifremi Unuttum. This could be because the text is broken up by multiple elements. In this case, you can provide a function for your text matcher to make your matcher more flexible.\n\nIgnored nodes: comments, script, style\n\u001b[36m<body>\u001b[39m\n  \u001b[36m<div>\u001b[39m\n    \u001b[36m<div\u001b[39m\n      \u001b[33mclass\u001b[39m=\u001b[32m\"min-h-screen bg-gradient-to-br from-orange-50 to-yellow-50 dark:from-gray-900 dark:to-gray-800 flex items-center justify-center py-12 px-4 sm:px-6 lg:px-8\"\u001b[39m\n    \u001b[36m>\u001b[39m\n      \u001b[36m<div\u001b[39m\n        \u001b[33mclass\u001b[39m=\u001b[32m\"max-w-md w-full space-y-8\"\u001b[39m\n      \u001b[36m>\u001b[39m\n        \u001b[36m<div\u001b[39m\n          \u001b[33mclass\u001b[39m=\u001b[32m\"text-center\"\u001b[39m\n        \u001b[36m>\u001b[39m\n          \u001b[36m<a\u001b[39m\n            \u001b[33mclass\u001b[39m=\u001b[32m\"inline-flex items-center text-orange-600 hover:text-orange-500 mb-6 transition-colors\"\u001b[39m\n            \u001b[33mhref\u001b[39m=\u001b[32m\"/login\"\u001b[39m\n          \u001b[36m>\u001b[39m\n            \u001b[36m<span\u001b[39m\n              \u001b[33mclass\u001b[39m=\u001b[32m\"inline-block w-4 h-4 mr-2\"\u001b[39m\n              \u001b[33mstyle\u001b[39m=\u001b[32m\"font-size: 16px;\"\u001b[39m\n            \u001b[36m>\u001b[39m\n              \u001b[0m⬅️\u001b[0m\n            \u001b[36m</span>\u001b[39m\n            \u001b[0mBack to Sign In\u001b[0m\n          \u001b[36m</a>\u001b[39m\n          \u001b[36m<div\u001b[39m\n            \u001b[33mclass\u001b[39m=\u001b[32m\"w-20 h-20 bg-gradient-to-r from-orange-500 to-yellow-500 rounded-full flex items-center justify-center mx-auto mb-6\"\u001b[39m\n          \u001b[36m>\u001b[39m\n            \u001b[36m<span\u001b[39m\n              \u001b[33mclass\u001b[39m=\u001b[32m\"inline-block w-10 h-10 text-white\"\u001b[39m\n              \u001b[33mstyle\u001b[39m=\u001b[32m\"font-size: 16px;\"\u001b[39m\n            \u001b[36m>\u001b[39m\n              \u001b[0m📧\u001b[0m\n            \u001b[36m</span>\u001b[39m\n          \u001b[36m</div>\u001b[39m\n          \u001b[36m<h2\u001b[39m\n            \u001b[33mclass\u001b[39m=\u001b[32m\"text-3xl font-bold text-gray-900 dark:text-white mb-2\"\u001b[39m\n          \u001b[36m>\u001b[39m\n            \u001b[0mForgot your password?\u001b[0m\n          \u001b[36m</h2>\u001b[39m\n          \u001b[36m<p\u001b[39m\n            \u001b[33mclass\u001b[39m=\u001b[32m\"text-gray-600 dark:text-gray-400\"\u001b[39m\n          \u001b[36m>\u001b[39m\n            \u001b[0mNo worries! Enter your email and we'll send you a reset link.\u001b[0m\n          \u001b[36m</p>\u001b[39m\n        \u001b[36m</div>\u001b[39m\n        \u001b[36m<form\u001b[39m\n          \u001b[33mclass\u001b[39m=\u001b[32m\"mt-8 space-y-6\"\u001b[39m\n        \u001b[36m>\u001b[39m\n          \u001b[36m<div>\u001b[39m\n            \u001b[36m<label\u001b[39m\n              \u001b[33mclass\u001b[39m=\u001b[32m\"block text-sm font-medium text-gray-700 dark:text-gray-300 mb-2\"\u001b[39m\n              \u001b[33mfor\u001b[39m=\u001b[32m\"email\"\u001b[39m\n            \u001b[36m>\u001b[39m\n              \u001b[0mEmail Address\u001b[0m\n            \u001b[36m</label>\u001b[39m\n            \u001b[36m<div\u001b[39m\n              \u001b[33mclass\u001b[39m=\u001b[32m\"relative\"\u001b[39m\n            \u001b[36m>\u001b[39m\n              \u001b[36m<div\u001b[39m\n                \u001b[33mclass\u001b[39m=\u001b[32m\"absolute inset-y-0 left-0 pl-3 flex items-center pointer-events-none\"\u001b[39m\n              \u001b[36m>\u001b[39m\n                \u001b[36m<span\u001b[39m\n                  \u001b[33mclass\u001b[39m=\u001b[32m\"inline-block h-5 w-5 text-gray-400\"\u001b[39m\n                  \u001b[33mstyle\u001b[39m=\u001b[32m\"font-size: 16px;\"\u001b[39m\n                \u001b[36m>\u001b[39m\n                  \u001b[0m📧\u001b[0m\n                \u001b[36m</span>\u001b[39m\n              \u001b[36m</div>\u001b[39m\n              \u001b[36m<input\u001b[39m\n                \u001b[33mautocomplete\u001b[39m=\u001b[32m\"email\"\u001b[39m\n                \u001b[33mclass\u001b[39m=\u001b[32m\"block w-full pl-10 pr-3 py-3 border border-gray-300 dark:border-gray-600 rounded-lg placeholder-gray-500 text-gray-900 dark:text-white dark:bg-gray-700 focus:outline-none focus:ring-2 focus:ring-orange-500 focus:border-transparent\"\u001b[39m\n                \u001b[33mid\u001b[39m=\u001b[32m\"email\"\u001b[39m\n                \u001b[33mname\u001b[39m=\u001b[32m\"email\"\u001b[39m\n                \u001b[33mplaceholder\u001b[39m=\u001b[32m\"Enter your email address\"\u001b[39m\n                \u001b[33mrequired\u001b[39m=\u001b[32m\"\"\u001b[39m\n                \u001b[33mtype\u001b[39m=\u001b[32m\"email\"\u001b[39m\n                \u001b[33mvalue\u001b[39m=\u001b[32m\"\"\u001b[39m\n              \u001b[36m/>\u001b[39m\n            \u001b[36m</div>\u001b[39m\n          \u001b[36m</div>\u001b[39m\n          \u001b[36m<button\u001b[39m\n            \u001b[33mclass\u001b[39m=\u001b[32m\"group relative w-full flex justify-center py-3 px-4 border border-transparent text-sm font-medium rounded-lg text-white bg-gradient-to-r from-orange-500 to-yellow-500 hover:from-orange-600 hover:to-yellow-600 focus:outline-none focus:ring-2 focus:ring-offset-2 focus:ring-orange-500 disabled:opacity-50 disabled:cursor-not-allowed transition-colors\"\u001b[39m\n            \u001b[33mtype\u001b[39m=\u001b[32m\"submit\"\u001b[39m\n          \u001b[36m>\u001b[39m\n            \u001b[0mSend Reset Link\u001b[0m\n          \u001b[36m</button>\u001b[39m\n          \u001b[36m<div\u001b[39m\n            \u001b[33mclass\u001b[39m=\u001b[32m\"text-center\"\u001b[39m\n          \u001b[36m>\u001b[39m\n            \u001b[36m<p\u001b[39m\n              \u001b[33mclass\u001b[39m=\u001b[32m\"text-sm text-gray-600 dark:text-gray-400\"\u001b[39m\n            \u001b[36m>\u001b[39m\n              \u001b[0mRemember your password?\u001b[0m\n              \u001b[0m \u001b[0m\n              \u001b[36m<a\u001b[39m\n                \u001b[33mclass\u001b[39m=\u001b[32m\"font-medium text-orange-600 hover:text-orange-500 transition-colors\"\u001b[39m\n                \u001b[33mhref\u001b[39m=\u001b[32m\"/login\"\u001b[39m\n              \u001b[36m>\u001b[39m\n                \u001b[0mSign in here\u001b[0m\n              \u001b[36m</a>\u001b[39m\n            \u001b[36m</p>\u001b[39m\n          \u001b[36m</div>\u001b[39m\n        \u001b[36m</form>\u001b[39m\n      \u001b[36m</div>\u001b[39m\n    \u001b[36m</div>\u001b[39m\n  \u001b[36m</div>\u001b[39m\n\u001b[36m</body>\u001b[39m\n    at Object.getElementError (/Users/sarperhorata/buzz2remote/frontend/node_modules/@testing-library/dom/dist/config.js:37:19)\n    at /Users/sarperhorata/buzz2remote/frontend/node_modules/@testing-library/dom/dist/query-helpers.js:76:38\n    at /Users/sarperhorata/buzz2remote/frontend/node_modules/@testing-library/dom/dist/query-helpers.js:52:17\n    at getByText (/Users/sarperhorata/buzz2remote/frontend/node_modules/@testing-library/dom/dist/query-helpers.js:95:19)\n    at Object.<anonymous> (/Users/sarperhorata/buzz2remote/frontend/src/__tests__/pages/ForgotPassword.test.tsx:39:19)\n    at Promise.then.completed (/Users/sarperhorata/buzz2remote/frontend/node_modules/jest-circus/build/utils.js:391:28)\n    at new Promise (<anonymous>)\n    at callAsyncCircusFn (/Users/sarperhorata/buzz2remote/frontend/node_modules/jest-circus/build/utils.js:316:10)\n    at _callCircusTest (/Users/sarperhorata/buzz2remote/frontend/node_modules/jest-circus/build/run.js:218:40)\n    at processTicksAndRejections (node:internal/process/task_queues:95:5)\n    at _runTest (/Users/sarperhorata/buzz2remote/frontend/node_modules/jest-circus/build/run.js:155:3)\n    at _runTestsForDescribeBlock (/Users/sarperhorata/buzz2remote/frontend/node_modules/jest-circus/build/run.js:66:9)\n    at _runTestsForDescribeBlock (/Users/sarperhorata/buzz2remote/frontend/node_modules/jest-circus/build/run.js:60:9)\n    at run (/Users/sarperhorata/buzz2remote/frontend/node_modules/jest-circus/build/run.js:25:3)\n    at runAndTransformResultsToJestFormat (/Users/sarperhorata/buzz2remote/frontend/node_modules/jest-circus/build/legacy-code-todo-rewrite/jestAdapterInit.js:170:21)\n    at jestAdapter (/Users/sarperhorata/buzz2remote/frontend/node_modules/jest-circus/build/legacy-code-todo-rewrite/jestAdapter.js:82:19)\n    at runTestInternal (/Users/sarperhorata/buzz2remote/frontend/node_modules/jest-runner/build/runTest.js:389:16)\n    at runTest (/Users/sarperhorata/buzz2remote/frontend/node_modules/jest-runner/build/runTest.js:475:34)\n    at Object.worker (/Users/sarperhorata/buzz2remote/frontend/node_modules/jest-runner/build/testWorker.js:133:12)"],"fullName":"ForgotPassword should render forgot password form correctly","location":null,"status":"failed","title":"should render forgot password form correctly"},{"ancestorTitles":["ForgotPassword"],"failureMessages":["TestingLibraryElementError: Unable to find an element with the placeholder text of: your@email.com\n\nIgnored nodes: comments, script, style\n\u001b[36m<body>\u001b[39m\n  \u001b[36m<div>\u001b[39m\n    \u001b[36m<div\u001b[39m\n      \u001b[33mclass\u001b[39m=\u001b[32m\"min-h-screen bg-gradient-to-br from-orange-50 to-yellow-50 dark:from-gray-900 dark:to-gray-800 flex items-center justify-center py-12 px-4 sm:px-6 lg:px-8\"\u001b[39m\n    \u001b[36m>\u001b[39m\n      \u001b[36m<div\u001b[39m\n        \u001b[33mclass\u001b[39m=\u001b[32m\"max-w-md w-full space-y-8\"\u001b[39m\n      \u001b[36m>\u001b[39m\n        \u001b[36m<div\u001b[39m\n          \u001b[33mclass\u001b[39m=\u001b[32m\"text-center\"\u001b[39m\n        \u001b[36m>\u001b[39m\n          \u001b[36m<a\u001b[39m\n            \u001b[33mclass\u001b[39m=\u001b[32m\"inline-flex items-center text-orange-600 hover:text-orange-500 mb-6 transition-colors\"\u001b[39m\n            \u001b[33mhref\u001b[39m=\u001b[32m\"/login\"\u001b[39m\n          \u001b[36m>\u001b[39m\n            \u001b[36m<span\u001b[39m\n              \u001b[33mclass\u001b[39m=\u001b[32m\"inline-block w-4 h-4 mr-2\"\u001b[39m\n              \u001b[33mstyle\u001b[39m=\u001b[32m\"font-size: 16px;\"\u001b[39m\n            \u001b[36m>\u001b[39m\n              \u001b[0m⬅️\u001b[0m\n            \u001b[36m</span>\u001b[39m\n            \u001b[0mBack to Sign In\u001b[0m\n          \u001b[36m</a>\u001b[39m\n          \u001b[36m<div\u001b[39m\n            \u001b[33mclass\u001b[39m=\u001b[32m\"w-20 h-20 bg-gradient-to-r from-orange-500 to-yellow-500 rounded-full flex items-center justify-center mx-auto mb-6\"\u001b[39m\n          \u001b[36m>\u001b[39m\n            \u001b[36m<span\u001b[39m\n              \u001b[33mclass\u001b[39m=\u001b[32m\"inline-block w-10 h-10 text-white\"\u001b[39m\n              \u001b[33mstyle\u001b[39m=\u001b[32m\"font-size: 16px;\"\u001b[39m\n            \u001b[36m>\u001b[39m\n              \u001b[0m📧\u001b[0m\n            \u001b[36m</span>\u001b[39m\n          \u001b[36m</div>\u001b[39m\n          \u001b[36m<h2\u001b[39m\n            \u001b[33mclass\u001b[39m=\u001b[32m\"text-3xl font-bold text-gray-900 dark:text-white mb-2\"\u001b[39m\n          \u001b[36m>\u001b[39m\n            \u001b[0mForgot your password?\u001b[0m\n          \u001b[36m</h2>\u001b[39m\n          \u001b[36m<p\u001b[39m\n            \u001b[33mclass\u001b[39m=\u001b[32m\"text-gray-600 dark:text-gray-400\"\u001b[39m\n          \u001b[36m>\u001b[39m\n            \u001b[0mNo worries! Enter your email and we'll send you a reset link.\u001b[0m\n          \u001b[36m</p>\u001b[39m\n        \u001b[36m</div>\u001b[39m\n        \u001b[36m<form\u001b[39m\n          \u001b[33mclass\u001b[39m=\u001b[32m\"mt-8 space-y-6\"\u001b[39m\n        \u001b[36m>\u001b[39m\n          \u001b[36m<div>\u001b[39m\n            \u001b[36m<label\u001b[39m\n              \u001b[33mclass\u001b[39m=\u001b[32m\"block text-sm font-medium text-gray-700 dark:text-gray-300 mb-2\"\u001b[39m\n              \u001b[33mfor\u001b[39m=\u001b[32m\"email\"\u001b[39m\n            \u001b[36m>\u001b[39m\n              \u001b[0mEmail Address\u001b[0m\n            \u001b[36m</label>\u001b[39m\n            \u001b[36m<div\u001b[39m\n              \u001b[33mclass\u001b[39m=\u001b[32m\"relative\"\u001b[39m\n            \u001b[36m>\u001b[39m\n              \u001b[36m<div\u001b[39m\n                \u001b[33mclass\u001b[39m=\u001b[32m\"absolute inset-y-0 left-0 pl-3 flex items-center pointer-events-none\"\u001b[39m\n              \u001b[36m>\u001b[39m\n                \u001b[36m<span\u001b[39m\n                  \u001b[33mclass\u001b[39m=\u001b[32m\"inline-block h-5 w-5 text-gray-400\"\u001b[39m\n                  \u001b[33mstyle\u001b[39m=\u001b[32m\"font-size: 16px;\"\u001b[39m\n                \u001b[36m>\u001b[39m\n                  \u001b[0m📧\u001b[0m\n                \u001b[36m</span>\u001b[39m\n              \u001b[36m</div>\u001b[39m\n              \u001b[36m<input\u001b[39m\n                \u001b[33mautocomplete\u001b[39m=\u001b[32m\"email\"\u001b[39m\n                \u001b[33mclass\u001b[39m=\u001b[32m\"block w-full pl-10 pr-3 py-3 border border-gray-300 dark:border-gray-600 rounded-lg placeholder-gray-500 text-gray-900 dark:text-white dark:bg-gray-700 focus:outline-none focus:ring-2 focus:ring-orange-500 focus:border-transparent\"\u001b[39m\n                \u001b[33mid\u001b[39m=\u001b[32m\"email\"\u001b[39m\n                \u001b[33mname\u001b[39m=\u001b[32m\"email\"\u001b[39m\n                \u001b[33mplaceholder\u001b[39m=\u001b[32m\"Enter your email address\"\u001b[39m\n                \u001b[33mrequired\u001b[39m=\u001b[32m\"\"\u001b[39m\n                \u001b[33mtype\u001b[39m=\u001b[32m\"email\"\u001b[39m\n                \u001b[33mvalue\u001b[39m=\u001b[32m\"\"\u001b[39m\n              \u001b[36m/>\u001b[39m\n            \u001b[36m</div>\u001b[39m\n          \u001b[36m</div>\u001b[39m\n          \u001b[36m<button\u001b[39m\n            \u001b[33mclass\u001b[39m=\u001b[32m\"group relative w-full flex justify-center py-3 px-4 border border-transparent text-sm font-medium rounded-lg text-white bg-gradient-to-r from-orange-500 to-yellow-500 hover:from-orange-600 hover:to-yellow-600 focus:outline-none focus:ring-2 focus:ring-offset-2 focus:ring-orange-500 disabled:opacity-50 disabled:cursor-not-allowed transition-colors\"\u001b[39m\n            \u001b[33mtype\u001b[39m=\u001b[32m\"submit\"\u001b[39m\n          \u001b[36m>\u001b[39m\n            \u001b[0mSend Reset Link\u001b[0m\n          \u001b[36m</button>\u001b[39m\n          \u001b[36m<div\u001b[39m\n            \u001b[33mclass\u001b[39m=\u001b[32m\"text-center\"\u001b[39m\n          \u001b[36m>\u001b[39m\n            \u001b[36m<p\u001b[39m\n              \u001b[33mclass\u001b[39m=\u001b[32m\"text-sm text-gray-600 dark:text-gray-400\"\u001b[39m\n            \u001b[36m>\u001b[39m\n              \u001b[0mRemember your password?\u001b[0m\n              \u001b[0m \u001b[0m\n              \u001b[36m<a\u001b[39m\n                \u001b[33mclass\u001b[39m=\u001b[32m\"font-medium text-orange-600 hover:text-orange-500 transition-colors\"\u001b[39m\n                \u001b[33mhref\u001b[39m=\u001b[32m\"/login\"\u001b[39m\n              \u001b[36m>\u001b[39m\n                \u001b[0mSign in here\u001b[0m\n              \u001b[36m</a>\u001b[39m\n            \u001b[36m</p>\u001b[39m\n          \u001b[36m</div>\u001b[39m\n        \u001b[36m</form>\u001b[39m\n      \u001b[36m</div>\u001b[39m\n    \u001b[36m</div>\u001b[39m\n  \u001b[36m</div>\u001b[39m\n\u001b[36m</body>\u001b[39m\n    at Object.getElementError (/Users/sarperhorata/buzz2remote/frontend/node_modules/@testing-library/dom/dist/config.js:37:19)\n    at /Users/sarperhorata/buzz2remote/frontend/node_modules/@testing-library/dom/dist/query-helpers.js:76:38\n    at /Users/sarperhorata/buzz2remote/frontend/node_modules/@testing-library/dom/dist/query-helpers.js:52:17\n    at getByPlaceholderText (/Users/sarperhorata/buzz2remote/frontend/node_modules/@testing-library/dom/dist/query-helpers.js:95:19)\n    at Object.<anonymous> (/Users/sarperhorata/buzz2remote/frontend/src/__tests__/pages/ForgotPassword.test.tsx:53:31)\n    at Promise.then.completed (/Users/sarperhorata/buzz2remote/frontend/node_modules/jest-circus/build/utils.js:391:28)\n    at new Promise (<anonymous>)\n    at callAsyncCircusFn (/Users/sarperhorata/buzz2remote/frontend/node_modules/jest-circus/build/utils.js:316:10)\n    at _callCircusTest (/Users/sarperhorata/buzz2remote/frontend/node_modules/jest-circus/build/run.js:218:40)\n    at processTicksAndRejections (node:internal/process/task_queues:95:5)\n    at _runTest (/Users/sarperhorata/buzz2remote/frontend/node_modules/jest-circus/build/run.js:155:3)\n    at _runTestsForDescribeBlock (/Users/sarperhorata/buzz2remote/frontend/node_modules/jest-circus/build/run.js:66:9)\n    at _runTestsForDescribeBlock (/Users/sarperhorata/buzz2remote/frontend/node_modules/jest-circus/build/run.js:60:9)\n    at run (/Users/sarperhorata/buzz2remote/frontend/node_modules/jest-circus/build/run.js:25:3)\n    at runAndTransformResultsToJestFormat (/Users/sarperhorata/buzz2remote/frontend/node_modules/jest-circus/build/legacy-code-todo-rewrite/jestAdapterInit.js:170:21)\n    at jestAdapter (/Users/sarperhorata/buzz2remote/frontend/node_modules/jest-circus/build/legacy-code-todo-rewrite/jestAdapter.js:82:19)\n    at runTestInternal (/Users/sarperhorata/buzz2remote/frontend/node_modules/jest-runner/build/runTest.js:389:16)\n    at runTest (/Users/sarperhorata/buzz2remote/frontend/node_modules/jest-runner/build/runTest.js:475:34)\n    at Object.worker (/Users/sarperhorata/buzz2remote/frontend/node_modules/jest-runner/build/testWorker.js:133:12)"],"fullName":"ForgotPassword should handle successful password reset request","location":null,"status":"failed","title":"should handle successful password reset request"},{"ancestorTitles":["ForgotPassword"],"failureMessages":["TestingLibraryElementError: Unable to find an element with the placeholder text of: your@email.com\n\nIgnored nodes: comments, script, style\n\u001b[36m<body>\u001b[39m\n  \u001b[36m<div>\u001b[39m\n    \u001b[36m<div\u001b[39m\n      \u001b[33mclass\u001b[39m=\u001b[32m\"min-h-screen bg-gradient-to-br from-orange-50 to-yellow-50 dark:from-gray-900 dark:to-gray-800 flex items-center justify-center py-12 px-4 sm:px-6 lg:px-8\"\u001b[39m\n    \u001b[36m>\u001b[39m\n      \u001b[36m<div\u001b[39m\n        \u001b[33mclass\u001b[39m=\u001b[32m\"max-w-md w-full space-y-8\"\u001b[39m\n      \u001b[36m>\u001b[39m\n        \u001b[36m<div\u001b[39m\n          \u001b[33mclass\u001b[39m=\u001b[32m\"text-center\"\u001b[39m\n        \u001b[36m>\u001b[39m\n          \u001b[36m<a\u001b[39m\n            \u001b[33mclass\u001b[39m=\u001b[32m\"inline-flex items-center text-orange-600 hover:text-orange-500 mb-6 transition-colors\"\u001b[39m\n            \u001b[33mhref\u001b[39m=\u001b[32m\"/login\"\u001b[39m\n          \u001b[36m>\u001b[39m\n            \u001b[36m<span\u001b[39m\n              \u001b[33mclass\u001b[39m=\u001b[32m\"inline-block w-4 h-4 mr-2\"\u001b[39m\n              \u001b[33mstyle\u001b[39m=\u001b[32m\"font-size: 16px;\"\u001b[39m\n            \u001b[36m>\u001b[39m\n              \u001b[0m⬅️\u001b[0m\n            \u001b[36m</span>\u001b[39m\n            \u001b[0mBack to Sign In\u001b[0m\n          \u001b[36m</a>\u001b[39m\n          \u001b[36m<div\u001b[39m\n            \u001b[33mclass\u001b[39m=\u001b[32m\"w-20 h-20 bg-gradient-to-r from-orange-500 to-yellow-500 rounded-full flex items-center justify-center mx-auto mb-6\"\u001b[39m\n          \u001b[36m>\u001b[39m\n            \u001b[36m<span\u001b[39m\n              \u001b[33mclass\u001b[39m=\u001b[32m\"inline-block w-10 h-10 text-white\"\u001b[39m\n              \u001b[33mstyle\u001b[39m=\u001b[32m\"font-size: 16px;\"\u001b[39m\n            \u001b[36m>\u001b[39m\n              \u001b[0m📧\u001b[0m\n            \u001b[36m</span>\u001b[39m\n          \u001b[36m</div>\u001b[39m\n          \u001b[36m<h2\u001b[39m\n            \u001b[33mclass\u001b[39m=\u001b[32m\"text-3xl font-bold text-gray-900 dark:text-white mb-2\"\u001b[39m\n          \u001b[36m>\u001b[39m\n            \u001b[0mForgot your password?\u001b[0m\n          \u001b[36m</h2>\u001b[39m\n          \u001b[36m<p\u001b[39m\n            \u001b[33mclass\u001b[39m=\u001b[32m\"text-gray-600 dark:text-gray-400\"\u001b[39m\n          \u001b[36m>\u001b[39m\n            \u001b[0mNo worries! Enter your email and we'll send you a reset link.\u001b[0m\n          \u001b[36m</p>\u001b[39m\n        \u001b[36m</div>\u001b[39m\n        \u001b[36m<form\u001b[39m\n          \u001b[33mclass\u001b[39m=\u001b[32m\"mt-8 space-y-6\"\u001b[39m\n        \u001b[36m>\u001b[39m\n          \u001b[36m<div>\u001b[39m\n            \u001b[36m<label\u001b[39m\n              \u001b[33mclass\u001b[39m=\u001b[32m\"block text-sm font-medium text-gray-700 dark:text-gray-300 mb-2\"\u001b[39m\n              \u001b[33mfor\u001b[39m=\u001b[32m\"email\"\u001b[39m\n            \u001b[36m>\u001b[39m\n              \u001b[0mEmail Address\u001b[0m\n            \u001b[36m</label>\u001b[39m\n            \u001b[36m<div\u001b[39m\n              \u001b[33mclass\u001b[39m=\u001b[32m\"relative\"\u001b[39m\n            \u001b[36m>\u001b[39m\n              \u001b[36m<div\u001b[39m\n                \u001b[33mclass\u001b[39m=\u001b[32m\"absolute inset-y-0 left-0 pl-3 flex items-center pointer-events-none\"\u001b[39m\n              \u001b[36m>\u001b[39m\n                \u001b[36m<span\u001b[39m\n                  \u001b[33mclass\u001b[39m=\u001b[32m\"inline-block h-5 w-5 text-gray-400\"\u001b[39m\n                  \u001b[33mstyle\u001b[39m=\u001b[32m\"font-size: 16px;\"\u001b[39m\n                \u001b[36m>\u001b[39m\n                  \u001b[0m📧\u001b[0m\n                \u001b[36m</span>\u001b[39m\n              \u001b[36m</div>\u001b[39m\n              \u001b[36m<input\u001b[39m\n                \u001b[33mautocomplete\u001b[39m=\u001b[32m\"email\"\u001b[39m\n                \u001b[33mclass\u001b[39m=\u001b[32m\"block w-full pl-10 pr-3 py-3 border border-gray-300 dark:border-gray-600 rounded-lg placeholder-gray-500 text-gray-900 dark:text-white dark:bg-gray-700 focus:outline-none focus:ring-2 focus:ring-orange-500 focus:border-transparent\"\u001b[39m\n                \u001b[33mid\u001b[39m=\u001b[32m\"email\"\u001b[39m\n                \u001b[33mname\u001b[39m=\u001b[32m\"email\"\u001b[39m\n                \u001b[33mplaceholder\u001b[39m=\u001b[32m\"Enter your email address\"\u001b[39m\n                \u001b[33mrequired\u001b[39m=\u001b[32m\"\"\u001b[39m\n                \u001b[33mtype\u001b[39m=\u001b[32m\"email\"\u001b[39m\n                \u001b[33mvalue\u001b[39m=\u001b[32m\"\"\u001b[39m\n              \u001b[36m/>\u001b[39m\n            \u001b[36m</div>\u001b[39m\n          \u001b[36m</div>\u001b[39m\n          \u001b[36m<button\u001b[39m\n            \u001b[33mclass\u001b[39m=\u001b[32m\"group relative w-full flex justify-center py-3 px-4 border border-transparent text-sm font-medium rounded-lg text-white bg-gradient-to-r from-orange-500 to-yellow-500 hover:from-orange-600 hover:to-yellow-600 focus:outline-none focus:ring-2 focus:ring-offset-2 focus:ring-orange-500 disabled:opacity-50 disabled:cursor-not-allowed transition-colors\"\u001b[39m\n            \u001b[33mtype\u001b[39m=\u001b[32m\"submit\"\u001b[39m\n          \u001b[36m>\u001b[39m\n            \u001b[0mSend Reset Link\u001b[0m\n          \u001b[36m</button>\u001b[39m\n          \u001b[36m<div\u001b[39m\n            \u001b[33mclass\u001b[39m=\u001b[32m\"text-center\"\u001b[39m\n          \u001b[36m>\u001b[39m\n            \u001b[36m<p\u001b[39m\n              \u001b[33mclass\u001b[39m=\u001b[32m\"text-sm text-gray-600 dark:text-gray-400\"\u001b[39m\n            \u001b[36m>\u001b[39m\n              \u001b[0mRemember your password?\u001b[0m\n              \u001b[0m \u001b[0m\n              \u001b[36m<a\u001b[39m\n                \u001b[33mclass\u001b[39m=\u001b[32m\"font-medium text-orange-600 hover:text-orange-500 transition-colors\"\u001b[39m\n                \u001b[33mhref\u001b[39m=\u001b[32m\"/login\"\u001b[39m\n              \u001b[36m>\u001b[39m\n                \u001b[0mSign in here\u001b[0m\n              \u001b[36m</a>\u001b[39m\n            \u001b[36m</p>\u001b[39m\n          \u001b[36m</div>\u001b[39m\n        \u001b[36m</form>\u001b[39m\n      \u001b[36m</div>\u001b[39m\n    \u001b[36m</div>\u001b[39m\n  \u001b[36m</div>\u001b[39m\n\u001b[36m</body>\u001b[39m\n    at Object.getElementError (/Users/sarperhorata/buzz2remote/frontend/node_modules/@testing-library/dom/dist/config.js:37:19)\n    at /Users/sarperhorata/buzz2remote/frontend/node_modules/@testing-library/dom/dist/query-helpers.js:76:38\n    at /Users/sarperhorata/buzz2remote/frontend/node_modules/@testing-library/dom/dist/query-helpers.js:52:17\n    at getByPlaceholderText (/Users/sarperhorata/buzz2remote/frontend/node_modules/@testing-library/dom/dist/query-helpers.js:95:19)\n    at Object.<anonymous> (/Users/sarperhorata/buzz2remote/frontend/src/__tests__/pages/ForgotPassword.test.tsx:73:31)\n    at Promise.then.completed (/Users/sarperhorata/buzz2remote/frontend/node_modules/jest-circus/build/utils.js:391:28)\n    at new Promise (<anonymous>)\n    at callAsyncCircusFn (/Users/sarperhorata/buzz2remote/frontend/node_modules/jest-circus/build/utils.js:316:10)\n    at _callCircusTest (/Users/sarperhorata/buzz2remote/frontend/node_modules/jest-circus/build/run.js:218:40)\n    at processTicksAndRejections (node:internal/process/task_queues:95:5)\n    at _runTest (/Users/sarperhorata/buzz2remote/frontend/node_modules/jest-circus/build/run.js:155:3)\n    at _runTestsForDescribeBlock (/Users/sarperhorata/buzz2remote/frontend/node_modules/jest-circus/build/run.js:66:9)\n    at _runTestsForDescribeBlock (/Users/sarperhorata/buzz2remote/frontend/node_modules/jest-circus/build/run.js:60:9)\n    at run (/Users/sarperhorata/buzz2remote/frontend/node_modules/jest-circus/build/run.js:25:3)\n    at runAndTransformResultsToJestFormat (/Users/sarperhorata/buzz2remote/frontend/node_modules/jest-circus/build/legacy-code-todo-rewrite/jestAdapterInit.js:170:21)\n    at jestAdapter (/Users/sarperhorata/buzz2remote/frontend/node_modules/jest-circus/build/legacy-code-todo-rewrite/jestAdapter.js:82:19)\n    at runTestInternal (/Users/sarperhorata/buzz2remote/frontend/node_modules/jest-runner/build/runTest.js:389:16)\n    at runTest (/Users/sarperhorata/buzz2remote/frontend/node_modules/jest-runner/build/runTest.js:475:34)\n    at Object.worker (/Users/sarperhorata/buzz2remote/frontend/node_modules/jest-runner/build/testWorker.js:133:12)"],"fullName":"ForgotPassword should handle error during password reset","location":null,"status":"failed","title":"should handle error during password reset"},{"ancestorTitles":["ForgotPassword"],"failureMessages":["TestingLibraryElementError: Unable to find an element with the text: Giriş Sayfasına Dön. This could be because the text is broken up by multiple elements. In this case, you can provide a function for your text matcher to make your matcher more flexible.\n\nIgnored nodes: comments, script, style\n\u001b[36m<body>\u001b[39m\n  \u001b[36m<div>\u001b[39m\n    \u001b[36m<div\u001b[39m\n      \u001b[33mclass\u001b[39m=\u001b[32m\"min-h-screen bg-gradient-to-br from-orange-50 to-yellow-50 dark:from-gray-900 dark:to-gray-800 flex items-center justify-center py-12 px-4 sm:px-6 lg:px-8\"\u001b[39m\n    \u001b[36m>\u001b[39m\n      \u001b[36m<div\u001b[39m\n        \u001b[33mclass\u001b[39m=\u001b[32m\"max-w-md w-full space-y-8\"\u001b[39m\n      \u001b[36m>\u001b[39m\n        \u001b[36m<div\u001b[39m\n          \u001b[33mclass\u001b[39m=\u001b[32m\"text-center\"\u001b[39m\n        \u001b[36m>\u001b[39m\n          \u001b[36m<a\u001b[39m\n            \u001b[33mclass\u001b[39m=\u001b[32m\"inline-flex items-center text-orange-600 hover:text-orange-500 mb-6 transition-colors\"\u001b[39m\n            \u001b[33mhref\u001b[39m=\u001b[32m\"/login\"\u001b[39m\n          \u001b[36m>\u001b[39m\n            \u001b[36m<span\u001b[39m\n              \u001b[33mclass\u001b[39m=\u001b[32m\"inline-block w-4 h-4 mr-2\"\u001b[39m\n              \u001b[33mstyle\u001b[39m=\u001b[32m\"font-size: 16px;\"\u001b[39m\n            \u001b[36m>\u001b[39m\n              \u001b[0m⬅️\u001b[0m\n            \u001b[36m</span>\u001b[39m\n            \u001b[0mBack to Sign In\u001b[0m\n          \u001b[36m</a>\u001b[39m\n          \u001b[36m<div\u001b[39m\n            \u001b[33mclass\u001b[39m=\u001b[32m\"w-20 h-20 bg-gradient-to-r from-orange-500 to-yellow-500 rounded-full flex items-center justify-center mx-auto mb-6\"\u001b[39m\n          \u001b[36m>\u001b[39m\n            \u001b[36m<span\u001b[39m\n              \u001b[33mclass\u001b[39m=\u001b[32m\"inline-block w-10 h-10 text-white\"\u001b[39m\n              \u001b[33mstyle\u001b[39m=\u001b[32m\"font-size: 16px;\"\u001b[39m\n            \u001b[36m>\u001b[39m\n              \u001b[0m📧\u001b[0m\n            \u001b[36m</span>\u001b[39m\n          \u001b[36m</div>\u001b[39m\n          \u001b[36m<h2\u001b[39m\n            \u001b[33mclass\u001b[39m=\u001b[32m\"text-3xl font-bold text-gray-900 dark:text-white mb-2\"\u001b[39m\n          \u001b[36m>\u001b[39m\n            \u001b[0mForgot your password?\u001b[0m\n          \u001b[36m</h2>\u001b[39m\n          \u001b[36m<p\u001b[39m\n            \u001b[33mclass\u001b[39m=\u001b[32m\"text-gray-600 dark:text-gray-400\"\u001b[39m\n          \u001b[36m>\u001b[39m\n            \u001b[0mNo worries! Enter your email and we'll send you a reset link.\u001b[0m\n          \u001b[36m</p>\u001b[39m\n        \u001b[36m</div>\u001b[39m\n        \u001b[36m<form\u001b[39m\n          \u001b[33mclass\u001b[39m=\u001b[32m\"mt-8 space-y-6\"\u001b[39m\n        \u001b[36m>\u001b[39m\n          \u001b[36m<div>\u001b[39m\n            \u001b[36m<label\u001b[39m\n              \u001b[33mclass\u001b[39m=\u001b[32m\"block text-sm font-medium text-gray-700 dark:text-gray-300 mb-2\"\u001b[39m\n              \u001b[33mfor\u001b[39m=\u001b[32m\"email\"\u001b[39m\n            \u001b[36m>\u001b[39m\n              \u001b[0mEmail Address\u001b[0m\n            \u001b[36m</label>\u001b[39m\n            \u001b[36m<div\u001b[39m\n              \u001b[33mclass\u001b[39m=\u001b[32m\"relative\"\u001b[39m\n            \u001b[36m>\u001b[39m\n              \u001b[36m<div\u001b[39m\n                \u001b[33mclass\u001b[39m=\u001b[32m\"absolute inset-y-0 left-0 pl-3 flex items-center pointer-events-none\"\u001b[39m\n              \u001b[36m>\u001b[39m\n                \u001b[36m<span\u001b[39m\n                  \u001b[33mclass\u001b[39m=\u001b[32m\"inline-block h-5 w-5 text-gray-400\"\u001b[39m\n                  \u001b[33mstyle\u001b[39m=\u001b[32m\"font-size: 16px;\"\u001b[39m\n                \u001b[36m>\u001b[39m\n                  \u001b[0m📧\u001b[0m\n                \u001b[36m</span>\u001b[39m\n              \u001b[36m</div>\u001b[39m\n              \u001b[36m<input\u001b[39m\n                \u001b[33mautocomplete\u001b[39m=\u001b[32m\"email\"\u001b[39m\n                \u001b[33mclass\u001b[39m=\u001b[32m\"block w-full pl-10 pr-3 py-3 border border-gray-300 dark:border-gray-600 rounded-lg placeholder-gray-500 text-gray-900 dark:text-white dark:bg-gray-700 focus:outline-none focus:ring-2 focus:ring-orange-500 focus:border-transparent\"\u001b[39m\n                \u001b[33mid\u001b[39m=\u001b[32m\"email\"\u001b[39m\n                \u001b[33mname\u001b[39m=\u001b[32m\"email\"\u001b[39m\n                \u001b[33mplaceholder\u001b[39m=\u001b[32m\"Enter your email address\"\u001b[39m\n                \u001b[33mrequired\u001b[39m=\u001b[32m\"\"\u001b[39m\n                \u001b[33mtype\u001b[39m=\u001b[32m\"email\"\u001b[39m\n                \u001b[33mvalue\u001b[39m=\u001b[32m\"\"\u001b[39m\n              \u001b[36m/>\u001b[39m\n            \u001b[36m</div>\u001b[39m\n          \u001b[36m</div>\u001b[39m\n          \u001b[36m<button\u001b[39m\n            \u001b[33mclass\u001b[39m=\u001b[32m\"group relative w-full flex justify-center py-3 px-4 border border-transparent text-sm font-medium rounded-lg text-white bg-gradient-to-r from-orange-500 to-yellow-500 hover:from-orange-600 hover:to-yellow-600 focus:outline-none focus:ring-2 focus:ring-offset-2 focus:ring-orange-500 disabled:opacity-50 disabled:cursor-not-allowed transition-colors\"\u001b[39m\n            \u001b[33mtype\u001b[39m=\u001b[32m\"submit\"\u001b[39m\n          \u001b[36m>\u001b[39m\n            \u001b[0mSend Reset Link\u001b[0m\n          \u001b[36m</button>\u001b[39m\n          \u001b[36m<div\u001b[39m\n            \u001b[33mclass\u001b[39m=\u001b[32m\"text-center\"\u001b[39m\n          \u001b[36m>\u001b[39m\n            \u001b[36m<p\u001b[39m\n              \u001b[33mclass\u001b[39m=\u001b[32m\"text-sm text-gray-600 dark:text-gray-400\"\u001b[39m\n            \u001b[36m>\u001b[39m\n              \u001b[0mRemember your password?\u001b[0m\n              \u001b[0m \u001b[0m\n              \u001b[36m<a\u001b[39m\n                \u001b[33mclass\u001b[39m=\u001b[32m\"font-medium text-orange-600 hover:text-orange-500 transition-colors\"\u001b[39m\n                \u001b[33mhref\u001b[39m=\u001b[32m\"/login\"\u001b[39m\n              \u001b[36m>\u001b[39m\n                \u001b[0mSign in here\u001b[0m\n              \u001b[36m</a>\u001b[39m\n            \u001b[36m</p>\u001b[39m\n          \u001b[36m</div>\u001b[39m\n        \u001b[36m</form>\u001b[39m\n      \u001b[36m</div>\u001b[39m\n    \u001b[36m</div>\u001b[39m\n  \u001b[36m</div>\u001b[39m\n\u001b[36m</body>\u001b[39m\n    at Object.getElementError (/Users/sarperhorata/buzz2remote/frontend/node_modules/@testing-library/dom/dist/config.js:37:19)\n    at /Users/sarperhorata/buzz2remote/frontend/node_modules/@testing-library/dom/dist/query-helpers.js:76:38\n    at /Users/sarperhorata/buzz2remote/frontend/node_modules/@testing-library/dom/dist/query-helpers.js:52:17\n    at getByText (/Users/sarperhorata/buzz2remote/frontend/node_modules/@testing-library/dom/dist/query-helpers.js:95:19)\n    at Object.<anonymous> (/Users/sarperhorata/buzz2remote/frontend/src/__tests__/pages/ForgotPassword.test.tsx:87:31)\n    at Promise.then.completed (/Users/sarperhorata/buzz2remote/frontend/node_modules/jest-circus/build/utils.js:391:28)\n    at new Promise (<anonymous>)\n    at callAsyncCircusFn (/Users/sarperhorata/buzz2remote/frontend/node_modules/jest-circus/build/utils.js:316:10)\n    at _callCircusTest (/Users/sarperhorata/buzz2remote/frontend/node_modules/jest-circus/build/run.js:218:40)\n    at processTicksAndRejections (node:internal/process/task_queues:95:5)\n    at _runTest (/Users/sarperhorata/buzz2remote/frontend/node_modules/jest-circus/build/run.js:155:3)\n    at _runTestsForDescribeBlock (/Users/sarperhorata/buzz2remote/frontend/node_modules/jest-circus/build/run.js:66:9)\n    at _runTestsForDescribeBlock (/Users/sarperhorata/buzz2remote/frontend/node_modules/jest-circus/build/run.js:60:9)\n    at run (/Users/sarperhorata/buzz2remote/frontend/node_modules/jest-circus/build/run.js:25:3)\n    at runAndTransformResultsToJestFormat (/Users/sarperhorata/buzz2remote/frontend/node_modules/jest-circus/build/legacy-code-todo-rewrite/jestAdapterInit.js:170:21)\n    at jestAdapter (/Users/sarperhorata/buzz2remote/frontend/node_modules/jest-circus/build/legacy-code-todo-rewrite/jestAdapter.js:82:19)\n    at runTestInternal (/Users/sarperhorata/buzz2remote/frontend/node_modules/jest-runner/build/runTest.js:389:16)\n    at runTest (/Users/sarperhorata/buzz2remote/frontend/node_modules/jest-runner/build/runTest.js:475:34)\n    at Object.worker (/Users/sarperhorata/buzz2remote/frontend/node_modules/jest-runner/build/testWorker.js:133:12)"],"fullName":"ForgotPassword should navigate back to login","location":null,"status":"failed","title":"should navigate back to login"},{"ancestorTitles":["ForgotPassword"],"failureMessages":["TestingLibraryElementError: Unable to find an element with the placeholder text of: your@email.com\n\nIgnored nodes: comments, script, style\n\u001b[36m<body>\u001b[39m\n  \u001b[36m<div>\u001b[39m\n    \u001b[36m<div\u001b[39m\n      \u001b[33mclass\u001b[39m=\u001b[32m\"min-h-screen bg-gradient-to-br from-orange-50 to-yellow-50 dark:from-gray-900 dark:to-gray-800 flex items-center justify-center py-12 px-4 sm:px-6 lg:px-8\"\u001b[39m\n    \u001b[36m>\u001b[39m\n      \u001b[36m<div\u001b[39m\n        \u001b[33mclass\u001b[39m=\u001b[32m\"max-w-md w-full space-y-8\"\u001b[39m\n      \u001b[36m>\u001b[39m\n        \u001b[36m<div\u001b[39m\n          \u001b[33mclass\u001b[39m=\u001b[32m\"text-center\"\u001b[39m\n        \u001b[36m>\u001b[39m\n          \u001b[36m<a\u001b[39m\n            \u001b[33mclass\u001b[39m=\u001b[32m\"inline-flex items-center text-orange-600 hover:text-orange-500 mb-6 transition-colors\"\u001b[39m\n            \u001b[33mhref\u001b[39m=\u001b[32m\"/login\"\u001b[39m\n          \u001b[36m>\u001b[39m\n            \u001b[36m<span\u001b[39m\n              \u001b[33mclass\u001b[39m=\u001b[32m\"inline-block w-4 h-4 mr-2\"\u001b[39m\n              \u001b[33mstyle\u001b[39m=\u001b[32m\"font-size: 16px;\"\u001b[39m\n            \u001b[36m>\u001b[39m\n              \u001b[0m⬅️\u001b[0m\n            \u001b[36m</span>\u001b[39m\n            \u001b[0mBack to Sign In\u001b[0m\n          \u001b[36m</a>\u001b[39m\n          \u001b[36m<div\u001b[39m\n            \u001b[33mclass\u001b[39m=\u001b[32m\"w-20 h-20 bg-gradient-to-r from-orange-500 to-yellow-500 rounded-full flex items-center justify-center mx-auto mb-6\"\u001b[39m\n          \u001b[36m>\u001b[39m\n            \u001b[36m<span\u001b[39m\n              \u001b[33mclass\u001b[39m=\u001b[32m\"inline-block w-10 h-10 text-white\"\u001b[39m\n              \u001b[33mstyle\u001b[39m=\u001b[32m\"font-size: 16px;\"\u001b[39m\n            \u001b[36m>\u001b[39m\n              \u001b[0m📧\u001b[0m\n            \u001b[36m</span>\u001b[39m\n          \u001b[36m</div>\u001b[39m\n          \u001b[36m<h2\u001b[39m\n            \u001b[33mclass\u001b[39m=\u001b[32m\"text-3xl font-bold text-gray-900 dark:text-white mb-2\"\u001b[39m\n          \u001b[36m>\u001b[39m\n            \u001b[0mForgot your password?\u001b[0m\n          \u001b[36m</h2>\u001b[39m\n          \u001b[36m<p\u001b[39m\n            \u001b[33mclass\u001b[39m=\u001b[32m\"text-gray-600 dark:text-gray-400\"\u001b[39m\n          \u001b[36m>\u001b[39m\n            \u001b[0mNo worries! Enter your email and we'll send you a reset link.\u001b[0m\n          \u001b[36m</p>\u001b[39m\n        \u001b[36m</div>\u001b[39m\n        \u001b[36m<form\u001b[39m\n          \u001b[33mclass\u001b[39m=\u001b[32m\"mt-8 space-y-6\"\u001b[39m\n        \u001b[36m>\u001b[39m\n          \u001b[36m<div>\u001b[39m\n            \u001b[36m<label\u001b[39m\n              \u001b[33mclass\u001b[39m=\u001b[32m\"block text-sm font-medium text-gray-700 dark:text-gray-300 mb-2\"\u001b[39m\n              \u001b[33mfor\u001b[39m=\u001b[32m\"email\"\u001b[39m\n            \u001b[36m>\u001b[39m\n              \u001b[0mEmail Address\u001b[0m\n            \u001b[36m</label>\u001b[39m\n            \u001b[36m<div\u001b[39m\n              \u001b[33mclass\u001b[39m=\u001b[32m\"relative\"\u001b[39m\n            \u001b[36m>\u001b[39m\n              \u001b[36m<div\u001b[39m\n                \u001b[33mclass\u001b[39m=\u001b[32m\"absolute inset-y-0 left-0 pl-3 flex items-center pointer-events-none\"\u001b[39m\n              \u001b[36m>\u001b[39m\n                \u001b[36m<span\u001b[39m\n                  \u001b[33mclass\u001b[39m=\u001b[32m\"inline-block h-5 w-5 text-gray-400\"\u001b[39m\n                  \u001b[33mstyle\u001b[39m=\u001b[32m\"font-size: 16px;\"\u001b[39m\n                \u001b[36m>\u001b[39m\n                  \u001b[0m📧\u001b[0m\n                \u001b[36m</span>\u001b[39m\n              \u001b[36m</div>\u001b[39m\n              \u001b[36m<input\u001b[39m\n                \u001b[33mautocomplete\u001b[39m=\u001b[32m\"email\"\u001b[39m\n                \u001b[33mclass\u001b[39m=\u001b[32m\"block w-full pl-10 pr-3 py-3 border border-gray-300 dark:border-gray-600 rounded-lg placeholder-gray-500 text-gray-900 dark:text-white dark:bg-gray-700 focus:outline-none focus:ring-2 focus:ring-orange-500 focus:border-transparent\"\u001b[39m\n                \u001b[33mid\u001b[39m=\u001b[32m\"email\"\u001b[39m\n                \u001b[33mname\u001b[39m=\u001b[32m\"email\"\u001b[39m\n                \u001b[33mplaceholder\u001b[39m=\u001b[32m\"Enter your email address\"\u001b[39m\n                \u001b[33mrequired\u001b[39m=\u001b[32m\"\"\u001b[39m\n                \u001b[33mtype\u001b[39m=\u001b[32m\"email\"\u001b[39m\n                \u001b[33mvalue\u001b[39m=\u001b[32m\"\"\u001b[39m\n              \u001b[36m/>\u001b[39m\n            \u001b[36m</div>\u001b[39m\n          \u001b[36m</div>\u001b[39m\n          \u001b[36m<button\u001b[39m\n            \u001b[33mclass\u001b[39m=\u001b[32m\"group relative w-full flex justify-center py-3 px-4 border border-transparent text-sm font-medium rounded-lg text-white bg-gradient-to-r from-orange-500 to-yellow-500 hover:from-orange-600 hover:to-yellow-600 focus:outline-none focus:ring-2 focus:ring-offset-2 focus:ring-orange-500 disabled:opacity-50 disabled:cursor-not-allowed transition-colors\"\u001b[39m\n            \u001b[33mtype\u001b[39m=\u001b[32m\"submit\"\u001b[39m\n          \u001b[36m>\u001b[39m\n            \u001b[0mSend Reset Link\u001b[0m\n          \u001b[36m</button>\u001b[39m\n          \u001b[36m<div\u001b[39m\n            \u001b[33mclass\u001b[39m=\u001b[32m\"text-center\"\u001b[39m\n          \u001b[36m>\u001b[39m\n            \u001b[36m<p\u001b[39m\n              \u001b[33mclass\u001b[39m=\u001b[32m\"text-sm text-gray-600 dark:text-gray-400\"\u001b[39m\n            \u001b[36m>\u001b[39m\n              \u001b[0mRemember your password?\u001b[0m\n              \u001b[0m \u001b[0m\n              \u001b[36m<a\u001b[39m\n                \u001b[33mclass\u001b[39m=\u001b[32m\"font-medium text-orange-600 hover:text-orange-500 transition-colors\"\u001b[39m\n                \u001b[33mhref\u001b[39m=\u001b[32m\"/login\"\u001b[39m\n              \u001b[36m>\u001b[39m\n                \u001b[0mSign in here\u001b[0m\n              \u001b[36m</a>\u001b[39m\n            \u001b[36m</p>\u001b[39m\n          \u001b[36m</div>\u001b[39m\n        \u001b[36m</form>\u001b[39m\n      \u001b[36m</div>\u001b[39m\n    \u001b[36m</div>\u001b[39m\n  \u001b[36m</div>\u001b[39m\n\u001b[36m</body>\u001b[39m\n    at Object.getElementError (/Users/sarperhorata/buzz2remote/frontend/node_modules/@testing-library/dom/dist/config.js:37:19)\n    at /Users/sarperhorata/buzz2remote/frontend/node_modules/@testing-library/dom/dist/query-helpers.js:76:38\n    at /Users/sarperhorata/buzz2remote/frontend/node_modules/@testing-library/dom/dist/query-helpers.js:52:17\n    at getByPlaceholderText (/Users/sarperhorata/buzz2remote/frontend/node_modules/@testing-library/dom/dist/query-helpers.js:95:19)\n    at Object.<anonymous> (/Users/sarperhorata/buzz2remote/frontend/src/__tests__/pages/ForgotPassword.test.tsx:100:31)\n    at Promise.then.completed (/Users/sarperhorata/buzz2remote/frontend/node_modules/jest-circus/build/utils.js:391:28)\n    at new Promise (<anonymous>)\n    at callAsyncCircusFn (/Users/sarperhorata/buzz2remote/frontend/node_modules/jest-circus/build/utils.js:316:10)\n    at _callCircusTest (/Users/sarperhorata/buzz2remote/frontend/node_modules/jest-circus/build/run.js:218:40)\n    at processTicksAndRejections (node:internal/process/task_queues:95:5)\n    at _runTest (/Users/sarperhorata/buzz2remote/frontend/node_modules/jest-circus/build/run.js:155:3)\n    at _runTestsForDescribeBlock (/Users/sarperhorata/buzz2remote/frontend/node_modules/jest-circus/build/run.js:66:9)\n    at _runTestsForDescribeBlock (/Users/sarperhorata/buzz2remote/frontend/node_modules/jest-circus/build/run.js:60:9)\n    at run (/Users/sarperhorata/buzz2remote/frontend/node_modules/jest-circus/build/run.js:25:3)\n    at runAndTransformResultsToJestFormat (/Users/sarperhorata/buzz2remote/frontend/node_modules/jest-circus/build/legacy-code-todo-rewrite/jestAdapterInit.js:170:21)\n    at jestAdapter (/Users/sarperhorata/buzz2remote/frontend/node_modules/jest-circus/build/legacy-code-todo-rewrite/jestAdapter.js:82:19)\n    at runTestInternal (/Users/sarperhorata/buzz2remote/frontend/node_modules/jest-runner/build/runTest.js:389:16)\n    at runTest (/Users/sarperhorata/buzz2remote/frontend/node_modules/jest-runner/build/runTest.js:475:34)\n    at Object.worker (/Users/sarperhorata/buzz2remote/frontend/node_modules/jest-runner/build/testWorker.js:133:12)"],"fullName":"ForgotPassword should show loading state during submission","location":null,"status":"failed","title":"should show loading state during submission"}],"endTime":1751605330936,"message":"\u001b[1m\u001b[31m  \u001b[1m● \u001b[22m\u001b[1mForgotPassword › should render forgot password form correctly\u001b[39m\u001b[22m\n\n    TestingLibraryElementError: Unable to find an element with the text: Şifremi Unuttum. This could be because the text is broken up by multiple elements. In this case, you can provide a function for your text matcher to make your matcher more flexible.\n\n    Ignored nodes: comments, script, style\n    \u001b[36m<body>\u001b[39m\n      \u001b[36m<div>\u001b[39m\n        \u001b[36m<div\u001b[39m\n          \u001b[33mclass\u001b[39m=\u001b[32m\"min-h-screen bg-gradient-to-br from-orange-50 to-yellow-50 dark:from-gray-900 dark:to-gray-800 flex items-center justify-center py-12 px-4 sm:px-6 lg:px-8\"\u001b[39m\n        \u001b[36m>\u001b[39m\n          \u001b[36m<div\u001b[39m\n            \u001b[33mclass\u001b[39m=\u001b[32m\"max-w-md w-full space-y-8\"\u001b[39m\n          \u001b[36m>\u001b[39m\n            \u001b[36m<div\u001b[39m\n              \u001b[33mclass\u001b[39m=\u001b[32m\"text-center\"\u001b[39m\n            \u001b[36m>\u001b[39m\n              \u001b[36m<a\u001b[39m\n                \u001b[33mclass\u001b[39m=\u001b[32m\"inline-flex items-center text-orange-600 hover:text-orange-500 mb-6 transition-colors\"\u001b[39m\n                \u001b[33mhref\u001b[39m=\u001b[32m\"/login\"\u001b[39m\n              \u001b[36m>\u001b[39m\n                \u001b[36m<span\u001b[39m\n                  \u001b[33mclass\u001b[39m=\u001b[32m\"inline-block w-4 h-4 mr-2\"\u001b[39m\n                  \u001b[33mstyle\u001b[39m=\u001b[32m\"font-size: 16px;\"\u001b[39m\n                \u001b[36m>\u001b[39m\n                  \u001b[0m⬅️\u001b[0m\n                \u001b[36m</span>\u001b[39m\n                \u001b[0mBack to Sign In\u001b[0m\n              \u001b[36m</a>\u001b[39m\n              \u001b[36m<div\u001b[39m\n                \u001b[33mclass\u001b[39m=\u001b[32m\"w-20 h-20 bg-gradient-to-r from-orange-500 to-yellow-500 rounded-full flex items-center justify-center mx-auto mb-6\"\u001b[39m\n              \u001b[36m>\u001b[39m\n                \u001b[36m<span\u001b[39m\n                  \u001b[33mclass\u001b[39m=\u001b[32m\"inline-block w-10 h-10 text-white\"\u001b[39m\n                  \u001b[33mstyle\u001b[39m=\u001b[32m\"font-size: 16px;\"\u001b[39m\n                \u001b[36m>\u001b[39m\n                  \u001b[0m📧\u001b[0m\n                \u001b[36m</span>\u001b[39m\n              \u001b[36m</div>\u001b[39m\n              \u001b[36m<h2\u001b[39m\n                \u001b[33mclass\u001b[39m=\u001b[32m\"text-3xl font-bold text-gray-900 dark:text-white mb-2\"\u001b[39m\n              \u001b[36m>\u001b[39m\n                \u001b[0mForgot your password?\u001b[0m\n              \u001b[36m</h2>\u001b[39m\n              \u001b[36m<p\u001b[39m\n                \u001b[33mclass\u001b[39m=\u001b[32m\"text-gray-600 dark:text-gray-400\"\u001b[39m\n              \u001b[36m>\u001b[39m\n                \u001b[0mNo worries! Enter your email and we'll send you a reset link.\u001b[0m\n              \u001b[36m</p>\u001b[39m\n            \u001b[36m</div>\u001b[39m\n            \u001b[36m<form\u001b[39m\n              \u001b[33mclass\u001b[39m=\u001b[32m\"mt-8 space-y-6\"\u001b[39m\n            \u001b[36m>\u001b[39m\n              \u001b[36m<div>\u001b[39m\n                \u001b[36m<label\u001b[39m\n                  \u001b[33mclass\u001b[39m=\u001b[32m\"block text-sm font-medium text-gray-700 dark:text-gray-300 mb-2\"\u001b[39m\n                  \u001b[33mfor\u001b[39m=\u001b[32m\"email\"\u001b[39m\n                \u001b[36m>\u001b[39m\n                  \u001b[0mEmail Address\u001b[0m\n                \u001b[36m</label>\u001b[39m\n                \u001b[36m<div\u001b[39m\n                  \u001b[33mclass\u001b[39m=\u001b[32m\"relative\"\u001b[39m\n                \u001b[36m>\u001b[39m\n                  \u001b[36m<div\u001b[39m\n                    \u001b[33mclass\u001b[39m=\u001b[32m\"absolute inset-y-0 left-0 pl-3 flex items-center pointer-events-none\"\u001b[39m\n                  \u001b[36m>\u001b[39m\n                    \u001b[36m<span\u001b[39m\n                      \u001b[33mclass\u001b[39m=\u001b[32m\"inline-block h-5 w-5 text-gray-400\"\u001b[39m\n                      \u001b[33mstyle\u001b[39m=\u001b[32m\"font-size: 16px;\"\u001b[39m\n                    \u001b[36m>\u001b[39m\n                      \u001b[0m📧\u001b[0m\n                    \u001b[36m</span>\u001b[39m\n                  \u001b[36m</div>\u001b[39m\n                  \u001b[36m<input\u001b[39m\n                    \u001b[33mautocomplete\u001b[39m=\u001b[32m\"email\"\u001b[39m\n                    \u001b[33mclass\u001b[39m=\u001b[32m\"block w-full pl-10 pr-3 py-3 border border-gray-300 dark:border-gray-600 rounded-lg placeholder-gray-500 text-gray-900 dark:text-white dark:bg-gray-700 focus:outline-none focus:ring-2 focus:ring-orange-500 focus:border-transparent\"\u001b[39m\n                    \u001b[33mid\u001b[39m=\u001b[32m\"email\"\u001b[39m\n                    \u001b[33mname\u001b[39m=\u001b[32m\"email\"\u001b[39m\n                    \u001b[33mplaceholder\u001b[39m=\u001b[32m\"Enter your email address\"\u001b[39m\n                    \u001b[33mrequired\u001b[39m=\u001b[32m\"\"\u001b[39m\n                    \u001b[33mtype\u001b[39m=\u001b[32m\"email\"\u001b[39m\n                    \u001b[33mvalue\u001b[39m=\u001b[32m\"\"\u001b[39m\n                  \u001b[36m/>\u001b[39m\n                \u001b[36m</div>\u001b[39m\n              \u001b[36m</div>\u001b[39m\n              \u001b[36m<button\u001b[39m\n                \u001b[33mclass\u001b[39m=\u001b[32m\"group relative w-full flex justify-center py-3 px-4 border border-transparent text-sm font-medium rounded-lg text-white bg-gradient-to-r from-orange-500 to-yellow-500 hover:from-orange-600 hover:to-yellow-600 focus:outline-none focus:ring-2 focus:ring-offset-2 focus:ring-orange-500 disabled:opacity-50 disabled:cursor-not-allowed transition-colors\"\u001b[39m\n                \u001b[33mtype\u001b[39m=\u001b[32m\"submit\"\u001b[39m\n              \u001b[36m>\u001b[39m\n                \u001b[0mSend Reset Link\u001b[0m\n              \u001b[36m</button>\u001b[39m\n              \u001b[36m<div\u001b[39m\n                \u001b[33mclass\u001b[39m=\u001b[32m\"text-center\"\u001b[39m\n              \u001b[36m>\u001b[39m\n                \u001b[36m<p\u001b[39m\n                  \u001b[33mclass\u001b[39m=\u001b[32m\"text-sm text-gray-600 dark:text-gray-400\"\u001b[39m\n                \u001b[36m>\u001b[39m\n                  \u001b[0mRemember your password?\u001b[0m\n                  \u001b[0m \u001b[0m\n                  \u001b[36m<a\u001b[39m\n                    \u001b[33mclass\u001b[39m=\u001b[32m\"font-medium text-orange-600 hover:text-orange-500 transition-colors\"\u001b[39m\n                    \u001b[33mhref\u001b[39m=\u001b[32m\"/login\"\u001b[39m\n                  \u001b[36m>\u001b[39m\n                    \u001b[0mSign in here\u001b[0m\n                  \u001b[36m</a>\u001b[39m\n                \u001b[36m</p>\u001b[39m\n              \u001b[36m</div>\u001b[39m\n            \u001b[36m</form>\u001b[39m\n          \u001b[36m</div>\u001b[39m\n        \u001b[36m</div>\u001b[39m\n      \u001b[36m</div>\u001b[39m\n    \u001b[36m</body>\u001b[39m\n\u001b[2m\u001b[22m\n\u001b[2m    \u001b[0m \u001b[90m 37 |\u001b[39m     renderWithRouter(\u001b[33m<\u001b[39m\u001b[33mForgotPassword\u001b[39m \u001b[33m/\u001b[39m\u001b[33m>\u001b[39m)\u001b[33m;\u001b[39m\u001b[22m\n\u001b[2m     \u001b[90m 38 |\u001b[39m     \u001b[22m\n\u001b[2m    \u001b[31m\u001b[1m>\u001b[22m\u001b[2m\u001b[39m\u001b[90m 39 |\u001b[39m     expect(screen\u001b[33m.\u001b[39mgetByText(\u001b[32m'Şifremi Unuttum'\u001b[39m))\u001b[33m.\u001b[39mtoBeInTheDocument()\u001b[33m;\u001b[39m\u001b[22m\n\u001b[2m     \u001b[90m    |\u001b[39m                   \u001b[31m\u001b[1m^\u001b[22m\u001b[2m\u001b[39m\u001b[22m\n\u001b[2m     \u001b[90m 40 |\u001b[39m     expect(screen\u001b[33m.\u001b[39mgetByText(\u001b[32m'Email adresinizi girin, size şifre sıfırlama linki gönderelim'\u001b[39m))\u001b[33m.\u001b[39mtoBeInTheDocument()\u001b[33m;\u001b[39m\u001b[22m\n\u001b[2m     \u001b[90m 41 |\u001b[39m     expect(screen\u001b[33m.\u001b[39mgetByPlaceholderText(\u001b[32m'your@email.com'\u001b[39m))\u001b[33m.\u001b[39mtoBeInTheDocument()\u001b[33m;\u001b[39m\u001b[22m\n\u001b[2m     \u001b[90m 42 |\u001b[39m     expect(screen\u001b[33m.\u001b[39mgetByRole(\u001b[32m'button'\u001b[39m\u001b[33m,\u001b[39m { name\u001b[33m:\u001b[39m \u001b[32m'Şifre Sıfırlama Linki Gönder'\u001b[39m }))\u001b[33m.\u001b[39mtoBeInTheDocument()\u001b[33m;\u001b[39m\u001b[0m\u001b[22m\n\u001b[2m\u001b[22m\n\u001b[2m      \u001b[2mat Object.getElementError (\u001b[22m\u001b[2mnode_modules/@testing-library/dom/dist/config.js\u001b[2m:37:19)\u001b[22m\u001b[2m\u001b[22m\n\u001b[2m      \u001b[2mat \u001b[22m\u001b[2mnode_modules/@testing-library/dom/dist/query-helpers.js\u001b[2m:76:38\u001b[22m\u001b[2m\u001b[22m\n\u001b[2m      \u001b[2mat \u001b[22m\u001b[2mnode_modules/@testing-library/dom/dist/query-helpers.js\u001b[2m:52:17\u001b[22m\u001b[2m\u001b[22m\n\u001b[2m      \u001b[2mat getByText (\u001b[22m\u001b[2mnode_modules/@testing-library/dom/dist/query-helpers.js\u001b[2m:95:19)\u001b[22m\u001b[2m\u001b[22m\n\u001b[2m      \u001b[2mat Object.<anonymous> (\u001b[22m\u001b[2m\u001b[0m\u001b[36msrc/__tests__/pages/ForgotPassword.test.tsx\u001b[39m\u001b[0m\u001b[2m:39:19)\u001b[22m\u001b[2m\u001b[22m\n\n\u001b[1m\u001b[31m  \u001b[1m● \u001b[22m\u001b[1mForgotPassword › should handle successful password reset request\u001b[39m\u001b[22m\n\n    TestingLibraryElementError: Unable to find an element with the placeholder text of: your@email.com\n\n    Ignored nodes: comments, script, style\n    \u001b[36m<body>\u001b[39m\n      \u001b[36m<div>\u001b[39m\n        \u001b[36m<div\u001b[39m\n          \u001b[33mclass\u001b[39m=\u001b[32m\"min-h-screen bg-gradient-to-br from-orange-50 to-yellow-50 dark:from-gray-900 dark:to-gray-800 flex items-center justify-center py-12 px-4 sm:px-6 lg:px-8\"\u001b[39m\n        \u001b[36m>\u001b[39m\n          \u001b[36m<div\u001b[39m\n            \u001b[33mclass\u001b[39m=\u001b[32m\"max-w-md w-full space-y-8\"\u001b[39m\n          \u001b[36m>\u001b[39m\n            \u001b[36m<div\u001b[39m\n              \u001b[33mclass\u001b[39m=\u001b[32m\"text-center\"\u001b[39m\n            \u001b[36m>\u001b[39m\n              \u001b[36m<a\u001b[39m\n                \u001b[33mclass\u001b[39m=\u001b[32m\"inline-flex items-center text-orange-600 hover:text-orange-500 mb-6 transition-colors\"\u001b[39m\n                \u001b[33mhref\u001b[39m=\u001b[32m\"/login\"\u001b[39m\n              \u001b[36m>\u001b[39m\n                \u001b[36m<span\u001b[39m\n                  \u001b[33mclass\u001b[39m=\u001b[32m\"inline-block w-4 h-4 mr-2\"\u001b[39m\n                  \u001b[33mstyle\u001b[39m=\u001b[32m\"font-size: 16px;\"\u001b[39m\n                \u001b[36m>\u001b[39m\n                  \u001b[0m⬅️\u001b[0m\n                \u001b[36m</span>\u001b[39m\n                \u001b[0mBack to Sign In\u001b[0m\n              \u001b[36m</a>\u001b[39m\n              \u001b[36m<div\u001b[39m\n                \u001b[33mclass\u001b[39m=\u001b[32m\"w-20 h-20 bg-gradient-to-r from-orange-500 to-yellow-500 rounded-full flex items-center justify-center mx-auto mb-6\"\u001b[39m\n              \u001b[36m>\u001b[39m\n                \u001b[36m<span\u001b[39m\n                  \u001b[33mclass\u001b[39m=\u001b[32m\"inline-block w-10 h-10 text-white\"\u001b[39m\n                  \u001b[33mstyle\u001b[39m=\u001b[32m\"font-size: 16px;\"\u001b[39m\n                \u001b[36m>\u001b[39m\n                  \u001b[0m📧\u001b[0m\n                \u001b[36m</span>\u001b[39m\n              \u001b[36m</div>\u001b[39m\n              \u001b[36m<h2\u001b[39m\n                \u001b[33mclass\u001b[39m=\u001b[32m\"text-3xl font-bold text-gray-900 dark:text-white mb-2\"\u001b[39m\n              \u001b[36m>\u001b[39m\n                \u001b[0mForgot your password?\u001b[0m\n              \u001b[36m</h2>\u001b[39m\n              \u001b[36m<p\u001b[39m\n                \u001b[33mclass\u001b[39m=\u001b[32m\"text-gray-600 dark:text-gray-400\"\u001b[39m\n              \u001b[36m>\u001b[39m\n                \u001b[0mNo worries! Enter your email and we'll send you a reset link.\u001b[0m\n              \u001b[36m</p>\u001b[39m\n            \u001b[36m</div>\u001b[39m\n            \u001b[36m<form\u001b[39m\n              \u001b[33mclass\u001b[39m=\u001b[32m\"mt-8 space-y-6\"\u001b[39m\n            \u001b[36m>\u001b[39m\n              \u001b[36m<div>\u001b[39m\n                \u001b[36m<label\u001b[39m\n                  \u001b[33mclass\u001b[39m=\u001b[32m\"block text-sm font-medium text-gray-700 dark:text-gray-300 mb-2\"\u001b[39m\n                  \u001b[33mfor\u001b[39m=\u001b[32m\"email\"\u001b[39m\n                \u001b[36m>\u001b[39m\n                  \u001b[0mEmail Address\u001b[0m\n                \u001b[36m</label>\u001b[39m\n                \u001b[36m<div\u001b[39m\n                  \u001b[33mclass\u001b[39m=\u001b[32m\"relative\"\u001b[39m\n                \u001b[36m>\u001b[39m\n                  \u001b[36m<div\u001b[39m\n                    \u001b[33mclass\u001b[39m=\u001b[32m\"absolute inset-y-0 left-0 pl-3 flex items-center pointer-events-none\"\u001b[39m\n                  \u001b[36m>\u001b[39m\n                    \u001b[36m<span\u001b[39m\n                      \u001b[33mclass\u001b[39m=\u001b[32m\"inline-block h-5 w-5 text-gray-400\"\u001b[39m\n                      \u001b[33mstyle\u001b[39m=\u001b[32m\"font-size: 16px;\"\u001b[39m\n                    \u001b[36m>\u001b[39m\n                      \u001b[0m📧\u001b[0m\n                    \u001b[36m</span>\u001b[39m\n                  \u001b[36m</div>\u001b[39m\n                  \u001b[36m<input\u001b[39m\n                    \u001b[33mautocomplete\u001b[39m=\u001b[32m\"email\"\u001b[39m\n                    \u001b[33mclass\u001b[39m=\u001b[32m\"block w-full pl-10 pr-3 py-3 border border-gray-300 dark:border-gray-600 rounded-lg placeholder-gray-500 text-gray-900 dark:text-white dark:bg-gray-700 focus:outline-none focus:ring-2 focus:ring-orange-500 focus:border-transparent\"\u001b[39m\n                    \u001b[33mid\u001b[39m=\u001b[32m\"email\"\u001b[39m\n                    \u001b[33mname\u001b[39m=\u001b[32m\"email\"\u001b[39m\n                    \u001b[33mplaceholder\u001b[39m=\u001b[32m\"Enter your email address\"\u001b[39m\n                    \u001b[33mrequired\u001b[39m=\u001b[32m\"\"\u001b[39m\n                    \u001b[33mtype\u001b[39m=\u001b[32m\"email\"\u001b[39m\n                    \u001b[33mvalue\u001b[39m=\u001b[32m\"\"\u001b[39m\n                  \u001b[36m/>\u001b[39m\n                \u001b[36m</div>\u001b[39m\n              \u001b[36m</div>\u001b[39m\n              \u001b[36m<button\u001b[39m\n                \u001b[33mclass\u001b[39m=\u001b[32m\"group relative w-full flex justify-center py-3 px-4 border border-transparent text-sm font-medium rounded-lg text-white bg-gradient-to-r from-orange-500 to-yellow-500 hover:from-orange-600 hover:to-yellow-600 focus:outline-none focus:ring-2 focus:ring-offset-2 focus:ring-orange-500 disabled:opacity-50 disabled:cursor-not-allowed transition-colors\"\u001b[39m\n                \u001b[33mtype\u001b[39m=\u001b[32m\"submit\"\u001b[39m\n              \u001b[36m>\u001b[39m\n                \u001b[0mSend Reset Link\u001b[0m\n              \u001b[36m</button>\u001b[39m\n              \u001b[36m<div\u001b[39m\n                \u001b[33mclass\u001b[39m=\u001b[32m\"text-center\"\u001b[39m\n              \u001b[36m>\u001b[39m\n                \u001b[36m<p\u001b[39m\n                  \u001b[33mclass\u001b[39m=\u001b[32m\"text-sm text-gray-600 dark:text-gray-400\"\u001b[39m\n                \u001b[36m>\u001b[39m\n                  \u001b[0mRemember your password?\u001b[0m\n                  \u001b[0m \u001b[0m\n                  \u001b[36m<a\u001b[39m\n                    \u001b[33mclass\u001b[39m=\u001b[32m\"font-medium text-orange-600 hover:text-orange-500 transition-colors\"\u001b[39m\n                    \u001b[33mhref\u001b[39m=\u001b[32m\"/login\"\u001b[39m\n                  \u001b[36m>\u001b[39m\n                    \u001b[0mSign in here\u001b[0m\n                  \u001b[36m</a>\u001b[39m\n                \u001b[36m</p>\u001b[39m\n              \u001b[36m</div>\u001b[39m\n            \u001b[36m</form>\u001b[39m\n          \u001b[36m</div>\u001b[39m\n        \u001b[36m</div>\u001b[39m\n      \u001b[36m</div>\u001b[39m\n    \u001b[36m</body>\u001b[39m\n\u001b[2m\u001b[22m\n\u001b[2m    \u001b[0m \u001b[90m 51 |\u001b[39m     renderWithRouter(\u001b[33m<\u001b[39m\u001b[33mForgotPassword\u001b[39m \u001b[33m/\u001b[39m\u001b[33m>\u001b[39m)\u001b[33m;\u001b[39m\u001b[22m\n\u001b[2m     \u001b[90m 52 |\u001b[39m     \u001b[22m\n\u001b[2m    \u001b[31m\u001b[1m>\u001b[22m\u001b[2m\u001b[39m\u001b[90m 53 |\u001b[39m     \u001b[36mconst\u001b[39m emailInput \u001b[33m=\u001b[39m screen\u001b[33m.\u001b[39mgetByPlaceholderText(\u001b[32m'your@email.com'\u001b[39m)\u001b[33m;\u001b[39m\u001b[22m\n\u001b[2m     \u001b[90m    |\u001b[39m                               \u001b[31m\u001b[1m^\u001b[22m\u001b[2m\u001b[39m\u001b[22m\n\u001b[2m     \u001b[90m 54 |\u001b[39m     \u001b[36mconst\u001b[39m submitButton \u001b[33m=\u001b[39m screen\u001b[33m.\u001b[39mgetByRole(\u001b[32m'button'\u001b[39m\u001b[33m,\u001b[39m { name\u001b[33m:\u001b[39m \u001b[32m'Şifre Sıfırlama Linki Gönder'\u001b[39m })\u001b[33m;\u001b[39m\u001b[22m\n\u001b[2m     \u001b[90m 55 |\u001b[39m     \u001b[22m\n\u001b[2m     \u001b[90m 56 |\u001b[39m     fireEvent\u001b[33m.\u001b[39mchange(emailInput\u001b[33m,\u001b[39m { target\u001b[33m:\u001b[39m { value\u001b[33m:\u001b[39m \u001b[32m'test@example.com'\u001b[39m } })\u001b[33m;\u001b[39m\u001b[0m\u001b[22m\n\u001b[2m\u001b[22m\n\u001b[2m      \u001b[2mat Object.getElementError (\u001b[22m\u001b[2mnode_modules/@testing-library/dom/dist/config.js\u001b[2m:37:19)\u001b[22m\u001b[2m\u001b[22m\n\u001b[2m      \u001b[2mat \u001b[22m\u001b[2mnode_modules/@testing-library/dom/dist/query-helpers.js\u001b[2m:76:38\u001b[22m\u001b[2m\u001b[22m\n\u001b[2m      \u001b[2mat \u001b[22m\u001b[2mnode_modules/@testing-library/dom/dist/query-helpers.js\u001b[2m:52:17\u001b[22m\u001b[2m\u001b[22m\n\u001b[2m      \u001b[2mat getByPlaceholderText (\u001b[22m\u001b[2mnode_modules/@testing-library/dom/dist/query-helpers.js\u001b[2m:95:19)\u001b[22m\u001b[2m\u001b[22m\n\u001b[2m      \u001b[2mat Object.<anonymous> (\u001b[22m\u001b[2m\u001b[0m\u001b[36msrc/__tests__/pages/ForgotPassword.test.tsx\u001b[39m\u001b[0m\u001b[2m:53:31)\u001b[22m\u001b[2m\u001b[22m\n\n\u001b[1m\u001b[31m  \u001b[1m● \u001b[22m\u001b[1mForgotPassword › should handle error during password reset\u001b[39m\u001b[22m\n\n    TestingLibraryElementError: Unable to find an element with the placeholder text of: your@email.com\n\n    Ignored nodes: comments, script, style\n    \u001b[36m<body>\u001b[39m\n      \u001b[36m<div>\u001b[39m\n        \u001b[36m<div\u001b[39m\n          \u001b[33mclass\u001b[39m=\u001b[32m\"min-h-screen bg-gradient-to-br from-orange-50 to-yellow-50 dark:from-gray-900 dark:to-gray-800 flex items-center justify-center py-12 px-4 sm:px-6 lg:px-8\"\u001b[39m\n        \u001b[36m>\u001b[39m\n          \u001b[36m<div\u001b[39m\n            \u001b[33mclass\u001b[39m=\u001b[32m\"max-w-md w-full space-y-8\"\u001b[39m\n          \u001b[36m>\u001b[39m\n            \u001b[36m<div\u001b[39m\n              \u001b[33mclass\u001b[39m=\u001b[32m\"text-center\"\u001b[39m\n            \u001b[36m>\u001b[39m\n              \u001b[36m<a\u001b[39m\n                \u001b[33mclass\u001b[39m=\u001b[32m\"inline-flex items-center text-orange-600 hover:text-orange-500 mb-6 transition-colors\"\u001b[39m\n                \u001b[33mhref\u001b[39m=\u001b[32m\"/login\"\u001b[39m\n              \u001b[36m>\u001b[39m\n                \u001b[36m<span\u001b[39m\n                  \u001b[33mclass\u001b[39m=\u001b[32m\"inline-block w-4 h-4 mr-2\"\u001b[39m\n                  \u001b[33mstyle\u001b[39m=\u001b[32m\"font-size: 16px;\"\u001b[39m\n                \u001b[36m>\u001b[39m\n                  \u001b[0m⬅️\u001b[0m\n                \u001b[36m</span>\u001b[39m\n                \u001b[0mBack to Sign In\u001b[0m\n              \u001b[36m</a>\u001b[39m\n              \u001b[36m<div\u001b[39m\n                \u001b[33mclass\u001b[39m=\u001b[32m\"w-20 h-20 bg-gradient-to-r from-orange-500 to-yellow-500 rounded-full flex items-center justify-center mx-auto mb-6\"\u001b[39m\n              \u001b[36m>\u001b[39m\n                \u001b[36m<span\u001b[39m\n                  \u001b[33mclass\u001b[39m=\u001b[32m\"inline-block w-10 h-10 text-white\"\u001b[39m\n                  \u001b[33mstyle\u001b[39m=\u001b[32m\"font-size: 16px;\"\u001b[39m\n                \u001b[36m>\u001b[39m\n                  \u001b[0m📧\u001b[0m\n                \u001b[36m</span>\u001b[39m\n              \u001b[36m</div>\u001b[39m\n              \u001b[36m<h2\u001b[39m\n                \u001b[33mclass\u001b[39m=\u001b[32m\"text-3xl font-bold text-gray-900 dark:text-white mb-2\"\u001b[39m\n              \u001b[36m>\u001b[39m\n                \u001b[0mForgot your password?\u001b[0m\n              \u001b[36m</h2>\u001b[39m\n              \u001b[36m<p\u001b[39m\n                \u001b[33mclass\u001b[39m=\u001b[32m\"text-gray-600 dark:text-gray-400\"\u001b[39m\n              \u001b[36m>\u001b[39m\n                \u001b[0mNo worries! Enter your email and we'll send you a reset link.\u001b[0m\n              \u001b[36m</p>\u001b[39m\n            \u001b[36m</div>\u001b[39m\n            \u001b[36m<form\u001b[39m\n              \u001b[33mclass\u001b[39m=\u001b[32m\"mt-8 space-y-6\"\u001b[39m\n            \u001b[36m>\u001b[39m\n              \u001b[36m<div>\u001b[39m\n                \u001b[36m<label\u001b[39m\n                  \u001b[33mclass\u001b[39m=\u001b[32m\"block text-sm font-medium text-gray-700 dark:text-gray-300 mb-2\"\u001b[39m\n                  \u001b[33mfor\u001b[39m=\u001b[32m\"email\"\u001b[39m\n                \u001b[36m>\u001b[39m\n                  \u001b[0mEmail Address\u001b[0m\n                \u001b[36m</label>\u001b[39m\n                \u001b[36m<div\u001b[39m\n                  \u001b[33mclass\u001b[39m=\u001b[32m\"relative\"\u001b[39m\n                \u001b[36m>\u001b[39m\n                  \u001b[36m<div\u001b[39m\n                    \u001b[33mclass\u001b[39m=\u001b[32m\"absolute inset-y-0 left-0 pl-3 flex items-center pointer-events-none\"\u001b[39m\n                  \u001b[36m>\u001b[39m\n                    \u001b[36m<span\u001b[39m\n                      \u001b[33mclass\u001b[39m=\u001b[32m\"inline-block h-5 w-5 text-gray-400\"\u001b[39m\n                      \u001b[33mstyle\u001b[39m=\u001b[32m\"font-size: 16px;\"\u001b[39m\n                    \u001b[36m>\u001b[39m\n                      \u001b[0m📧\u001b[0m\n                    \u001b[36m</span>\u001b[39m\n                  \u001b[36m</div>\u001b[39m\n                  \u001b[36m<input\u001b[39m\n                    \u001b[33mautocomplete\u001b[39m=\u001b[32m\"email\"\u001b[39m\n                    \u001b[33mclass\u001b[39m=\u001b[32m\"block w-full pl-10 pr-3 py-3 border border-gray-300 dark:border-gray-600 rounded-lg placeholder-gray-500 text-gray-900 dark:text-white dark:bg-gray-700 focus:outline-none focus:ring-2 focus:ring-orange-500 focus:border-transparent\"\u001b[39m\n                    \u001b[33mid\u001b[39m=\u001b[32m\"email\"\u001b[39m\n                    \u001b[33mname\u001b[39m=\u001b[32m\"email\"\u001b[39m\n                    \u001b[33mplaceholder\u001b[39m=\u001b[32m\"Enter your email address\"\u001b[39m\n                    \u001b[33mrequired\u001b[39m=\u001b[32m\"\"\u001b[39m\n                    \u001b[33mtype\u001b[39m=\u001b[32m\"email\"\u001b[39m\n                    \u001b[33mvalue\u001b[39m=\u001b[32m\"\"\u001b[39m\n                  \u001b[36m/>\u001b[39m\n                \u001b[36m</div>\u001b[39m\n              \u001b[36m</div>\u001b[39m\n              \u001b[36m<button\u001b[39m\n                \u001b[33mclass\u001b[39m=\u001b[32m\"group relative w-full flex justify-center py-3 px-4 border border-transparent text-sm font-medium rounded-lg text-white bg-gradient-to-r from-orange-500 to-yellow-500 hover:from-orange-600 hover:to-yellow-600 focus:outline-none focus:ring-2 focus:ring-offset-2 focus:ring-orange-500 disabled:opacity-50 disabled:cursor-not-allowed transition-colors\"\u001b[39m\n                \u001b[33mtype\u001b[39m=\u001b[32m\"submit\"\u001b[39m\n              \u001b[36m>\u001b[39m\n                \u001b[0mSend Reset Link\u001b[0m\n              \u001b[36m</button>\u001b[39m\n              \u001b[36m<div\u001b[39m\n                \u001b[33mclass\u001b[39m=\u001b[32m\"text-center\"\u001b[39m\n              \u001b[36m>\u001b[39m\n                \u001b[36m<p\u001b[39m\n                  \u001b[33mclass\u001b[39m=\u001b[32m\"text-sm text-gray-600 dark:text-gray-400\"\u001b[39m\n                \u001b[36m>\u001b[39m\n                  \u001b[0mRemember your password?\u001b[0m\n                  \u001b[0m \u001b[0m\n                  \u001b[36m<a\u001b[39m\n                    \u001b[33mclass\u001b[39m=\u001b[32m\"font-medium text-orange-600 hover:text-orange-500 transition-colors\"\u001b[39m\n                    \u001b[33mhref\u001b[39m=\u001b[32m\"/login\"\u001b[39m\n                  \u001b[36m>\u001b[39m\n                    \u001b[0mSign in here\u001b[0m\n                  \u001b[36m</a>\u001b[39m\n                \u001b[36m</p>\u001b[39m\n              \u001b[36m</div>\u001b[39m\n            \u001b[36m</form>\u001b[39m\n          \u001b[36m</div>\u001b[39m\n        \u001b[36m</div>\u001b[39m\n      \u001b[36m</div>\u001b[39m\n    \u001b[36m</body>\u001b[39m\n\u001b[2m\u001b[22m\n\u001b[2m    \u001b[0m \u001b[90m 71 |\u001b[39m     renderWithRouter(\u001b[33m<\u001b[39m\u001b[33mForgotPassword\u001b[39m \u001b[33m/\u001b[39m\u001b[33m>\u001b[39m)\u001b[33m;\u001b[39m\u001b[22m\n\u001b[2m     \u001b[90m 72 |\u001b[39m     \u001b[22m\n\u001b[2m    \u001b[31m\u001b[1m>\u001b[22m\u001b[2m\u001b[39m\u001b[90m 73 |\u001b[39m     \u001b[36mconst\u001b[39m emailInput \u001b[33m=\u001b[39m screen\u001b[33m.\u001b[39mgetByPlaceholderText(\u001b[32m'your@email.com'\u001b[39m)\u001b[33m;\u001b[39m\u001b[22m\n\u001b[2m     \u001b[90m    |\u001b[39m                               \u001b[31m\u001b[1m^\u001b[22m\u001b[2m\u001b[39m\u001b[22m\n\u001b[2m     \u001b[90m 74 |\u001b[39m     \u001b[36mconst\u001b[39m submitButton \u001b[33m=\u001b[39m screen\u001b[33m.\u001b[39mgetByRole(\u001b[32m'button'\u001b[39m\u001b[33m,\u001b[39m { name\u001b[33m:\u001b[39m \u001b[32m'Şifre Sıfırlama Linki Gönder'\u001b[39m })\u001b[33m;\u001b[39m\u001b[22m\n\u001b[2m     \u001b[90m 75 |\u001b[39m     \u001b[22m\n\u001b[2m     \u001b[90m 76 |\u001b[39m     fireEvent\u001b[33m.\u001b[39mchange(emailInput\u001b[33m,\u001b[39m { target\u001b[33m:\u001b[39m { value\u001b[33m:\u001b[39m \u001b[32m'notfound@example.com'\u001b[39m } })\u001b[33m;\u001b[39m\u001b[0m\u001b[22m\n\u001b[2m\u001b[22m\n\u001b[2m      \u001b[2mat Object.getElementError (\u001b[22m\u001b[2mnode_modules/@testing-library/dom/dist/config.js\u001b[2m:37:19)\u001b[22m\u001b[2m\u001b[22m\n\u001b[2m      \u001b[2mat \u001b[22m\u001b[2mnode_modules/@testing-library/dom/dist/query-helpers.js\u001b[2m:76:38\u001b[22m\u001b[2m\u001b[22m\n\u001b[2m      \u001b[2mat \u001b[22m\u001b[2mnode_modules/@testing-library/dom/dist/query-helpers.js\u001b[2m:52:17\u001b[22m\u001b[2m\u001b[22m\n\u001b[2m      \u001b[2mat getByPlaceholderText (\u001b[22m\u001b[2mnode_modules/@testing-library/dom/dist/query-helpers.js\u001b[2m:95:19)\u001b[22m\u001b[2m\u001b[22m\n\u001b[2m      \u001b[2mat Object.<anonymous> (\u001b[22m\u001b[2m\u001b[0m\u001b[36msrc/__tests__/pages/ForgotPassword.test.tsx\u001b[39m\u001b[0m\u001b[2m:73:31)\u001b[22m\u001b[2m\u001b[22m\n\n\u001b[1m\u001b[31m  \u001b[1m● \u001b[22m\u001b[1mForgotPassword › should navigate back to login\u001b[39m\u001b[22m\n\n    TestingLibraryElementError: Unable to find an element with the text: Giriş Sayfasına Dön. This could be because the text is broken up by multiple elements. In this case, you can provide a function for your text matcher to make your matcher more flexible.\n\n    Ignored nodes: comments, script, style\n    \u001b[36m<body>\u001b[39m\n      \u001b[36m<div>\u001b[39m\n        \u001b[36m<div\u001b[39m\n          \u001b[33mclass\u001b[39m=\u001b[32m\"min-h-screen bg-gradient-to-br from-orange-50 to-yellow-50 dark:from-gray-900 dark:to-gray-800 flex items-center justify-center py-12 px-4 sm:px-6 lg:px-8\"\u001b[39m\n        \u001b[36m>\u001b[39m\n          \u001b[36m<div\u001b[39m\n            \u001b[33mclass\u001b[39m=\u001b[32m\"max-w-md w-full space-y-8\"\u001b[39m\n          \u001b[36m>\u001b[39m\n            \u001b[36m<div\u001b[39m\n              \u001b[33mclass\u001b[39m=\u001b[32m\"text-center\"\u001b[39m\n            \u001b[36m>\u001b[39m\n              \u001b[36m<a\u001b[39m\n                \u001b[33mclass\u001b[39m=\u001b[32m\"inline-flex items-center text-orange-600 hover:text-orange-500 mb-6 transition-colors\"\u001b[39m\n                \u001b[33mhref\u001b[39m=\u001b[32m\"/login\"\u001b[39m\n              \u001b[36m>\u001b[39m\n                \u001b[36m<span\u001b[39m\n                  \u001b[33mclass\u001b[39m=\u001b[32m\"inline-block w-4 h-4 mr-2\"\u001b[39m\n                  \u001b[33mstyle\u001b[39m=\u001b[32m\"font-size: 16px;\"\u001b[39m\n                \u001b[36m>\u001b[39m\n                  \u001b[0m⬅️\u001b[0m\n                \u001b[36m</span>\u001b[39m\n                \u001b[0mBack to Sign In\u001b[0m\n              \u001b[36m</a>\u001b[39m\n              \u001b[36m<div\u001b[39m\n                \u001b[33mclass\u001b[39m=\u001b[32m\"w-20 h-20 bg-gradient-to-r from-orange-500 to-yellow-500 rounded-full flex items-center justify-center mx-auto mb-6\"\u001b[39m\n              \u001b[36m>\u001b[39m\n                \u001b[36m<span\u001b[39m\n                  \u001b[33mclass\u001b[39m=\u001b[32m\"inline-block w-10 h-10 text-white\"\u001b[39m\n                  \u001b[33mstyle\u001b[39m=\u001b[32m\"font-size: 16px;\"\u001b[39m\n                \u001b[36m>\u001b[39m\n                  \u001b[0m📧\u001b[0m\n                \u001b[36m</span>\u001b[39m\n              \u001b[36m</div>\u001b[39m\n              \u001b[36m<h2\u001b[39m\n                \u001b[33mclass\u001b[39m=\u001b[32m\"text-3xl font-bold text-gray-900 dark:text-white mb-2\"\u001b[39m\n              \u001b[36m>\u001b[39m\n                \u001b[0mForgot your password?\u001b[0m\n              \u001b[36m</h2>\u001b[39m\n              \u001b[36m<p\u001b[39m\n                \u001b[33mclass\u001b[39m=\u001b[32m\"text-gray-600 dark:text-gray-400\"\u001b[39m\n              \u001b[36m>\u001b[39m\n                \u001b[0mNo worries! Enter your email and we'll send you a reset link.\u001b[0m\n              \u001b[36m</p>\u001b[39m\n            \u001b[36m</div>\u001b[39m\n            \u001b[36m<form\u001b[39m\n              \u001b[33mclass\u001b[39m=\u001b[32m\"mt-8 space-y-6\"\u001b[39m\n            \u001b[36m>\u001b[39m\n              \u001b[36m<div>\u001b[39m\n                \u001b[36m<label\u001b[39m\n                  \u001b[33mclass\u001b[39m=\u001b[32m\"block text-sm font-medium text-gray-700 dark:text-gray-300 mb-2\"\u001b[39m\n                  \u001b[33mfor\u001b[39m=\u001b[32m\"email\"\u001b[39m\n                \u001b[36m>\u001b[39m\n                  \u001b[0mEmail Address\u001b[0m\n                \u001b[36m</label>\u001b[39m\n                \u001b[36m<div\u001b[39m\n                  \u001b[33mclass\u001b[39m=\u001b[32m\"relative\"\u001b[39m\n                \u001b[36m>\u001b[39m\n                  \u001b[36m<div\u001b[39m\n                    \u001b[33mclass\u001b[39m=\u001b[32m\"absolute inset-y-0 left-0 pl-3 flex items-center pointer-events-none\"\u001b[39m\n                  \u001b[36m>\u001b[39m\n                    \u001b[36m<span\u001b[39m\n                      \u001b[33mclass\u001b[39m=\u001b[32m\"inline-block h-5 w-5 text-gray-400\"\u001b[39m\n                      \u001b[33mstyle\u001b[39m=\u001b[32m\"font-size: 16px;\"\u001b[39m\n                    \u001b[36m>\u001b[39m\n                      \u001b[0m📧\u001b[0m\n                    \u001b[36m</span>\u001b[39m\n                  \u001b[36m</div>\u001b[39m\n                  \u001b[36m<input\u001b[39m\n                    \u001b[33mautocomplete\u001b[39m=\u001b[32m\"email\"\u001b[39m\n                    \u001b[33mclass\u001b[39m=\u001b[32m\"block w-full pl-10 pr-3 py-3 border border-gray-300 dark:border-gray-600 rounded-lg placeholder-gray-500 text-gray-900 dark:text-white dark:bg-gray-700 focus:outline-none focus:ring-2 focus:ring-orange-500 focus:border-transparent\"\u001b[39m\n                    \u001b[33mid\u001b[39m=\u001b[32m\"email\"\u001b[39m\n                    \u001b[33mname\u001b[39m=\u001b[32m\"email\"\u001b[39m\n                    \u001b[33mplaceholder\u001b[39m=\u001b[32m\"Enter your email address\"\u001b[39m\n                    \u001b[33mrequired\u001b[39m=\u001b[32m\"\"\u001b[39m\n                    \u001b[33mtype\u001b[39m=\u001b[32m\"email\"\u001b[39m\n                    \u001b[33mvalue\u001b[39m=\u001b[32m\"\"\u001b[39m\n                  \u001b[36m/>\u001b[39m\n                \u001b[36m</div>\u001b[39m\n              \u001b[36m</div>\u001b[39m\n              \u001b[36m<button\u001b[39m\n                \u001b[33mclass\u001b[39m=\u001b[32m\"group relative w-full flex justify-center py-3 px-4 border border-transparent text-sm font-medium rounded-lg text-white bg-gradient-to-r from-orange-500 to-yellow-500 hover:from-orange-600 hover:to-yellow-600 focus:outline-none focus:ring-2 focus:ring-offset-2 focus:ring-orange-500 disabled:opacity-50 disabled:cursor-not-allowed transiti
[...]
39m=\u001b[32m\"space-y-6\"\u001b[39m\n                      \u001b[36m>\u001b[39m\n                        \u001b[36m<div\u001b[39m\n                          \u001b[33mclass\u001b[39m=\u001b[32m\"flex gap-3\"\u001b[39m\n                        \u001b[36m>\u001b[39m\n                          \u001b[36m<div\u001b[39m\n                            \u001b[33mclass\u001b[39m=\u001b[32m\"flex-1\"\u001b[39m\n                          \u001b[36m>\u001b[39m\n                            \u001b[36m<div\u001b[39m\n                              \u001b[33mdata-testid\u001b[39m=\u001b[32m\"mock-autocomplete\"\u001b[39m\n                            \u001b[36m>\u001b[39m\n                              \u001b[36m<input\u001b[39m\n                                \u001b[33mplaceholder\u001b[39m=\u001b[32m\"Try: Frontend Developer, Product Manager, Designer...\"\u001b[39m\n                              \u001b[36m/>\u001b[39m\n                              \u001b[36m<button>\u001b[39m\n                                \u001b[0mSelect Developer\u001b[0m\n                              \u001b[36m</button>\u001b[39m\n                            \u001b[36m</div>\u001b[39m\n                          \u001b[36m</div>\u001b[39m\n                          \u001b[36m<button\u001b[39m\n                            \u001b[33mclass\u001b[39m=\u001b[32m\"bg-gradient-to-r from-orange-500 to-yellow-400 hover:from-orange-600 hover:to-yellow-500 disabled:from-gray-400 disabled:to-gray-500 disabled:cursor-not-allowed text-white font-semibold px-4 md:px-8 py-3 rounded-xl shadow-lg hover:shadow-xl transform hover:scale-105 transition-all duration-200 flex items-center space-x-2 whitespace-nowrap\"\u001b[39m\n                            \u001b[33mdisabled\u001b[39m=\u001b[32m\"\"\u001b[39m\n                          \u001b[36m>\u001b[39m\n                            \u001b[36m<svg\u001b[39m\n                              \u001b[33maria-hidden\u001b[39m=\u001b[32m\"true\"\u001b[39m\n                              \u001b[33mclass\u001b[39m=\u001b[32m\"lucide lucide-search w-5 h-5\"\u001b[39m\n                              \u001b[33mfill\u001b[39m=\u001b[32m\"none\"\u001b[39m\n                              \u001b[33mheight\u001b[39m=\u001b[32m\"24\"\u001b[39m\n                              \u001b[33mstroke\u001b[39m=\u001b[32m\"currentColor\"\u001b[39m\n                              \u001b[33mstroke-linecap\u001b[39m=\u001b[32m\"round\"\u001b[39m\n                              \u001b[33mstroke-linejoin\u001b[39m=\u001b[32m\"round\"\u001b[39m\n                              \u001b[33mstroke-width\u001b[39m=\u001b[32m\"2\"\u001b[39m\n                              \u001b[33mviewBox\u001b[39m=\u001b[32m\"0 0 24 24\"\u001b[39m\n                              \u001b[33mwidth\u001b[39m=\u001b[32m\"24\"\u001b[39m\n                              \u001b[33mxmlns\u001b[39m=\u001b[32m\"http://www.w3.org/2000/svg\"\u001b[39m\n                            \u001b[36m>\u001b[39m\n                              \u001b[36m<path\u001b[39m\n                                \u001b[33md\u001b[39m=\u001b[32m\"m21 21-4.34-4.34\"\u001b[39m\n                              \u001b[36m/>\u001b[39m\n                              \u001b[36m<circle\u001b[39m\n                                \u001b[33mcx\u001b[39m=\u001b[32m\"11\"\u001b[39m\n                                \u001b[33mcy\u001b[39m=\u001b[32m\"11\"\u001b[39m\n                                \u001b[33mr\u001b[39m=\u001b[32m\"8\"\u001b[39m\n                              \u001b[36m/>\u001b[39m\n                            \u001b[36m</svg>\u001b[39m\n                            \u001b[36m<span\u001b[39m\n                              \u001b[33mclass\u001b[39m=\u001b[32m\"hidden md:inline\"\u001b[39m\n                            \u001b[36m>\u001b[39m\n                              \u001b[0mFind Jobs\u001b[0m\n                            \u001b[36m</span>\u001b[39m\n                          \u001b[36m</button>\u001b[39m\n                          \u001b[36m<button\u001b[39m\n                            \u001b[33mclass\u001b[39m=\u001b[32m\"hidden md:flex bg-white/10 backdrop-blur-sm border border-white/20 text-white font-semibold px-6 py-3 rounded-xl hover:bg-white/20 transition-all duration-200 items-center space-x-2\"\u001b[39m\n                          \u001b[36m>\u001b[39m\n                            \u001b[36m<svg\u001b[39m\n                              \u001b[33maria-hidden\u001b[39m=\u001b[32m\"true\"\u001b[39m\n                              \u001b[33mclass\u001b[39m=\u001b[32m\"lucide lucide-circle-play w-5 h-5\"\u001b[39m\n                              \u001b[33mfill\u001b[39m=\u001b[32m\"none\"\u001b[39m\n                              \u001b[33mheight\u001b[39m=\u001b[32m\"24\"\u001b[39m\n                              \u001b[33mstroke\u001b[39m=\u001b[32m\"currentColor\"\u001b[39m\n                              \u001b[33mstroke-linecap\u001b[39m=\u001b[32m\"round\"\u001b[39m\n                              \u001b[33mstroke-linejoin\u001b[39m=\u001b[32m\"round\"\u001b[39m\n                              \u001b[33mstroke-width\u001b[39m=\u001b[32m\"2\"\u001b[39m\n                              \u001b[33mviewBox\u001b[39m=\u001b[32m\"0 0 24 24\"\u001b[39m\n                              \u001b[33mwidth\u001b[39m=\u001b[32m\"24\"\u001b[39m\n                              \u001b[33mxmlns\u001b[39m=\u001b[32m\"http://www.w3.org/2000/svg\"\u001b[39m\n                            \u001b[36m>\u001b[39m\n                              \u001b[36m<circle\u001b[39m\n                                \u001b[33mcx\u001b[39m=\u001b[32m\"12\"\u001b[39m\n                                \u001b[33mcy\u001b[39m=\u001b[32m\"12\"\u001b[39m\n                                \u001b[33mr\u001b[39m=\u001b[32m\"10\"\u001b[39m\n                              \u001b[36m/>\u001b[39m\n                              \u001b[36m<polygon\u001b[39m\n                                \u001b[33mpoints\u001b[39m=\u001b[32m\"10 8 16 12 10 16 10 8\"\u001b[39m\n                              \u001b[36m/>\u001b[39m\n                            \u001b[36m</svg>\u001b[39m\n                            \u001b[36m<span>\u001b[39m\n                              \u001b[0mJob Wizard\u001b[0m\n                            \u001b[36m</span>\u001b[39m\n                          \u001b[36m</button>\u001b[39m\n                        \u001b[36m</div>\u001b[39m\n                 ...\n\u001b[2m\u001b[22m\n\u001b[2m    \u001b[0m \u001b[90m 499 |\u001b[39m             el \u001b[33m=\u001b[39m el\u001b[33m.\u001b[39mparentElement\u001b[33m;\u001b[39m\u001b[22m\n\u001b[2m     \u001b[90m 500 |\u001b[39m           }\u001b[22m\n\u001b[2m    \u001b[31m\u001b[1m>\u001b[22m\u001b[2m\u001b[39m\u001b[90m 501 |\u001b[39m           expect(found)\u001b[33m.\u001b[39mtoBeTruthy()\u001b[33m;\u001b[39m\u001b[22m\n\u001b[2m     \u001b[90m     |\u001b[39m                         \u001b[31m\u001b[1m^\u001b[22m\u001b[2m\u001b[39m\u001b[22m\n\u001b[2m     \u001b[90m 502 |\u001b[39m         })\u001b[33m;\u001b[39m\u001b[22m\n\u001b[2m     \u001b[90m 503 |\u001b[39m       })\u001b[33m;\u001b[39m\u001b[22m\n\u001b[2m     \u001b[90m 504 |\u001b[39m     })\u001b[33m;\u001b[39m\u001b[0m\u001b[22m\n\u001b[2m\u001b[22m\n\u001b[2m      \u001b[2mat forEach (\u001b[22m\u001b[2m\u001b[0m\u001b[36msrc/__tests__/pages/Home.test.tsx\u001b[39m\u001b[0m\u001b[2m:501:25)\u001b[22m\u001b[2m\u001b[22m\n\u001b[2m          at Array.forEach (<anonymous>)\u001b[22m\n\u001b[2m      \u001b[2mat \u001b[22m\u001b[2m\u001b[0m\u001b[36msrc/__tests__/pages/Home.test.tsx\u001b[39m\u001b[0m\u001b[2m:488:18\u001b[22m\u001b[2m\u001b[22m\n\u001b[2m      \u001b[2mat runWithExpensiveErrorDiagnosticsDisabled (\u001b[22m\u001b[2mnode_modules/@testing-library/dom/dist/config.js\u001b[2m:47:12)\u001b[22m\u001b[2m\u001b[22m\n\u001b[2m      \u001b[2mat checkCallback (\u001b[22m\u001b[2mnode_modules/@testing-library/dom/dist/wait-for.js\u001b[2m:127:77)\u001b[22m\u001b[2m\u001b[22m\n\u001b[2m      \u001b[2mat checkRealTimersCallback (\u001b[22m\u001b[2mnode_modules/@testing-library/dom/dist/wait-for.js\u001b[2m:121:16)\u001b[22m\u001b[2m\u001b[22m\n\u001b[2m      \u001b[2mat Timeout.task [as _onTimeout] (\u001b[22m\u001b[2mnode_modules/jsdom/lib/jsdom/browser/Window.js\u001b[2m:516:19)\u001b[22m\u001b[2m\u001b[22m\n\n\u001b[1m\u001b[31m  \u001b[1m● \u001b[22m\u001b[1mHome Page › Responsive Design › renders correctly on different screen sizes\u001b[39m\u001b[22m\n\n    Unable to find an element with the text: Start Your Job Search. This could be because the text is broken up by multiple elements. In this case, you can provide a function for your text matcher to make your matcher more flexible.\n\n    Ignored nodes: comments, script, style\n    \u001b[36m<body>\u001b[39m\n      \u001b[36m<div>\u001b[39m\n        \u001b[36m<div\u001b[39m\n          \u001b[33mdata-testid\u001b[39m=\u001b[32m\"mock-layout\"\u001b[39m\n        \u001b[36m>\u001b[39m\n          \u001b[36m<div\u001b[39m\n            \u001b[33mclass\u001b[39m=\u001b[32m\"min-h-screen\"\u001b[39m\n          \u001b[36m>\u001b[39m\n            \u001b[36m<div\u001b[39m\n              \u001b[33mclass\u001b[39m=\u001b[32m\"relative overflow-hidden bg-gradient-to-br from-blue-600 via-purple-600 to-indigo-800 text-white\"\u001b[39m\n            \u001b[36m>\u001b[39m\n              \u001b[36m<div\u001b[39m\n                \u001b[33mclass\u001b[39m=\u001b[32m\"absolute inset-0 opacity-30\"\u001b[39m\n              \u001b[36m/>\u001b[39m\n              \u001b[36m<div\u001b[39m\n                \u001b[33mclass\u001b[39m=\u001b[32m\"absolute inset-0 bg-white/5 backdrop-blur-sm\"\u001b[39m\n              \u001b[36m/>\u001b[39m\n              \u001b[36m<div\u001b[39m\n                \u001b[33mclass\u001b[39m=\u001b[32m\"relative container mx-auto px-4 py-12\"\u001b[39m\n              \u001b[36m>\u001b[39m\n                \u001b[36m<div\u001b[39m\n                  \u001b[33mclass\u001b[39m=\u001b[32m\"max-w-5xl mx-auto text-center mb-6\"\u001b[39m\n                \u001b[36m>\u001b[39m\n                  \u001b[36m<h1\u001b[39m\n                    \u001b[33mclass\u001b[39m=\u001b[32m\"text-5xl md:text-7xl font-extrabold mb-6 leading-tight\"\u001b[39m\n                  \u001b[36m>\u001b[39m\n                    \u001b[36m<br />\u001b[39m\n                    \u001b[0mFind Your Perfect\u001b[0m\n                    \u001b[36m<span\u001b[39m\n                      \u001b[33mclass\u001b[39m=\u001b[32m\"block bg-gradient-to-r from-yellow-400 to-orange-500 bg-clip-text text-transparent\"\u001b[39m\n                    \u001b[36m>\u001b[39m\n                      \u001b[0mRemote Job 🐝\u001b[0m\n                    \u001b[36m</span>\u001b[39m\n                  \u001b[36m</h1>\u001b[39m\n                  \u001b[36m<p\u001b[39m\n                    \u001b[33mclass\u001b[39m=\u001b[32m\"text-xl md:text-2xl opacity-95 mb-6 leading-relaxed max-w-3xl mx-auto\"\u001b[39m\n                  \u001b[36m>\u001b[39m\n                    \u001b[0mDiscover thousands of remote opportunities from top companies around the world. Your dream job is just a buzz away!\u001b[0m\n                  \u001b[36m</p>\u001b[39m\n                \u001b[36m</div>\u001b[39m\n                \u001b[36m<div\u001b[39m\n                  \u001b[33mclass\u001b[39m=\u001b[32m\"max-w-4xl mx-auto\"\u001b[39m\n                \u001b[36m>\u001b[39m\n                  \u001b[36m<div\u001b[39m\n                    \u001b[33mclass\u001b[39m=\u001b[32m\"bg-white/10 backdrop-blur-lg rounded-2xl p-8 border border-white/20 shadow-2xl\"\u001b[39m\n                  \u001b[36m>\u001b[39m\n                    \u001b[36m<div\u001b[39m\n                      \u001b[33mclass\u001b[39m=\u001b[32m\"space-y-6\"\u001b[39m\n                    \u001b[36m>\u001b[39m\n                      \u001b[36m<div\u001b[39m\n                        \u001b[33mclass\u001b[39m=\u001b[32m\"flex gap-3\"\u001b[39m\n                      \u001b[36m>\u001b[39m\n                        \u001b[36m<div\u001b[39m\n                          \u001b[33mclass\u001b[39m=\u001b[32m\"flex-1\"\u001b[39m\n                        \u001b[36m>\u001b[39m\n                          \u001b[36m<div\u001b[39m\n                            \u001b[33mdata-testid\u001b[39m=\u001b[32m\"mock-autocomplete\"\u001b[39m\n                          \u001b[36m>\u001b[39m\n                            \u001b[36m<input\u001b[39m\n                              \u001b[33mplaceholder\u001b[39m=\u001b[32m\"Try: Frontend Developer, Product Manager, Designer...\"\u001b[39m\n                            \u001b[36m/>\u001b[39m\n                            \u001b[36m<button>\u001b[39m\n                              \u001b[0mSelect Developer\u001b[0m\n                            \u001b[36m</button>\u001b[39m\n                          \u001b[36m</div>\u001b[39m\n                        \u001b[36m</div>\u001b[39m\n                        \u001b[36m<button\u001b[39m\n                          \u001b[33mclass\u001b[39m=\u001b[32m\"bg-gradient-to-r from-orange-500 to-yellow-400 hover:from-orange-600 hover:to-yellow-500 disabled:from-gray-400 disabled:to-gray-500 disabled:cursor-not-allowed text-white font-semibold px-4 md:px-8 py-3 rounded-xl shadow-lg hover:shadow-xl transform hover:scale-105 transition-all duration-200 flex items-center space-x-2 whitespace-nowrap\"\u001b[39m\n                          \u001b[33mdisabled\u001b[39m=\u001b[32m\"\"\u001b[39m\n                        \u001b[36m>\u001b[39m\n                          \u001b[36m<svg\u001b[39m\n                            \u001b[33maria-hidden\u001b[39m=\u001b[32m\"true\"\u001b[39m\n                            \u001b[33mclass\u001b[39m=\u001b[32m\"lucide lucide-search w-5 h-5\"\u001b[39m\n                            \u001b[33mfill\u001b[39m=\u001b[32m\"none\"\u001b[39m\n                            \u001b[33mheight\u001b[39m=\u001b[32m\"24\"\u001b[39m\n                            \u001b[33mstroke\u001b[39m=\u001b[32m\"currentColor\"\u001b[39m\n                            \u001b[33mstroke-linecap\u001b[39m=\u001b[32m\"round\"\u001b[39m\n                            \u001b[33mstroke-linejoin\u001b[39m=\u001b[32m\"round\"\u001b[39m\n                            \u001b[33mstroke-width\u001b[39m=\u001b[32m\"2\"\u001b[39m\n                            \u001b[33mviewBox\u001b[39m=\u001b[32m\"0 0 24 24\"\u001b[39m\n                            \u001b[33mwidth\u001b[39m=\u001b[32m\"24\"\u001b[39m\n                            \u001b[33mxmlns\u001b[39m=\u001b[32m\"http://www.w3.org/2000/svg\"\u001b[39m\n                          \u001b[36m>\u001b[39m\n                            \u001b[36m<path\u001b[39m\n                              \u001b[33md\u001b[39m=\u001b[32m\"m21 21-4.34-4.34\"\u001b[39m\n                            \u001b[36m/>\u001b[39m\n                            \u001b[36m<circle\u001b[39m\n                              \u001b[33mcx\u001b[39m=\u001b[32m\"11\"\u001b[39m\n                              \u001b[33mcy\u001b[39m=\u001b[32m\"11\"\u001b[39m\n                              \u001b[33mr\u001b[39m=\u001b[32m\"8\"\u001b[39m\n                            \u001b[36m/>\u001b[39m\n                          \u001b[36m</svg>\u001b[39m\n                          \u001b[36m<span\u001b[39m\n                            \u001b[33mclass\u001b[39m=\u001b[32m\"hidden md:inline\"\u001b[39m\n                          \u001b[36m>\u001b[39m\n                            \u001b[0mFind Jobs\u001b[0m\n                          \u001b[36m</span>\u001b[39m\n                        \u001b[36m</button>\u001b[39m\n                        \u001b[36m<button\u001b[39m\n                          \u001b[33mclass\u001b[39m=\u001b[32m\"hidden md:flex bg-white/10 backdrop-blur-sm border border-white/20 text-white font-semibold px-6 py-3 rounded-xl hover:bg-white/20 transition-all duration-200 items-center space-x-2\"\u001b[39m\n                        \u001b[36m>\u001b[39m\n                          \u001b[36m<svg\u001b[39m\n                            \u001b[33maria-hidden\u001b[39m=\u001b[32m\"true\"\u001b[39m\n                            \u001b[33mclass\u001b[39m=\u001b[32m\"lucide lucide-circle-play w-5 h-5\"\u001b[39m\n                            \u001b[33mfill\u001b[39m=\u001b[32m\"none\"\u001b[39m\n                            \u001b[33mheight\u001b[39m=\u001b[32m\"24\"\u001b[39m\n                            \u001b[33mstroke\u001b[39m=\u001b[32m\"currentColor\"\u001b[39m\n                            \u001b[33mstroke-linecap\u001b[39m=\u001b[32m\"round\"\u001b[39m\n                            \u001b[33mstroke-linejoin\u001b[39m=\u001b[32m\"round\"\u001b[39m\n                            \u001b[33mstroke-width\u001b[39m=\u001b[32m\"2\"\u001b[39m\n                            \u001b[33mviewBox\u001b[39m=\u001b[32m\"0 0 24 24\"\u001b[39m\n                            \u001b[33mwidth\u001b[39m=\u001b[32m\"24\"\u001b[39m\n                            \u001b[33mxmlns\u001b[39m=\u001b[32m\"http://www.w3.org/2000/svg\"\u001b[39m\n                          \u001b[36m>\u001b[39m\n                            \u001b[36m<circle\u001b[39m\n                              \u001b[33mcx\u001b[39m=\u001b[32m\"12\"\u001b[39m\n                              \u001b[33mcy\u001b[39m=\u001b[32m\"12\"\u001b[39m\n                              \u001b[33mr\u001b[39m=\u001b[32m\"10\"\u001b[39m\n                            \u001b[36m/>\u001b[39m\n                            \u001b[36m<polygon\u001b[39m\n                              \u001b[33mpoints\u001b[39m=\u001b[32m\"10 8 16 12 10 16 10 8\"\u001b[39m\n                            \u001b[36m/>\u001b[39m\n                          \u001b[36m</svg>\u001b[39m\n                          \u001b[36m<span>\u001b[39m\n                            \u001b[0mJob Wizard\u001b[0m\n                          \u001b[36m</span>\u001b[39m\n                        \u001b[36m</button>\u001b[39m\n                      \u001b[36m</div>\u001b[39m\n                    \u001b[36m</div>\u001b[39m\n                  \u001b[36m</div>\u001b[39m\n                \u001b[36m</div>\u001b[39m\n              \u001b[36m</div>\u001b[39m\n            \u001b[36m</div>\u001b[39m\n            \u001b[36m<section\u001b[39m\n              \u001b[33mclass\u001b[39m=\u001b[32m\"py-12 bg-black/20 backdrop-blur-sm\"\u001b[39m\n            \u001b[36m>\u001b[39m\n              \u001b[36m<div\u001b[39m\n                \u001b[33m...\n\u001b[2m\u001b[22m\n\u001b[2m    \u001b[0m \u001b[90m 526 |\u001b[39m       )\u001b[33m;\u001b[39m\u001b[22m\n\u001b[2m     \u001b[90m 527 |\u001b[39m       \u001b[22m\n\u001b[2m    \u001b[31m\u001b[1m>\u001b[22m\u001b[2m\u001b[39m\u001b[90m 528 |\u001b[39m       \u001b[36mawait\u001b[39m waitFor(() \u001b[33m=>\u001b[39m {\u001b[22m\n\u001b[2m     \u001b[90m     |\u001b[39m                    \u001b[31m\u001b[1m^\u001b[22m\u001b[2m\u001b[39m\u001b[22m\n\u001b[2m     \u001b[90m 529 |\u001b[39m         \u001b[90m// Should render main elements regardless of screen size\u001b[39m\u001b[22m\n\u001b[2m     \u001b[90m 530 |\u001b[39m         expect(screen\u001b[33m.\u001b[39mgetByText(\u001b[35m/Find Your Perfect/\u001b[39m))\u001b[33m.\u001b[39mtoBeInTheDocument()\u001b[33m;\u001b[39m\u001b[22m\n\u001b[2m     \u001b[90m 531 |\u001b[39m         expect(screen\u001b[33m.\u001b[39mgetByText(\u001b[32m'Start Your Job Search'\u001b[39m))\u001b[33m.\u001b[39mtoBeInTheDocument()\u001b[33m;\u001b[39m\u001b[0m\u001b[22m\n\u001b[2m\u001b[22m\n\u001b[2m      \u001b[2mat waitForWrapper (\u001b[22m\u001b[2mnode_modules/@testing-library/dom/dist/wait-for.js\u001b[2m:166:27)\u001b[22m\u001b[2m\u001b[22m\n\u001b[2m      \u001b[2mat Object.<anonymous> (\u001b[22m\u001b[2m\u001b[0m\u001b[36msrc/__tests__/pages/Home.test.tsx\u001b[39m\u001b[0m\u001b[2m:528:20)\u001b[22m\u001b[2m\u001b[22m\n","name":"/Users/sarperhorata/buzz2remote/frontend/src/__tests__/pages/Home.test.tsx","startTime":1751605329704,"status":"failed","summary":""}],"wasInterrupted":false}